PRISM
=====

Version: 4.6
Date: Sat May 14 16:08:50 IRDT 2022
Hostname: sadegh-H81M-S2PH
Memory limits: cudd=1g, java(heap)=910.5m
Command line: prism ../prism-examples/mdps/mer/mer2_2_full.nm ../prism-examples/mdps/mer/mer.pctl -s -prop 1 -const 'n=2000,x=.1' -noprob1 -mod3

Parsing model file "../prism-examples/mdps/mer/mer2_2_full.nm"...

Type:        MDP
Modules:     arbiter user1 user2 property loops 
Variables:   s r k commUser driveUser gc dc gd dd s1 r1 rescind1 s2 r2 rescind2 e u 

Parsing properties file "../prism-examples/mdps/mer/mer.pctl"...

2 properties:
(1) Pmax=? [ F "err_G" ]
(2) Pmax=? [ F<=K "err_G" ]

---------------------------------------------------------------------

Model checking: Pmax=? [ F "err_G" ]
Model constants: n=2000,x=0.1

Building model...
Model constants: n=2000,x=0.1

Computing reachable states...

Reachability (BFS): 20029 iterations in 105.38 seconds (average 0.005261, setup 0.00)

Time for model construction: 109.152 seconds.

Type:        MDP
States:      11815564 (1 initial)
Transitions: 46540354
Choices:     45370339

Transition matrix: 32351 nodes (6 terminal), 46540354 minterms, vars: 39r/39c/22nd

Prob0A: 14 iterations in 0.15 seconds (average 0.010857, setup 0.00)

yes = 7483422, no = 2190096, maybe = 2142046

Computing remaining probabilities...
Engine: Sparse

Building sparse matrix... [n=11815564, nc=5252148, nnz=5650145, k=5] [80.9 MB]
Creating vector for yes... [90.1 MB]
Allocating iteration vectors... [2 x 90.1 MB]
TOTAL: [351.4 MB]

Starting iterations...

Iterative method: 7 iterations in 5.30 seconds (average 0.105714, setup 4.56)

Value in the initial state: 0.2

Time for model checking: 5.723 seconds.

Result: 0.2 (value in the initial state)

