PRISM
=====

Version: 4.6
Date: Mon May 02 22:04:22 IRDT 2022
Hostname: sadegh-H81M-S2PH
Memory limits: cudd=1g, java(heap)=910.5m
Command line: prism ../prism-examples/mdps/wlan/wlan5.nm ../prism-examples/mdps/wlan/wlan.pctl -s -prop 2 -noprob1 -const 'k=5,TRANS_TIME_MAX=200' -mod3

Parsing model file "../prism-examples/mdps/wlan/wlan5.nm"...

Type:        MDP
Modules:     medium station1 station2 
Variables:   c1 c2 x1 s1 slot1 backoff1 bc1 x2 s2 slot2 backoff2 bc2 

Parsing properties file "../prism-examples/mdps/wlan/wlan.pctl"...

9 properties:
(1) P>=1 [ true U s1=12&s2=12 ]
(2) Pmax=? [ true U bc1=k|bc2=k ]
(3) R{"collisions"}max=? [ F s1=12&s2=12 ]
(4) R{"time"}max=? [ F s1=12&s2=12 ]
(5) R{"time"}max=? [ F s1=12|s2=12 ]
(6) R{"time"}max=? [ F s1=12 ]
(7) R{"cost"}max=? [ F s1=12&s2=12 ]
(8) R{"cost"}max=? [ F s1=12|s2=12 ]
(9) R{"cost"}max=? [ F s1=12 ]

---------------------------------------------------------------------

Model checking: Pmax=? [ true U bc1=k|bc2=k ]
Model constants: TRANS_TIME_MAX=200
Property constants: k=5

Building model...
Model constants: TRANS_TIME_MAX=200

Computing reachable states...

Reachability (BFS): 356 iterations in 2.39 seconds (average 0.006713, setup 0.00)

Time for model construction: 2.71 seconds.

Type:        MDP
States:      1593518 (1 initial)
Transitions: 3529980
Choices:     2246094

Transition matrix: 62847 nodes (7 terminal), 3529980 minterms, vars: 52r/52c/7nd

Prob0A: 399 iterations in 4.13 seconds (average 0.010353, setup 0.00)

yes = 1373992, no = 200567, maybe = 18959

Computing remaining probabilities...
Engine: Sparse

Building sparse matrix... [n=1593518, nc=32117, nnz=60331, k=3] [2.2 MB]
Creating vector for yes... [12.2 MB]
Allocating iteration vectors... [2 x 12.2 MB]
TOTAL: [38.7 MB]

Starting iterations...

Iterative method: 317 iterations in 0.69 seconds (average 0.001379, setup 0.26)

Value in the initial state: 1.8566655967333645E-5

Time for model checking: 4.891 seconds.

Result: 1.8566655967333645E-5 (value in the initial state)

