PRISM
=====

Version: 4.6
Date: Sun May 01 15:45:46 IRDT 2022
Hostname: sadegh-H81M-S2PH
Memory limits: cudd=1g, java(heap)=910.5m
Command line: prism ../prism-examples/mdps/zeroconf/zeroconf.nm ../prism-examples/mdps/zeroconf/zeroconf.pctl -prop 2 -const 'N=1500,K=14,reset=false,err=.1' -s

Parsing model file "../prism-examples/mdps/zeroconf/zeroconf.nm"...

Type:        MDP
Modules:     environment host0 
Variables:   b_ip7 b_ip6 b_ip5 b_ip4 b_ip3 b_ip2 b_ip1 b_ip0 n n0 n1 b z ip_mess x y coll probes mess defend ip l 

Parsing properties file "../prism-examples/mdps/zeroconf/zeroconf.pctl"...

4 properties:
(1) Pmin=? [ true U (l=4&ip=1) ]
(2) Pmax=? [ true U (l=4&ip=1) ]
(3) Rmin=? [ F l=4 ]
(4) Rmax=? [ F l=4 ]

---------------------------------------------------------------------

Model checking: Pmax=? [ true U (l=4&ip=1) ]
Model constants: reset=false,N=1500,K=14,err=0.1

Building model...
Model constants: reset=false,N=1500,K=14,err=0.1

Computing reachable states...

Reachability (BFS): 779 iterations in 150.69 seconds (average 0.193436, setup 0.00)

Time for model construction: 151.832 seconds.

Type:        MDP
States:      4427159 (1 initial)
Transitions: 10009768
Choices:     8157565

Transition matrix: 245227 nodes (6 terminal), 10009768 minterms, vars: 58r/58c/7nd

Prob0A: 156 iterations in 6.59 seconds (average 0.042244, setup 0.00)

Prob1E: 2665 iterations in 136.52 seconds (average 0.051229, setup 0.00)

yes = 171851, no = 1160964, maybe = 3094344

Computing remaining probabilities...
Engine: Sparse
1
Building sparse matrix... [n=4427159, nc=5737031, nnz=7064695, k=4] [90.5 MB]
Creating vector for yes... [33.8 MB]
Allocating iteration vectors... [2 x 33.8 MB]
TOTAL: [191.9 MB]

Starting iterations...
Iteration 107: max relative diff=1.000000, 5.02 sec so far
Iteration 212: max relative diff=0.001427, 10.05 sec so far
Iteration 317: max relative diff=0.000029, 15.07 sec so far

Iterative method: 346 iterations in 20.50 seconds (average 0.047546, setup 4.05)

Value in the initial state: 3.4149349352369763E-12

Time for model checking: 163.781 seconds.

Result: 3.4149349352369763E-12 (value in the initial state)

