PRISM
=====

Version: 4.6
Date: Sun May 01 15:59:19 IRDT 2022
Hostname: sadegh-H81M-S2PH
Memory limits: cudd=1g, java(heap)=910.5m
Command line: prism ../prism-examples/mdps/zeroconf/zeroconf.nm ../prism-examples/mdps/zeroconf/zeroconf.pctl -prop 1 -const 'N=1500,K=18,reset=false,err=.1' -s

Parsing model file "../prism-examples/mdps/zeroconf/zeroconf.nm"...

Type:        MDP
Modules:     environment host0 
Variables:   b_ip7 b_ip6 b_ip5 b_ip4 b_ip3 b_ip2 b_ip1 b_ip0 n n0 n1 b z ip_mess x y coll probes mess defend ip l 

Parsing properties file "../prism-examples/mdps/zeroconf/zeroconf.pctl"...

4 properties:
(1) Pmin=? [ true U (l=4&ip=1) ]
(2) Pmax=? [ true U (l=4&ip=1) ]
(3) Rmin=? [ F l=4 ]
(4) Rmax=? [ F l=4 ]

---------------------------------------------------------------------

Model checking: Pmin=? [ true U (l=4&ip=1) ]
Model constants: reset=false,N=1500,K=18,err=0.1

Building model...
Model constants: reset=false,N=1500,K=18,err=0.1

Computing reachable states...

Reachability (BFS): 1103 iterations in 224.38 seconds (average 0.203429, setup 0.00)

Time for model construction: 226.008 seconds.

Type:        MDP
States:      5477150 (1 initial)
Transitions: 12374708
Choices:     10095684

Transition matrix: 307471 nodes (6 terminal), 12374708 minterms, vars: 59r/59c/7nd

Prob0E: 174 iterations in 10.47 seconds (average 0.060201, setup 0.00)

Prob1A: 98 iterations in 8.56 seconds (average 0.087337, setup 0.00)

yes = 13776, no = 1240173, maybe = 4223201

Computing remaining probabilities...
Engine: Sparse
1
Building sparse matrix... [n=5477150, nc=7864765, nnz=9653982, k=4] [123.2 MB]
Creating vector for yes... [41.8 MB]
Allocating iteration vectors... [2 x 41.8 MB]
TOTAL: [248.6 MB]

Starting iterations...
Iteration 88: max relative diff=1.000000, 5.03 sec so far
Iteration 169: max relative diff=1.000000, 10.05 sec so far
Iteration 248: max relative diff=0.104168, 15.06 sec so far
Iteration 327: max relative diff=0.001397, 20.08 sec so far
Iteration 406: max relative diff=0.000082, 25.09 sec so far
Iteration 485: max relative diff=0.000016, 30.10 sec so far

Iterative method: 519 iterations in 37.77 seconds (average 0.062143, setup 5.51)

Value in the initial state: 4.671666588203628E-16

Time for model checking: 56.987 seconds.

Result: 4.671666588203628E-16 (value in the initial state)

