PRISM
=====

Version: 4.6
Date: Sun May 01 16:12:05 IRDT 2022
Hostname: sadegh-H81M-S2PH
Memory limits: cudd=1g, java(heap)=910.5m
Command line: prism ../prism-examples/mdps/zeroconf/zeroconf.nm ../prism-examples/mdps/zeroconf/zeroconf.pctl -prop 2 -const 'N=1500,K=18,reset=false,err=.1' -s

Parsing model file "../prism-examples/mdps/zeroconf/zeroconf.nm"...

Type:        MDP
Modules:     environment host0 
Variables:   b_ip7 b_ip6 b_ip5 b_ip4 b_ip3 b_ip2 b_ip1 b_ip0 n n0 n1 b z ip_mess x y coll probes mess defend ip l 

Parsing properties file "../prism-examples/mdps/zeroconf/zeroconf.pctl"...

4 properties:
(1) Pmin=? [ true U (l=4&ip=1) ]
(2) Pmax=? [ true U (l=4&ip=1) ]
(3) Rmin=? [ F l=4 ]
(4) Rmax=? [ F l=4 ]

---------------------------------------------------------------------

Model checking: Pmax=? [ true U (l=4&ip=1) ]
Model constants: reset=false,N=1500,K=18,err=0.1

Building model...
Model constants: reset=false,N=1500,K=18,err=0.1

Computing reachable states...

Reachability (BFS): 1103 iterations in 225.90 seconds (average 0.204801, setup 0.00)

Time for model construction: 227.558 seconds.

Type:        MDP
States:      5477150 (1 initial)
Transitions: 12374708
Choices:     10095684

Transition matrix: 307471 nodes (6 terminal), 12374708 minterms, vars: 59r/59c/7nd

Prob0A: 172 iterations in 8.51 seconds (average 0.049488, setup 0.00)

Prob1E: 2768 iterations in 149.39 seconds (average 0.053970, setup 0.00)

yes = 128427, no = 1240173, maybe = 4108550

Computing remaining probabilities...
Engine: Sparse
1
Building sparse matrix... [n=5477150, nc=7627234, nnz=9369848, k=4] [119.7 MB]
Creating vector for yes... [41.8 MB]
Allocating iteration vectors... [2 x 41.8 MB]
TOTAL: [245.1 MB]

Starting iterations...
Iteration 88: max relative diff=1.000000, 5.03 sec so far
Iteration 174: max relative diff=0.999995, 10.08 sec so far
Iteration 259: max relative diff=0.012900, 15.10 sec so far
Iteration 345: max relative diff=0.000028, 20.16 sec so far

Iterative method: 367 iterations in 26.82 seconds (average 0.058436, setup 5.38)

Value in the initial state: 4.450377119600965E-15

Time for model checking: 184.951 seconds.

Result: 4.450377119600965E-15 (value in the initial state)

