PRISM
=====

Version: 4.6
Date: Wed Mar 30 14:38:34 IRDT 2022
Hostname: ubuntu
Memory limits: cudd=1g, java(heap)=910.3m
Command line: prism ../prism-examples/mdps/firewire/abst/deadline.nm ../prism-examples/mdps/firewire/abst/deadline.pctl -s -const 'delay=4,deadline=1500,fast=.12'

Parsing model file "../prism-examples/mdps/firewire/abst/deadline.nm"...

Type:        MDP
Modules:     abstract_firewire 
Variables:   y x s 

Parsing properties file "../prism-examples/mdps/firewire/abst/deadline.pctl"...

1 property:
(1) Pmin=? [ true U (s=10) ]

---------------------------------------------------------------------

Model checking: Pmin=? [ true U (s=10) ]
Model constants: deadline=1500,delay=4,fast=0.12

Building model...
Model constants: deadline=1500,delay=4,fast=0.12

Computing reachable states...

Reachability (BFS): 1531 iterations in 6.24 seconds (average 0.004078, setup 0.00)

Time for model construction: 60.384 seconds.

Type:        MDP
States:      736548 (1 initial)
Transitions: 882397
Choices:     845047

Transition matrix: 11771 nodes (4 terminal), 882397 minterms, vars: 23r/23c/2nd

Prob0E: 344 iterations in 8.87 seconds (average 0.025791, setup 0.00)

Prob1A: 1189 iterations in 9.26 seconds (average 0.007791, setup 0.00)

yes = 371878, no = 94015, maybe = 270655

Computing remaining probabilities...
Engine: Sparse
1
Building sparse matrix... [n=736548, nc=340424, nnz=372674, k=3] [5.3 MB]
Creating vector for yes... [5.6 MB]
Allocating iteration vectors... [2 x 5.6 MB]
TOTAL: [22.2 MB]

Starting iterations...
Iteration 41: max relative diff=1.000000, 5.00 sec so far
Iteration 96: max relative diff=1.000000, 10.05 sec so far
Iteration 173: max relative diff=1.000000, 15.06 sec so far
Iteration 266: max relative diff=0.432916, 20.11 sec so far
Iteration 360: max relative diff=0.248732, 25.14 sec so far
Iteration 455: max relative diff=0.248732, 30.16 sec so far
Iteration 549: max relative diff=0.160039, 35.18 sec so far
Iteration 644: max relative diff=0.160039, 40.23 sec so far
Iteration 738: max relative diff=0.109346, 45.26 sec so far
Iteration 831: max relative diff=0.109346, 50.26 sec so far
Iteration 924: max relative diff=0.077483, 55.32 sec so far
Iteration 1018: max relative diff=0.077483, 60.34 sec so far
Iteration 1112: max relative diff=0.056234, 65.36 sec so far
Iteration 1207: max relative diff=0.056234, 70.40 sec so far
Iteration 1301: max relative diff=0.041492, 75.41 sec so far

Iterative method: 1327 iterations in 77.40 seconds (average 0.057848, setup 0.63)

Value in the initial state: 0.8544727385618344

Time for model checking: 95.6 seconds.

Result: 0.8544727385618344 (value in the initial state)

