PRISM
=====

Version: 4.6
Date: Wed Mar 30 16:32:40 IRDT 2022
Hostname: ubuntu
Memory limits: cudd=1g, java(heap)=910.3m
Command line: prism ../prism-examples/mdps/firewire/abst/deadline.nm ../prism-examples/mdps/firewire/abst/deadline.pctl -s -const 'delay=24,deadline=3000,fast=.12'

Parsing model file "../prism-examples/mdps/firewire/abst/deadline.nm"...

Type:        MDP
Modules:     abstract_firewire 
Variables:   y x s 

Parsing properties file "../prism-examples/mdps/firewire/abst/deadline.pctl"...

1 property:
(1) Pmin=? [ true U (s=10) ]

---------------------------------------------------------------------

Model checking: Pmin=? [ true U (s=10) ]
Model constants: deadline=3000,delay=24,fast=0.12

Building model...
Model constants: deadline=3000,delay=24,fast=0.12

Computing reachable states...

Reachability (BFS): 3052 iterations in 7.02 seconds (average 0.002300, setup 0.00)

Time for model construction: 178.106 seconds.

Type:        MDP
States:      2045665 (1 initial)
Transitions: 3305725
Choices:     2876125

Transition matrix: 10821 nodes (4 terminal), 3305725 minterms, vars: 24r/24c/2nd

Prob0E: 364 iterations in 6.89 seconds (average 0.018923, setup 0.00)

Prob1A: 2690 iterations in 12.04 seconds (average 0.004476, setup 0.00)

yes = 931972, no = 117345, maybe = 996348

Computing remaining probabilities...
Engine: Sparse
1
Building sparse matrix... [n=2045665, nc=1605270, nnz=2007870, k=3] [26.5 MB]
Creating vector for yes... [15.6 MB]
Allocating iteration vectors... [2 x 15.6 MB]
TOTAL: [73.3 MB]

Starting iterations...
Iteration 13: max relative diff=1.000000, 5.47 sec so far
Iteration 29: max relative diff=1.000000, 10.62 sec so far
Iteration 46: max relative diff=1.000000, 15.63 sec so far
Iteration 69: max relative diff=1.000000, 20.82 sec so far
Iteration 93: max relative diff=1.000000, 25.96 sec so far
Iteration 122: max relative diff=1.000000, 30.99 sec so far
Iteration 158: max relative diff=1.000000, 36.08 sec so far
Iteration 205: max relative diff=0.607659, 41.10 sec so far
Iteration 262: max relative diff=0.432916, 46.14 sec so far
Iteration 321: max relative diff=0.432916, 51.18 sec so far
Iteration 371: max relative diff=0.432916, 56.19 sec so far
Iteration 427: max relative diff=0.248732, 61.21 sec so far
Iteration 478: max relative diff=0.248732, 66.30 sec so far
Iteration 529: max relative diff=0.248732, 71.34 sec so far
Iteration 585: max relative diff=0.196192, 76.44 sec so far
Iteration 640: max relative diff=0.160039, 81.55 sec so far
Iteration 692: max relative diff=0.160039, 86.56 sec so far
Iteration 742: max relative diff=0.160039, 91.62 sec so far
Iteration 795: max relative diff=0.130911, 96.63 sec so far
Iteration 848: max relative diff=0.109346, 101.76 sec so far
Iteration 909: max relative diff=0.109346, 106.81 sec so far
Iteration 967: max relative diff=0.109346, 111.82 sec so far
Iteration 1014: max relative diff=0.077483, 116.86 sec so far
Iteration 1068: max relative diff=0.077483, 121.98 sec so far
Iteration 1114: max relative diff=0.077483, 127.08 sec so far
Iteration 1168: max relative diff=0.065684, 132.13 sec so far
Iteration 1214: max relative diff=0.056234, 137.14 sec so far
Iteration 1264: max relative diff=0.056234, 142.19 sec so far
Iteration 1319: max relative diff=0.056234, 147.19 sec so far
Iteration 1373: max relative diff=0.048131, 152.21 sec so far
Iteration 1426: max relative diff=0.041492, 157.26 sec so far
Iteration 1475: max relative diff=0.041492, 162.30 sec so far
Iteration 1528: max relative diff=0.041492, 167.38 sec so far
Iteration 1580: max relative diff=0.030978, 172.39 sec so far
Iteration 1627: max relative diff=0.030978, 177.50 sec so far
Iteration 1678: max relative diff=0.030978, 182.51 sec so far
Iteration 1732: max relative diff=0.030978, 187.52 sec so far
Iteration 1785: max relative diff=0.023329, 192.59 sec so far
Iteration 1836: max relative diff=0.023329, 197.63 sec so far
Iteration 1889: max relative diff=0.023329, 202.64 sec so far
Iteration 1942: max relative diff=0.020279, 207.75 sec so far
Iteration 1990: max relative diff=0.017682, 212.78 sec so far
Iteration 2039: max relative diff=0.017682, 217.89 sec so far
Iteration 2088: max relative diff=0.017682, 222.96 sec so far
Iteration 2140: max relative diff=0.015413, 227.97 sec so far
Iteration 2191: max relative diff=0.013467, 233.00 sec so far
Iteration 2240: max relative diff=0.013467, 238.03 sec so far
Iteration 2290: max relative diff=0.013467, 243.17 sec so far
Iteration 2338: max relative diff=0.011764, 248.24 sec so far
Iteration 2393: max relative diff=0.010295, 253.25 sec so far
Iteration 2448: max relative diff=0.010295, 258.25 sec so far
Iteration 2499: max relative diff=0.010295, 263.28 sec so far
Iteration 2550: max relative diff=0.007892, 268.29 sec so far
Iteration 2601: max relative diff=0.007892, 273.37 sec so far
Iteration 2653: max relative diff=0.007892, 278.51 sec so far
Iteration 2704: max relative diff=0.007892, 283.53 sec so far
Iteration 2755: max relative diff=0.006064, 288.54 sec so far
Iteration 2810: max relative diff=0.006064, 293.55 sec so far

Iterative method: 2859 iterations in 300.51 seconds (average 0.104404, setup 2.02)

Value in the initial state: 0.9729754699691051

Time for model checking: 320.115 seconds.

Result: 0.9729754699691051 (value in the initial state)

