PRISM
=====

Version: 4.6
Date: Thu Apr 28 18:31:20 IRDT 2022
Hostname: sadegh-H81M-S2PH
Memory limits: cudd=1g, java(heap)=910.5m
Command line: prism ../prism-examples/mdps/firewire/abst/deadline.nm ../prism-examples/mdps/firewire/abst/deadline.pctl -s -const 'delay=4,deadline=2000,fast=.1'

Parsing model file "../prism-examples/mdps/firewire/abst/deadline.nm"...

Type:        MDP
Modules:     abstract_firewire 
Variables:   y x s 

Parsing properties file "../prism-examples/mdps/firewire/abst/deadline.pctl"...

1 property:
(1) Pmin=? [ true U (s=10) ]

---------------------------------------------------------------------

Model checking: Pmin=? [ true U (s=10) ]
Model constants: deadline=2000,delay=4,fast=0.1

Building model...
Model constants: deadline=2000,delay=4,fast=0.1

Computing reachable states...

Reachability (BFS): 2040 iterations in 2.00 seconds (average 0.000979, setup 0.00)

Time for model construction: 21.378 seconds.

Type:        MDP
States:      1044548 (1 initial)
Transitions: 1251897
Choices:     1199547

Transition matrix: 11778 nodes (4 terminal), 1251897 minterms, vars: 23r/23c/2nd

Prob0E: 344 iterations in 2.70 seconds (average 0.007840, setup 0.00)

Prob1A: 1698 iterations in 2.79 seconds (average 0.001641, setup 0.00)

yes = 540378, no = 94015, maybe = 410155

Computing remaining probabilities...
Engine: Sparse
1
Building sparse matrix... [n=1044548, nc=514424, nnz=561674, k=3] [7.9 MB]
Creating vector for yes... [8.0 MB]
Allocating iteration vectors... [2 x 8.0 MB]
TOTAL: [31.8 MB]

Starting iterations...
Iteration 785: max relative diff=0.123135, 5.00 sec so far
Iteration 1571: max relative diff=0.035352, 10.01 sec so far

Iterative method: 1849 iterations in 11.99 seconds (average 0.006370, setup 0.21)

Value in the initial state: 0.8898601797223997

Time for model checking: 17.526 seconds.

Result: 0.8898601797223997 (value in the initial state)

