PRISM
=====

Version: 4.6
Date: Thu Apr 28 18:30:02 IRDT 2022
Hostname: sadegh-H81M-S2PH
Memory limits: cudd=1g, java(heap)=910.5m
Command line: prism ../prism-examples/mdps/firewire/abst/deadline.nm ../prism-examples/mdps/firewire/abst/deadline.pctl -s -const 'delay=4,deadline=1500,fast=.1'

Parsing model file "../prism-examples/mdps/firewire/abst/deadline.nm"...

Type:        MDP
Modules:     abstract_firewire 
Variables:   y x s 

Parsing properties file "../prism-examples/mdps/firewire/abst/deadline.pctl"...

1 property:
(1) Pmin=? [ true U (s=10) ]

---------------------------------------------------------------------

Model checking: Pmin=? [ true U (s=10) ]
Model constants: deadline=1500,delay=4,fast=0.1

Building model...
Model constants: deadline=1500,delay=4,fast=0.1

Computing reachable states...

Reachability (BFS): 1531 iterations in 1.49 seconds (average 0.000975, setup 0.00)

Time for model construction: 12.379 seconds.

Type:        MDP
States:      736548 (1 initial)
Transitions: 882397
Choices:     845047

Transition matrix: 11771 nodes (4 terminal), 882397 minterms, vars: 23r/23c/2nd

Prob0E: 344 iterations in 2.67 seconds (average 0.007767, setup 0.00)

Prob1A: 1189 iterations in 2.19 seconds (average 0.001846, setup 0.00)

yes = 371878, no = 94015, maybe = 270655

Computing remaining probabilities...
Engine: Sparse
1
Building sparse matrix... [n=736548, nc=340424, nnz=372674, k=3] [5.3 MB]
Creating vector for yes... [5.6 MB]
Allocating iteration vectors... [2 x 5.6 MB]
TOTAL: [22.2 MB]

Starting iterations...
Iteration 1116: max relative diff=0.067718, 5.00 sec so far

Iterative method: 1327 iterations in 6.09 seconds (average 0.004479, setup 0.15)

Value in the initial state: 0.799030436606587

Time for model checking: 10.984 seconds.

Result: 0.799030436606587 (value in the initial state)

