PRISM
=====

Version: 4.6
Date: Thu Apr 28 18:35:15 IRDT 2022
Hostname: sadegh-H81M-S2PH
Memory limits: cudd=1g, java(heap)=910.5m
Command line: prism ../prism-examples/mdps/firewire/abst/deadline.nm ../prism-examples/mdps/firewire/abst/deadline.pctl -s -const 'delay=4,deadline=5000,fast=.1' -noprob1 -mod3

Parsing model file "../prism-examples/mdps/firewire/abst/deadline.nm"...

Type:        MDP
Modules:     abstract_firewire 
Variables:   y x s 

Parsing properties file "../prism-examples/mdps/firewire/abst/deadline.pctl"...

1 property:
(1) Pmin=? [ true U (s=10) ]

---------------------------------------------------------------------

Model checking: Pmin=? [ true U (s=10) ]
Model constants: deadline=5000,delay=4,fast=0.1

Building model...
Model constants: deadline=5000,delay=4,fast=0.1

Computing reachable states...

Reachability (BFS): 5094 iterations in 5.00 seconds (average 0.000983, setup 0.00)

Time for model construction: 126.565 seconds.

Type:        MDP
States:      2892548 (1 initial)
Transitions: 3468897
Choices:     3326547

Transition matrix: 11830 nodes (4 terminal), 3468897 minterms, vars: 25r/25c/2nd

Prob0E: 344 iterations in 2.78 seconds (average 0.008090, setup 0.00)

yes = 1, no = 94015, maybe = 2798532

Computing remaining probabilities...
Engine: Sparse

Building sparse matrix... [n=2892548, nc=3220273, nnz=3357523, k=3] [44.3 MB]
Creating vector for yes... [22.1 MB]
Allocating iteration vectors... [2 x 22.1 MB]
TOTAL: [110.5 MB]

Starting iterations...

Iterative method: 6 iterations in 0.94 seconds (average 0.037667, setup 0.71)

Value in the initial state: 1.0

Time for model checking: 3.801 seconds.

Result: 1.0 (value in the initial state)

