PRISM
=====

Version: 4.6
Date: Thu Apr 28 18:30:26 IRDT 2022
Hostname: sadegh-H81M-S2PH
Memory limits: cudd=1g, java(heap)=910.5m
Command line: prism ../prism-examples/mdps/firewire/abst/deadline.nm ../prism-examples/mdps/firewire/abst/deadline.pctl -s -const 'delay=4,deadline=2000,fast=.1' -noprob1 -mod3

Parsing model file "../prism-examples/mdps/firewire/abst/deadline.nm"...

Type:        MDP
Modules:     abstract_firewire 
Variables:   y x s 

Parsing properties file "../prism-examples/mdps/firewire/abst/deadline.pctl"...

1 property:
(1) Pmin=? [ true U (s=10) ]

---------------------------------------------------------------------

Model checking: Pmin=? [ true U (s=10) ]
Model constants: deadline=2000,delay=4,fast=0.1

Building model...
Model constants: deadline=2000,delay=4,fast=0.1

Computing reachable states...

Reachability (BFS): 2040 iterations in 2.01 seconds (average 0.000987, setup 0.00)

Time for model construction: 21.279 seconds.

Type:        MDP
States:      1044548 (1 initial)
Transitions: 1251897
Choices:     1199547

Transition matrix: 11778 nodes (4 terminal), 1251897 minterms, vars: 23r/23c/2nd

Prob0E: 344 iterations in 2.75 seconds (average 0.007994, setup 0.00)

yes = 1, no = 94015, maybe = 950532

Computing remaining probabilities...
Engine: Sparse

Building sparse matrix... [n=1044548, nc=1093273, nnz=1140523, k=3] [15.1 MB]
Creating vector for yes... [8.0 MB]
Allocating iteration vectors... [2 x 8.0 MB]
TOTAL: [39.0 MB]

Starting iterations...

Iterative method: 6 iterations in 0.35 seconds (average 0.014167, setup 0.26)

Value in the initial state: 1.0

Time for model checking: 3.145 seconds.

Result: 1.0 (value in the initial state)

