PRISM
=====

Version: 4.6
Date: Thu Apr 28 20:05:01 IRDT 2022
Hostname: sadegh-H81M-S2PH
Memory limits: cudd=1g, java(heap)=910.5m
Command line: prism ../prism-examples/mdps/firewire/abst/deadline.nm ../prism-examples/mdps/firewire/abst/deadline.pctl -s -const 'delay=24,deadline=10000,fast=.1' -noprob1 -mod3

Parsing model file "../prism-examples/mdps/firewire/abst/deadline.nm"...

Type:        MDP
Modules:     abstract_firewire 
Variables:   y x s 

Parsing properties file "../prism-examples/mdps/firewire/abst/deadline.pctl"...

1 property:
(1) Pmin=? [ true U (s=10) ]

---------------------------------------------------------------------

Model checking: Pmin=? [ true U (s=10) ]
Model constants: deadline=10000,delay=24,fast=0.1

Building model...
Model constants: deadline=10000,delay=24,fast=0.1

Computing reachable states...

Reachability (BFS): 10163 iterations in 7.36 seconds (average 0.000724, setup 0.00)

Time for model construction: 479.291 seconds.

Type:        MDP
States:      7057665 (1 initial)
Transitions: 11418725
Choices:     9939125

Transition matrix: 10875 nodes (4 terminal), 11418725 minterms, vars: 26r/26c/2nd

Prob0E: 364 iterations in 2.41 seconds (average 0.006613, setup 0.00)

yes = 1, no = 117345, maybe = 6940319

Computing remaining probabilities...
Engine: Sparse

Building sparse matrix... [n=7057665, nc=9777201, nnz=11229801, k=3] [144.6 MB]
Creating vector for yes... [53.8 MB]
Allocating iteration vectors... [2 x 53.8 MB]
TOTAL: [306.1 MB]

Starting iterations...

Iterative method: 10 iterations in 2.78 seconds (average 0.065300, setup 2.12)

Value in the initial state: 1.0

Time for model checking: 5.289 seconds.

Result: 1.0 (value in the initial state)

