PRISM
=====

Version: 4.6
Date: Thu Apr 28 19:33:31 IRDT 2022
Hostname: sadegh-H81M-S2PH
Memory limits: cudd=1g, java(heap)=910.5m
Command line: prism ../prism-examples/mdps/firewire/abst/deadline.nm ../prism-examples/mdps/firewire/abst/deadline.pctl -s -const 'delay=24,deadline=1500,fast=.1' -noprob1 -mod3

Parsing model file "../prism-examples/mdps/firewire/abst/deadline.nm"...

Type:        MDP
Modules:     abstract_firewire 
Variables:   y x s 

Parsing properties file "../prism-examples/mdps/firewire/abst/deadline.pctl"...

1 property:
(1) Pmin=? [ true U (s=10) ]

---------------------------------------------------------------------

Model checking: Pmin=? [ true U (s=10) ]
Model constants: deadline=1500,delay=24,fast=0.1

Building model...
Model constants: deadline=1500,delay=24,fast=0.1

Computing reachable states...

Reachability (BFS): 1528 iterations in 0.98 seconds (average 0.000639, setup 0.00)

Time for model construction: 11.389 seconds.

Type:        MDP
States:      971665 (1 initial)
Transitions: 1567225
Choices:     1362625

Transition matrix: 10794 nodes (4 terminal), 1567225 minterms, vars: 23r/23c/2nd

Prob0E: 364 iterations in 1.86 seconds (average 0.005113, setup 0.00)

yes = 1, no = 117345, maybe = 854319

Computing remaining probabilities...
Engine: Sparse

Building sparse matrix... [n=971665, nc=1200701, nnz=1378301, k=3] [17.8 MB]
Creating vector for yes... [7.4 MB]
Allocating iteration vectors... [2 x 7.4 MB]
TOTAL: [40.1 MB]

Starting iterations...

Iterative method: 10 iterations in 0.39 seconds (average 0.008800, setup 0.30)

Value in the initial state: 1.0

Time for model checking: 2.273 seconds.

Result: 1.0 (value in the initial state)

