PRISM
=====

Version: 4.6
Date: Thu Apr 28 19:01:29 IRDT 2022
Hostname: sadegh-H81M-S2PH
Memory limits: cudd=1g, java(heap)=910.5m
Command line: prism ../prism-examples/mdps/firewire/abst/deadline.nm ../prism-examples/mdps/firewire/abst/deadline.pctl -s -const 'delay=4,deadline=10000,fast=.1' -noprob1 -mod3

Parsing model file "../prism-examples/mdps/firewire/abst/deadline.nm"...

Type:        MDP
Modules:     abstract_firewire 
Variables:   y x s 

Parsing properties file "../prism-examples/mdps/firewire/abst/deadline.pctl"...

1 property:
(1) Pmin=? [ true U (s=10) ]

---------------------------------------------------------------------

Model checking: Pmin=? [ true U (s=10) ]
Model constants: deadline=10000,delay=4,fast=0.1

Building model...
Model constants: deadline=10000,delay=4,fast=0.1

Computing reachable states...

Reachability (BFS): 10181 iterations in 10.37 seconds (average 0.001018, setup 0.00)

Time for model construction: 503.444 seconds.

Type:        MDP
States:      5972548 (1 initial)
Transitions: 7163897
Choices:     6871547

Transition matrix: 11857 nodes (4 terminal), 7163897 minterms, vars: 26r/26c/2nd

Prob0E: 344 iterations in 2.94 seconds (average 0.008552, setup 0.00)

yes = 1, no = 94015, maybe = 5878532

Computing remaining probabilities...
Engine: Sparse

Building sparse matrix... [n=5972548, nc=6765273, nnz=7052523, k=3] [92.9 MB]
Creating vector for yes... [45.6 MB]
Allocating iteration vectors... [2 x 45.6 MB]
TOTAL: [229.6 MB]

Starting iterations...

Iterative method: 6 iterations in 1.97 seconds (average 0.079000, setup 1.49)

Value in the initial state: 1.0

Time for model checking: 4.998 seconds.

Result: 1.0 (value in the initial state)

