PRISM
=====

Version: 4.6
Date: Thu Apr 28 19:34:23 IRDT 2022
Hostname: sadegh-H81M-S2PH
Memory limits: cudd=1g, java(heap)=910.5m
Command line: prism ../prism-examples/mdps/firewire/abst/deadline.nm ../prism-examples/mdps/firewire/abst/deadline.pctl -s -const 'delay=24,deadline=2000,fast=.1' -noprob1 -mod3

Parsing model file "../prism-examples/mdps/firewire/abst/deadline.nm"...

Type:        MDP
Modules:     abstract_firewire 
Variables:   y x s 

Parsing properties file "../prism-examples/mdps/firewire/abst/deadline.pctl"...

1 property:
(1) Pmin=? [ true U (s=10) ]

---------------------------------------------------------------------

Model checking: Pmin=? [ true U (s=10) ]
Model constants: deadline=2000,delay=24,fast=0.1

Building model...
Model constants: deadline=2000,delay=24,fast=0.1

Computing reachable states...

Reachability (BFS): 2037 iterations in 1.34 seconds (average 0.000659, setup 0.00)

Time for model construction: 20.088 seconds.

Type:        MDP
States:      1329665 (1 initial)
Transitions: 2146725
Choices:     1867125

Transition matrix: 10798 nodes (4 terminal), 2146725 minterms, vars: 23r/23c/2nd

Prob0E: 364 iterations in 1.85 seconds (average 0.005077, setup 0.00)

yes = 1, no = 117345, maybe = 1212319

Computing remaining probabilities...
Engine: Sparse

Building sparse matrix... [n=1329665, nc=1705201, nnz=1957801, k=3] [25.3 MB]
Creating vector for yes... [10.1 MB]
Allocating iteration vectors... [2 x 10.1 MB]
TOTAL: [55.7 MB]

Starting iterations...

Iterative method: 10 iterations in 0.48 seconds (average 0.011000, setup 0.37)

Value in the initial state: 1.0

Time for model checking: 2.371 seconds.

Result: 1.0 (value in the initial state)

