PRISM
=====

Version: 4.6
Date: Thu Apr 28 18:43:58 IRDT 2022
Hostname: sadegh-H81M-S2PH
Memory limits: cudd=1g, java(heap)=910.5m
Command line: prism ../prism-examples/mdps/firewire/abst/deadline.nm ../prism-examples/mdps/firewire/abst/deadline.pctl -s -const 'delay=4,deadline=7500,fast=.1' -noprob1 -mod3

Parsing model file "../prism-examples/mdps/firewire/abst/deadline.nm"...

Type:        MDP
Modules:     abstract_firewire 
Variables:   y x s 

Parsing properties file "../prism-examples/mdps/firewire/abst/deadline.pctl"...

1 property:
(1) Pmin=? [ true U (s=10) ]

---------------------------------------------------------------------

Model checking: Pmin=? [ true U (s=10) ]
Model constants: deadline=7500,delay=4,fast=0.1

Building model...
Model constants: deadline=7500,delay=4,fast=0.1

Computing reachable states...

Reachability (BFS): 7636 iterations in 6.88 seconds (average 0.000900, setup 0.00)

Time for model construction: 273.181 seconds.

Type:        MDP
States:      4432548 (1 initial)
Transitions: 5316397
Choices:     5099047

Transition matrix: 11834 nodes (4 terminal), 5316397 minterms, vars: 25r/25c/2nd

Prob0E: 344 iterations in 2.79 seconds (average 0.008099, setup 0.00)

yes = 1, no = 94015, maybe = 4338532

Computing remaining probabilities...
Engine: Sparse

Building sparse matrix... [n=4432548, nc=4992773, nnz=5205023, k=3] [68.6 MB]
Creating vector for yes... [33.8 MB]
Allocating iteration vectors... [2 x 33.8 MB]
TOTAL: [170.0 MB]

Starting iterations...

Iterative method: 6 iterations in 1.46 seconds (average 0.058500, setup 1.11)

Value in the initial state: 1.0

Time for model checking: 4.326 seconds.

Result: 1.0 (value in the initial state)

