PRISM
=====

Version: 4.6
Date: Thu Apr 28 19:47:11 IRDT 2022
Hostname: sadegh-H81M-S2PH
Memory limits: cudd=1g, java(heap)=910.5m
Command line: prism ../prism-examples/mdps/firewire/abst/deadline.nm ../prism-examples/mdps/firewire/abst/deadline.pctl -s -const 'delay=24,deadline=7500,fast=.1' -noprob1 -mod3

Parsing model file "../prism-examples/mdps/firewire/abst/deadline.nm"...

Type:        MDP
Modules:     abstract_firewire 
Variables:   y x s 

Parsing properties file "../prism-examples/mdps/firewire/abst/deadline.pctl"...

1 property:
(1) Pmin=? [ true U (s=10) ]

---------------------------------------------------------------------

Model checking: Pmin=? [ true U (s=10) ]
Model constants: deadline=7500,delay=24,fast=0.1

Building model...
Model constants: deadline=7500,delay=24,fast=0.1

Computing reachable states...

Reachability (BFS): 7624 iterations in 4.86 seconds (average 0.000637, setup 0.00)

Time for model construction: 256.439 seconds.

Type:        MDP
States:      5267665 (1 initial)
Transitions: 8521225
Choices:     7416625

Transition matrix: 10852 nodes (4 terminal), 8521225 minterms, vars: 25r/25c/2nd

Prob0E: 364 iterations in 1.94 seconds (average 0.005327, setup 0.00)

yes = 1, no = 117345, maybe = 5150319

Computing remaining probabilities...
Engine: Sparse

Building sparse matrix... [n=5267665, nc=7254701, nnz=8332301, k=3] [107.3 MB]
Creating vector for yes... [40.2 MB]
Allocating iteration vectors... [2 x 40.2 MB]
TOTAL: [227.9 MB]

Starting iterations...

Iterative method: 10 iterations in 2.04 seconds (average 0.048200, setup 1.56)

Value in the initial state: 1.0

Time for model checking: 4.063 seconds.

Result: 1.0 (value in the initial state)

