PRISM
=====

Version: 4.6
Date: Sun May 01 15:15:06 IRDT 2022
Hostname: sadegh-H81M-S2PH
Memory limits: cudd=1g, java(heap)=910.5m
Command line: prism ../prism-examples/mdps/zeroconf/zeroconf.nm ../prism-examples/mdps/zeroconf/zeroconf.pctl -prop 1 -const 'N=1500,K=6,reset=false,err=.1' -s -noprob1 -mod3

Parsing model file "../prism-examples/mdps/zeroconf/zeroconf.nm"...

Type:        MDP
Modules:     environment host0 
Variables:   b_ip7 b_ip6 b_ip5 b_ip4 b_ip3 b_ip2 b_ip1 b_ip0 n n0 n1 b z ip_mess x y coll probes mess defend ip l 

Parsing properties file "../prism-examples/mdps/zeroconf/zeroconf.pctl"...

4 properties:
(1) Pmin=? [ true U (l=4&ip=1) ]
(2) Pmax=? [ true U (l=4&ip=1) ]
(3) Rmin=? [ F l=4 ]
(4) Rmax=? [ F l=4 ]

---------------------------------------------------------------------

Model checking: Pmin=? [ true U (l=4&ip=1) ]
Model constants: reset=false,N=1500,K=6,err=0.1

Building model...
Model constants: reset=false,N=1500,K=6,err=0.1

Computing reachable states...

Reachability (BFS): 449 iterations in 26.10 seconds (average 0.058138, setup 0.00)

Time for model construction: 26.692 seconds.

Type:        MDP
States:      798471 (1 initial)
Transitions: 1833673
Choices:     1478204

Transition matrix: 97507 nodes (6 terminal), 1833673 minterms, vars: 57r/57c/7nd

Prob0E: 123 iterations in 2.79 seconds (average 0.022707, setup 0.00)

yes = 11544, no = 236035, maybe = 550892

Computing remaining probabilities...
Engine: Sparse

Building sparse matrix... [n=798471, nc=1034218, nnz=1289709, k=4] [16.5 MB]
Creating vector for yes... [6.1 MB]
Allocating iteration vectors... [2 x 6.1 MB]
TOTAL: [34.8 MB]

Starting iterations...

Iterative method: 525 iterations in 1.53 seconds (average 0.001044, setup 0.98)

Value in the initial state: 2.110709850598857E-7

Time for model checking: 4.377 seconds.

Result: 2.110709850598857E-7 (value in the initial state)

