PRISM
=====

Version: 4.6
Date: Sun May 01 15:40:09 IRDT 2022
Hostname: sadegh-H81M-S2PH
Memory limits: cudd=1g, java(heap)=910.5m
Command line: prism ../prism-examples/mdps/zeroconf/zeroconf.nm ../prism-examples/mdps/zeroconf/zeroconf.pctl -prop 2 -const 'N=1500,K=14,reset=false,err=.1' -s -noprob1 -mod3

Parsing model file "../prism-examples/mdps/zeroconf/zeroconf.nm"...

Type:        MDP
Modules:     environment host0 
Variables:   b_ip7 b_ip6 b_ip5 b_ip4 b_ip3 b_ip2 b_ip1 b_ip0 n n0 n1 b z ip_mess x y coll probes mess defend ip l 

Parsing properties file "../prism-examples/mdps/zeroconf/zeroconf.pctl"...

4 properties:
(1) Pmin=? [ true U (l=4&ip=1) ]
(2) Pmax=? [ true U (l=4&ip=1) ]
(3) Rmin=? [ F l=4 ]
(4) Rmax=? [ F l=4 ]

---------------------------------------------------------------------

Model checking: Pmax=? [ true U (l=4&ip=1) ]
Model constants: reset=false,N=1500,K=14,err=0.1

Building model...
Model constants: reset=false,N=1500,K=14,err=0.1

Computing reachable states...

Reachability (BFS): 779 iterations in 153.49 seconds (average 0.197037, setup 0.00)

Time for model construction: 154.891 seconds.

Type:        MDP
States:      4427159 (1 initial)
Transitions: 10009768
Choices:     8157565

Transition matrix: 245227 nodes (6 terminal), 10009768 minterms, vars: 58r/58c/7nd

Prob0A: 156 iterations in 6.72 seconds (average 0.043051, setup 0.00)

yes = 17324, no = 1160964, maybe = 3248871

Computing remaining probabilities...
Engine: Sparse

Building sparse matrix... [n=4427159, nc=6057612, nnz=7447933, k=4] [95.2 MB]
Creating vector for yes... [33.8 MB]
Allocating iteration vectors... [2 x 33.8 MB]
TOTAL: [196.6 MB]

Starting iterations...

Iterative method: 328 iterations in 5.93 seconds (average 0.004765, setup 4.37)

Value in the initial state: 1.7169008974401971E-12

Time for model checking: 12.835 seconds.

Result: 1.7169008974401971E-12 (value in the initial state)

