PRISM
=====

Version: 4.6
Date: Mon May 02 11:20:31 IRDT 2022
Hostname: sadegh-H81M-S2PH
Memory limits: cudd=1g, java(heap)=910.5m
Command line: prism ../prism-examples/mdps/consensus/coin4.nm ../prism-examples/mdps/consensus/coin.pctl -noprob1 -maxiters 9000500 -s -prop 4 -const K=100 -mod4

Parsing model file "../prism-examples/mdps/consensus/coin4.nm"...

Type:        MDP
Modules:     process1 process2 process3 process4 
Variables:   counter pc1 coin1 pc2 coin2 pc3 coin3 pc4 coin4 

Parsing properties file "../prism-examples/mdps/consensus/coin.pctl"...

8 properties:
(1) P>=1 [ F "finished" ]
(2) Pmin=? [ F "finished"&"all_coins_equal_0" ]
(3) Pmin=? [ F "finished"&"all_coins_equal_1" ]
(4) Pmax=? [ F "finished"&!"agree" ]
(5) Pmin=? [ F<=k "finished" ]
(6) Pmax=? [ F<=k "finished" ]
(7) R{"steps"}min=? [ F "finished" ]
(8) R{"steps"}max=? [ F "finished" ]

---------------------------------------------------------------------

Model checking: Pmax=? [ F "finished"&!"agree" ]
Model constants: K=100

Building model...
Model constants: K=100

Computing reachable states...

Reachability (BFS): 4803 iterations in 0.49 seconds (average 0.000103, setup 0.00)

Time for model construction: 1.626 seconds.

Type:        MDP
States:      1026176 (1 initial)
Transitions: 3462112
Choices:     2770048

Transition matrix: 2532 nodes (3 terminal), 3462112 minterms, vars: 22r/22c/4nd

Prob0A: 3605 iterations in 1.68 seconds (average 0.000467, setup 0.00)

yes = 56, no = 910, maybe = 1025210

Computing remaining probabilities...
Engine: Sparse

Building sparse matrix... [n=1026176, nc=2767624, nnz=3459464, k=4] [43.2 MB]
Creating vector for yes... [7.8 MB]
Allocating iteration vectors... [2 x 7.8 MB]
TOTAL: [66.7 MB]

Starting iterations...
Number of approximated usefull states: 244343 Iteration 906: max relative diff=1.000000, 5.00 sec so far
Iteration 1794: max relative diff=1.000000, 10.00 sec so far
Iteration 2653: max relative diff=0.499613, 15.01 sec so far
Iteration 3543: max relative diff=0.271856, 20.01 sec so far
Iteration 4432: max relative diff=0.170665, 25.02 sec so far
Iteration 5300: max relative diff=0.117908, 30.02 sec so far
Iteration 6185: max relative diff=0.085746, 35.03 sec so far
Iteration 7055: max relative diff=0.065400, 40.03 sec so far
Iteration 7925: max relative diff=0.051490, 45.03 sec so far
Iteration 8806: max relative diff=0.041483, 50.03 sec so far
Iteration 9668: max relative diff=0.034237, 55.04 sec so far
Iteration 10554: max relative diff=0.028599, 60.05 sec so far
Iteration 11444: max relative diff=0.024217, 65.05 sec so far
Iteration 12304: max relative diff=0.020875, 70.05 sec so far
Iteration 13181: max relative diff=0.018119, 75.06 sec so far
Iteration 14045: max relative diff=0.015903, 80.06 sec so far
Iteration 14909: max relative diff=0.014067, 85.06 sec so far
Iteration 15786: max relative diff=0.012504, 90.06 sec so far
Iteration 16643: max relative diff=0.011217, 95.07 sec so far
Iteration 17516: max relative diff=0.010094, 100.07 sec so far
Iteration 18372: max relative diff=0.009150, 105.07 sec so far
Iteration 19229: max relative diff=0.008328, 110.08 sec so far
Iteration 20105: max relative diff=0.007597, 115.08 sec so far
Iteration 20910: max relative diff=0.007004, 120.09 sec so far
Iteration 21676: max relative diff=0.006503, 125.09 sec so far
Iteration 22514: max relative diff=0.006012, 130.09 sec so far
Iteration 23395: max relative diff=0.005552, 135.09 sec so far
Iteration 24274: max relative diff=0.005144, 140.10 sec so far
Iteration 25156: max relative diff=0.004778, 145.10 sec so far
Iteration 26037: max relative diff=0.004448, 150.11 sec so far
Iteration 26917: max relative diff=0.004151, 155.11 sec so far
Iteration 27797: max relative diff=0.003883, 160.11 sec so far
Iteration 28660: max relative diff=0.003644, 165.12 sec so far
Iteration 29415: max relative diff=0.003452, 170.12 sec so far
Iteration 30218: max relative diff=0.003263, 175.12 sec so far
Iteration 31077: max relative diff=0.003078, 180.13 sec so far
Iteration 31956: max relative diff=0.002904, 185.13 sec so far
Iteration 32837: max relative diff=0.002744, 190.14 sec so far
Iteration 33719: max relative diff=0.002596, 195.14 sec so far
Iteration 34601: max relative diff=0.002460, 200.14 sec so far
Iteration 35463: max relative diff=0.002336, 205.14 sec so far
Iteration 36335: max relative diff=0.002220, 210.15 sec so far
Iteration 37189: max relative diff=0.002115, 215.15 sec so far
Iteration 38057: max relative diff=0.002015, 220.15 sec so far
Iteration 38924: max relative diff=0.001922, 225.16 sec so far
Iteration 39780: max relative diff=0.001836, 230.16 sec so far
Iteration 40654: max relative diff=0.001754, 235.16 sec so far
Iteration 41517: max relative diff=0.001678, 240.17 sec so far
Iteration 42379: max relative diff=0.001607, 245.17 sec so far
Iteration 43253: max relative diff=0.001539, 250.18 sec so far
Iteration 44109: max relative diff=0.001477, 255.18 sec so far
Iteration 44991: max relative diff=0.001416, 260.18 sec so far
Iteration 45872: max relative diff=0.001360, 265.18 sec so far
Iteration 46728: max relative diff=0.001307, 270.19 sec so far
Iteration 47603: max relative diff=0.001257, 275.19 sec so far
Iteration 48469: max relative diff=0.001210, 280.19 sec so far
Iteration 49309: max relative diff=0.001167, 285.20 sec so far
Iteration 50189: max relative diff=0.001124, 290.20 sec so far
Iteration 51048: max relative diff=0.001084, 295.20 sec so far
Iteration 51920: max relative diff=0.001046, 300.21 sec so far
Iteration 52794: max relative diff=0.001009, 305.21 sec so far
Iteration 53657: max relative diff=0.000975, 310.21 sec so far
Iteration 54538: max relative diff=0.000942, 315.21 sec so far
Iteration 55407: max relative diff=0.000911, 320.22 sec so far
Iteration 56275: max relative diff=0.000881, 325.22 sec so far
Iteration 57157: max relative diff=0.000852, 330.22 sec so far
Iteration 58017: max relative diff=0.000825, 335.23 sec so far
Iteration 58890: max relative diff=0.000800, 340.23 sec so far
Iteration 59764: max relative diff=0.000775, 345.23 sec so far
Iteration 60653: max relative diff=0.000751, 350.24 sec so far
Iteration 61541: max relative diff=0.000728, 355.24 sec so far
Iteration 62430: max relative diff=0.000706, 360.25 sec so far
Iteration 63297: max relative diff=0.000685, 365.25 sec so far
Iteration 64182: max relative diff=0.000665, 370.25 sec so far
Iteration 65043: max relative diff=0.000646, 375.26 sec so far
Iteration 65916: max relative diff=0.000628, 380.26 sec so far
Iteration 66788: max relative diff=0.000610, 385.27 sec so far
Iteration 67674: max relative diff=0.000593, 390.27 sec so far
Iteration 68562: max relative diff=0.000577, 395.27 sec so far
Iteration 69450: max relative diff=0.000561, 400.28 sec so far
Iteration 70318: max relative diff=0.000546, 405.28 sec so far
Iteration 71198: max relative diff=0.000532, 410.29 sec so far
Iteration 72059: max relative diff=0.000518, 415.29 sec so far
Iteration 72936: max relative diff=0.000505, 420.29 sec so far
Iteration 73811: max relative diff=0.000492, 425.30 sec so far
Iteration 74673: max relative diff=0.000480, 430.30 sec so far
Iteration 75554: max relative diff=0.000468, 435.30 sec so far
Iteration 76422: max relative diff=0.000456, 440.30 sec so far
Iteration 77289: max relative diff=0.000445, 445.31 sec so far
Iteration 78170: max relative diff=0.000434, 450.31 sec so far
Iteration 79031: max relative diff=0.000424, 455.32 sec so far
Iteration 79905: max relative diff=0.000414, 460.32 sec so far
Iteration 80764: max relative diff=0.000405, 465.32 sec so far
Iteration 81625: max relative diff=0.000395, 470.33 sec so far
Iteration 82504: max relative diff=0.000386, 475.33 sec so far
Iteration 83371: max relative diff=0.000378, 480.33 sec so far
Iteration 84240: max relative diff=0.000369, 485.34 sec so far
Iteration 85122: max relative diff=0.000361, 490.34 sec so far
Iteration 85984: max relative diff=0.000353, 495.34 sec so far
Iteration 86858: max relative diff=0.000345, 500.34 sec so far
Iteration 87732: max relative diff=0.000338, 505.34 sec so far
Iteration 88592: max relative diff=0.000331, 510.35 sec so far
Iteration 89346: max relative diff=0.000324, 515.35 sec so far
Iteration 90170: max relative diff=0.000318, 520.35 sec so far
Iteration 91045: max relative diff=0.000311, 525.36 sec so far
Iteration 91933: max relative diff=0.000305, 530.36 sec so far
Iteration 92816: max relative diff=0.000298, 535.37 sec so far
Iteration 93685: max relative diff=0.000292, 540.37 sec so far
Iteration 94553: max relative diff=0.000287, 545.38 sec so far
Iteration 95317: max relative diff=0.000281, 550.38 sec so far
Iteration 96134: max relative diff=0.000276, 555.38 sec so far
Iteration 97003: max relative diff=0.000271, 560.38 sec so far
Iteration 97871: max relative diff=0.000266, 565.39 sec so far
Iteration 98756: max relative diff=0.000260, 570.39 sec so far
Iteration 99621: max relative diff=0.000255, 575.40 sec so far
Iteration 100509: max relative diff=0.000250, 580.40 sec so far
Iteration 101397: max relative diff=0.000246, 585.40 sec so far
Iteration 102259: max relative diff=0.000241, 590.41 sec so far
Iteration 103015: max relative diff=0.000237, 595.41 sec so far
Iteration 103844: max relative diff=0.000233, 600.42 sec so far
Iteration 104722: max relative diff=0.000229, 605.42 sec so far
Iteration 105588: max relative diff=0.000224, 610.42 sec so far
Iteration 106471: max relative diff=0.000220, 615.43 sec so far
Iteration 107341: max relative diff=0.000216, 620.43 sec so far
Iteration 108211: max relative diff=0.000213, 625.44 sec so far
Iteration 109095: max relative diff=0.000209, 630.44 sec so far
Iteration 109984: max relative diff=0.000205, 635.45 sec so far
Iteration 110860: max relative diff=0.000201, 640.45 sec so far
Iteration 111724: max relative diff=0.000198, 645.45 sec so far
Iteration 112588: max relative diff=0.000195, 650.46 sec so far
Iteration 113469: max relative diff=0.000191, 655.46 sec so far
Iteration 114339: max relative diff=0.000188, 660.46 sec so far
Iteration 115207: max relative diff=0.000185, 665.46 sec so far
Iteration 116089: max relative diff=0.000182, 670.47 sec so far
Iteration 116952: max relative diff=0.000179, 675.47 sec so far
Iteration 117841: max relative diff=0.000176, 680.48 sec so far
Iteration 118729: max relative diff=0.000173, 685.48 sec so far
Iteration 119618: max relative diff=0.000170, 690.48 sec so far
Iteration 120500: max relative diff=0.000167, 695.49 sec so far
Iteration 121371: max relative diff=0.000164, 700.49 sec so far
Iteration 122239: max relative diff=0.000162, 705.49 sec so far
Iteration 123121: max relative diff=0.000159, 710.50 sec so far
Iteration 123951: max relative diff=0.000157, 715.50 sec so far
Iteration 124721: max relative diff=0.000155, 720.50 sec so far
Iteration 125559: max relative diff=0.000152, 725.51 sec so far
Iteration 126441: max relative diff=0.000150, 730.51 sec so far
Iteration 127306: max relative diff=0.000148, 735.51 sec so far
Iteration 128184: max relative diff=0.000145, 740.52 sec so far
Iteration 129060: max relative diff=0.000143, 745.52 sec so far
Iteration 129948: max relative diff=0.000141, 750.53 sec so far
Iteration 130829: max relative diff=0.000139, 755.53 sec so far
Iteration 131700: max relative diff=0.000137, 760.54 sec so far
Iteration 132568: max relative diff=0.000135, 765.54 sec so far
Iteration 133330: max relative diff=0.000133, 770.54 sec so far
Iteration 134149: max relative diff=0.000131, 775.54 sec so far
Iteration 135020: max relative diff=0.000129, 780.55 sec so far
Iteration 135910: max relative diff=0.000127, 785.55 sec so far
Iteration 136799: max relative diff=0.000126, 790.55 sec so far
Iteration 137627: max relative diff=0.000124, 795.55 sec so far
Iteration 138397: max relative diff=0.000122, 800.56 sec so far
Iteration 139235: max relative diff=0.000121, 805.56 sec so far
Iteration 140122: max relative diff=0.000119, 810.57 sec so far
Iteration 140987: max relative diff=0.000117, 815.57 sec so far
Iteration 141863: max relative diff=0.000116, 820.57 sec so far
Iteration 142720: max relative diff=0.000114, 825.58 sec so far
Iteration 143574: max relative diff=0.000112, 830.58 sec so far
Iteration 144332: max relative diff=0.000111, 835.58 sec so far
Iteration 145162: max relative diff=0.000110, 840.59 sec so far
Iteration 146039: max relative diff=0.000108, 845.59 sec so far
Iteration 146927: max relative diff=0.000107, 850.60 sec so far
Iteration 147809: max relative diff=0.000105, 855.60 sec so far
Iteration 148682: max relative diff=0.000104, 860.61 sec so far
Iteration 149551: max relative diff=0.000102, 865.61 sec so far
Iteration 150436: max relative diff=0.000101, 870.61 sec so far
Iteration 151263: max relative diff=0.000100, 875.62 sec so far
Iteration 152034: max relative diff=0.000099, 880.62 sec so far
Iteration 152875: max relative diff=0.000097, 885.63 sec so far
Iteration 153760: max relative diff=0.000096, 890.63 sec so far
Iteration 154625: max relative diff=0.000095, 895.63 sec so far
Iteration 155499: max relative diff=0.000094, 900.64 sec so far
Iteration 156378: max relative diff=0.000092, 905.64 sec so far
Iteration 157232: max relative diff=0.000091, 910.64 sec so far
Iteration 157991: max relative diff=0.000090, 915.65 sec so far
Iteration 158820: max relative diff=0.000089, 920.65 sec so far
Iteration 159699: max relative diff=0.000088, 925.65 sec so far
Iteration 160564: max relative diff=0.000087, 930.66 sec so far
Iteration 161446: max relative diff=0.000086, 935.66 sec so far
Iteration 162320: max relative diff=0.000085, 940.67 sec so far
Iteration 163186: max relative diff=0.000084, 945.67 sec so far
Iteration 164070: max relative diff=0.000083, 950.67 sec so far
Iteration 164897: max relative diff=0.000082, 955.68 sec so far
Iteration 165670: max relative diff=0.000081, 960.68 sec so far
Iteration 166511: max relative diff=0.000080, 965.69 sec so far
Iteration 167397: max relative diff=0.000079, 970.69 sec so far
Iteration 168284: max relative diff=0.000078, 975.69 sec so far
Iteration 169173: max relative diff=0.000077, 980.70 sec so far
Iteration 170062: max relative diff=0.000076, 985.70 sec so far
Iteration 170950: max relative diff=0.000075, 990.70 sec so far
Iteration 171819: max relative diff=0.000074, 995.71 sec so far
Iteration 172695: max relative diff=0.000074, 1000.71 sec so far
Iteration 173554: max relative diff=0.000073, 1005.71 sec so far
Iteration 174418: max relative diff=0.000072, 1010.71 sec so far
Iteration 175297: max relative diff=0.000071, 1015.72 sec so far
Iteration 176168: max relative diff=0.000070, 1020.72 sec so far
Iteration 177034: max relative diff=0.000069, 1025.72 sec so far
Iteration 177921: max relative diff=0.000069, 1030.72 sec so far
Iteration 178813: max relative diff=0.000068, 1035.72 sec so far
Iteration 179685: max relative diff=0.000067, 1040.72 sec so far
Iteration 180564: max relative diff=0.000066, 1045.73 sec so far
Iteration 181427: max relative diff=0.000066, 1050.73 sec so far
Iteration 182307: max relative diff=0.000065, 1055.73 sec so far
Iteration 183180: max relative diff=0.000064, 1060.74 sec so far
Iteration 184071: max relative diff=0.000063, 1065.74 sec so far
Iteration 184957: max relative diff=0.000063, 1070.74 sec so far
Iteration 185826: max relative diff=0.000062, 1075.75 sec so far
Iteration 186701: max relative diff=0.000061, 1080.75 sec so far
Iteration 187579: max relative diff=0.000061, 1085.76 sec so far
Iteration 188428: max relative diff=0.000060, 1090.76 sec so far
Iteration 189188: max relative diff=0.000059, 1095.77 sec so far
Iteration 190019: max relative diff=0.000059, 1100.77 sec so far
Iteration 190899: max relative diff=0.000058, 1105.78 sec so far
Iteration 191761: max relative diff=0.000058, 1110.78 sec so far
Iteration 192638: max relative diff=0.000057, 1115.78 sec so far
Iteration 193436: max relative diff=0.000056, 1120.79 sec so far
Iteration 194220: max relative diff=0.000056, 1125.79 sec so far
Iteration 195074: max relative diff=0.000055, 1130.79 sec so far
Iteration 195953: max relative diff=0.000055, 1135.80 sec so far
Iteration 196824: max relative diff=0.000054, 1140.80 sec so far
Iteration 197688: max relative diff=0.000054, 1145.80 sec so far
Iteration 198569: max relative diff=0.000053, 1150.80 sec so far
Iteration 199391: max relative diff=0.000052, 1155.81 sec so far
Iteration 200164: max relative diff=0.000052, 1160.81 sec so far
Iteration 201005: max relative diff=0.000051, 1165.81 sec so far
Iteration 201887: max relative diff=0.000051, 1170.81 sec so far
Iteration 202753: max relative diff=0.000050, 1175.82 sec so far
Iteration 203625: max relative diff=0.000050, 1180.82 sec so far
Iteration 204481: max relative diff=0.000049, 1185.82 sec so far
Iteration 205328: max relative diff=0.000049, 1190.83 sec so far
Iteration 206088: max relative diff=0.000049, 1195.83 sec so far
Iteration 206918: max relative diff=0.000048, 1200.83 sec so far
Iteration 207797: max relative diff=0.000048, 1205.83 sec so far
Iteration 208684: max relative diff=0.000047, 1210.84 sec so far
Iteration 209573: max relative diff=0.000047, 1215.84 sec so far
Iteration 210460: max relative diff=0.000046, 1220.85 sec so far
Iteration 211326: max relative diff=0.000046, 1225.85 sec so far
Iteration 212208: max relative diff=0.000045, 1230.85 sec so far
Iteration 213075: max relative diff=0.000045, 1235.85 sec so far
Iteration 213946: max relative diff=0.000044, 1240.86 sec so far
Iteration 214824: max relative diff=0.000044, 1245.86 sec so far
Iteration 215685: max relative diff=0.000044, 1250.86 sec so far
Iteration 216562: max relative diff=0.000043, 1255.87 sec so far
Iteration 217435: max relative diff=0.000043, 1260.87 sec so far
Iteration 218299: max relative diff=0.000042, 1265.88 sec so far
Iteration 219057: max relative diff=0.000042, 1270.88 sec so far
Iteration 219878: max relative diff=0.000042, 1275.88 sec so far
Iteration 220751: max relative diff=0.000041, 1280.89 sec so far
Iteration 221615: max relative diff=0.000041, 1285.89 sec so far
Iteration 222373: max relative diff=0.000041, 1290.89 sec so far
Iteration 223196: max relative diff=0.000040, 1295.90 sec so far
Iteration 224071: max relative diff=0.000040, 1300.90 sec so far
Iteration 224934: max relative diff=0.000039, 1305.90 sec so far
Iteration 225819: max relative diff=0.000039, 1310.91 sec so far
Iteration 226707: max relative diff=0.000039, 1315.91 sec so far
Iteration 227577: max relative diff=0.000038, 1320.91 sec so far
Iteration 228349: max relative diff=0.000038, 1325.92 sec so far
Iteration 229154: max relative diff=0.000038, 1330.92 sec so far
Iteration 230023: max relative diff=0.000037, 1335.92 sec so far
Iteration 230897: max relative diff=0.000037, 1340.92 sec so far
Iteration 231776: max relative diff=0.000037, 1345.93 sec so far
Iteration 232638: max relative diff=0.000036, 1350.93 sec so far
Iteration 233515: max relative diff=0.000036, 1355.93 sec so far
Iteration 234387: max relative diff=0.000036, 1360.93 sec so far
Iteration 235236: max relative diff=0.000035, 1365.94 sec so far
Iteration 236120: max relative diff=0.000035, 1370.95 sec so far
Iteration 236987: max relative diff=0.000035, 1375.95 sec so far
Iteration 237859: max relative diff=0.000034, 1380.95 sec so far
Iteration 238633: max relative diff=0.000034, 1385.96 sec so far
Iteration 239443: max relative diff=0.000034, 1390.96 sec so far
Iteration 240309: max relative diff=0.000034, 1395.96 sec so far
Iteration 241197: max relative diff=0.000033, 1400.97 sec so far
Iteration 242084: max relative diff=0.000033, 1405.97 sec so far
Iteration 242947: max relative diff=0.000033, 1410.97 sec so far
Iteration 243834: max relative diff=0.000032, 1415.98 sec so far
Iteration 244724: max relative diff=0.000032, 1420.98 sec so far
Iteration 245588: max relative diff=0.000032, 1425.99 sec so far
Iteration 246470: max relative diff=0.000032, 1430.99 sec so far
Iteration 247337: max relative diff=0.000031, 1435.99 sec so far
Iteration 248209: max relative diff=0.000031, 1441.00 sec so far
Iteration 248979: max relative diff=0.000031, 1446.01 sec so far
Iteration 249787: max relative diff=0.000031, 1451.01 sec so far
Iteration 250653: max relative diff=0.000030, 1456.01 sec so far
Iteration 251540: max relative diff=0.000030, 1461.02 sec so far
Iteration 252428: max relative diff=0.000030, 1466.02 sec so far
Iteration 253317: max relative diff=0.000030, 1471.02 sec so far
Iteration 254192: max relative diff=0.000029, 1476.02 sec so far
Iteration 255067: max relative diff=0.000029, 1481.02 sec so far
Iteration 255929: max relative diff=0.000029, 1486.03 sec so far
Iteration 256811: max relative diff=0.000029, 1491.03 sec so far
Iteration 257679: max relative diff=0.000028, 1496.03 sec so far
Iteration 258548: max relative diff=0.000028, 1501.04 sec so far
Iteration 259427: max relative diff=0.000028, 1506.04 sec so far
Iteration 260292: max relative diff=0.000028, 1511.04 sec so far
Iteration 261169: max relative diff=0.000027, 1516.04 sec so far
Iteration 262045: max relative diff=0.000027, 1521.05 sec so far
Iteration 262908: max relative diff=0.000027, 1526.05 sec so far
Iteration 263789: max relative diff=0.000027, 1531.05 sec so far
Iteration 264655: max relative diff=0.000027, 1536.06 sec so far
Iteration 265524: max relative diff=0.000026, 1541.06 sec so far
Iteration 266374: max relative diff=0.000026, 1546.07 sec so far
Iteration 267235: max relative diff=0.000026, 1551.08 sec so far
Iteration 268109: max relative diff=0.000026, 1556.08 sec so far
Iteration 268983: max relative diff=0.000026, 1561.08 sec so far
Iteration 269846: max relative diff=0.000025, 1566.08 sec so far
Iteration 270601: max relative diff=0.000025, 1571.09 sec so far
Iteration 271425: max relative diff=0.000025, 1576.09 sec so far
Iteration 272299: max relative diff=0.000025, 1581.09 sec so far
Iteration 273186: max relative diff=0.000025, 1586.10 sec so far
Iteration 274074: max relative diff=0.000024, 1591.10 sec so far
Iteration 274962: max relative diff=0.000024, 1596.10 sec so far
Iteration 275832: max relative diff=0.000024, 1601.11 sec so far
Iteration 276712: max relative diff=0.000024, 1606.11 sec so far
Iteration 277574: max relative diff=0.000024, 1611.11 sec so far
Iteration 278452: max relative diff=0.000023, 1616.12 sec so far
Iteration 279327: max relative diff=0.000023, 1621.12 sec so far
Iteration 280188: max relative diff=0.000023, 1626.12 sec so far
Iteration 281068: max relative diff=0.000023, 1631.13 sec so far
Iteration 281935: max relative diff=0.000023, 1636.13 sec so far
Iteration 282807: max relative diff=0.000023, 1641.13 sec so far
Iteration 283689: max relative diff=0.000022, 1646.13 sec so far
Iteration 284554: max relative diff=0.000022, 1651.13 sec so far
Iteration 285429: max relative diff=0.000022, 1656.14 sec so far
Iteration 286303: max relative diff=0.000022, 1661.14 sec so far
Iteration 287166: max relative diff=0.000022, 1666.15 sec so far
Iteration 288048: max relative diff=0.000022, 1671.15 sec so far
Iteration 288916: max relative diff=0.000021, 1676.16 sec so far
Iteration 289785: max relative diff=0.000021, 1681.16 sec so far
Iteration 290550: max relative diff=0.000021, 1686.17 sec so far
Iteration 291362: max relative diff=0.000021, 1691.17 sec so far
Iteration 292230: max relative diff=0.000021, 1696.17 sec so far
Iteration 293099: max relative diff=0.000021, 1701.17 sec so far
Iteration 293982: max relative diff=0.000021, 1706.18 sec so far
Iteration 294844: max relative diff=0.000020, 1711.18 sec so far
Iteration 295731: max relative diff=0.000020, 1716.19 sec so far
Iteration 296618: max relative diff=0.000020, 1721.19 sec so far
Iteration 297463: max relative diff=0.000020, 1726.19 sec so far
Iteration 298345: max relative diff=0.000020, 1731.20 sec so far
Iteration 299211: max relative diff=0.000020, 1736.20 sec so far
Iteration 300099: max relative diff=0.000020, 1741.20 sec so far
Iteration 300986: max relative diff=0.000019, 1746.20 sec so far
Iteration 301820: max relative diff=0.000019, 1751.20 sec so far
Iteration 302588: max relative diff=0.000019, 1756.21 sec so far
Iteration 303423: max relative diff=0.000019, 1761.21 sec so far
Iteration 304303: max relative diff=0.000019, 1766.22 sec so far
Iteration 305191: max relative diff=0.000019, 1771.22 sec so far
Iteration 306079: max relative diff=0.000019, 1776.22 sec so far
Iteration 306968: max relative diff=0.000018, 1781.23 sec so far
Iteration 307829: max relative diff=0.000018, 1786.23 sec so far
Iteration 308712: max relative diff=0.000018, 1791.23 sec so far
Iteration 309583: max relative diff=0.000018, 1796.23 sec so far
Iteration 310451: max relative diff=0.000018, 1801.24 sec so far
Iteration 311214: max relative diff=0.000018, 1806.24 sec so far
Iteration 312028: max relative diff=0.000018, 1811.24 sec so far
Iteration 312898: max relative diff=0.000018, 1816.25 sec so far
Iteration 313767: max relative diff=0.000017, 1821.25 sec so far
Iteration 314530: max relative diff=0.000017, 1826.26 sec so far
Iteration 315344: max relative diff=0.000017, 1831.26 sec so far
Iteration 316211: max relative diff=0.000017, 1836.27 sec so far
Iteration 317098: max relative diff=0.000017, 1841.27 sec so far
Iteration 317986: max relative diff=0.000017, 1846.27 sec so far
Iteration 318820: max relative diff=0.000017, 1851.27 sec so far
Iteration 319589: max relative diff=0.000017, 1856.28 sec so far
Iteration 320427: max relative diff=0.000017, 1861.28 sec so far
Iteration 321311: max relative diff=0.000016, 1866.29 sec so far
Iteration 322201: max relative diff=0.000016, 1871.29 sec so far
Iteration 323090: max relative diff=0.000016, 1876.29 sec so far
Iteration 323979: max relative diff=0.000016, 1881.29 sec so far
Iteration 324866: max relative diff=0.000016, 1886.30 sec so far
Iteration 325730: max relative diff=0.000016, 1891.31 sec so far
Iteration 326606: max relative diff=0.000016, 1896.31 sec so far
Iteration 327483: max relative diff=0.000016, 1901.31 sec so far
Iteration 328327: max relative diff=0.000016, 1906.31 sec so far
Iteration 329211: max relative diff=0.000015, 1911.31 sec so far
Iteration 330082: max relative diff=0.000015, 1916.32 sec so far
Iteration 330953: max relative diff=0.000015, 1921.32 sec so far
Iteration 331835: max relative diff=0.000015, 1926.32 sec so far
Iteration 332701: max relative diff=0.000015, 1931.32 sec so far
Iteration 333591: max relative diff=0.000015, 1936.33 sec so far
Iteration 334479: max relative diff=0.000015, 1941.33 sec so far
Iteration 335367: max relative diff=0.000015, 1946.33 sec so far
Iteration 336257: max relative diff=0.000015, 1951.34 sec so far
Iteration 337148: max relative diff=0.000015, 1956.34 sec so far
Iteration 338018: max relative diff=0.000015, 1961.34 sec so far
Iteration 338900: max relative diff=0.000014, 1966.34 sec so far
Iteration 339764: max relative diff=0.000014, 1971.35 sec so far
Iteration 340639: max relative diff=0.000014, 1976.35 sec so far
Iteration 341425: max relative diff=0.000014, 1981.35 sec so far
Iteration 342223: max relative diff=0.000014, 1986.36 sec so far
Iteration 343091: max relative diff=0.000014, 1991.36 sec so far
Iteration 343967: max relative diff=0.000014, 1996.37 sec so far
Iteration 344846: max relative diff=0.000014, 2001.37 sec so far
Iteration 345711: max relative diff=0.000014, 2006.38 sec so far
Iteration 346593: max relative diff=0.000014, 2011.38 sec so far
Iteration 347464: max relative diff=0.000014, 2016.38 sec so far
Iteration 348333: max relative diff=0.000013, 2021.38 sec so far
Iteration 349096: max relative diff=0.000013, 2026.39 sec so far
Iteration 349913: max relative diff=0.000013, 2031.39 sec so far
Iteration 350782: max relative diff=0.000013, 2036.39 sec so far
Iteration 351671: max relative diff=0.000013, 2041.40 sec so far
Iteration 352560: max relative diff=0.000013, 2046.40 sec so far
Iteration 353451: max relative diff=0.000013, 2051.41 sec so far
Iteration 354339: max relative diff=0.000013, 2056.41 sec so far
Iteration 355225: max relative diff=0.000013, 2061.41 sec so far
Iteration 356111: max relative diff=0.000013, 2066.42 sec so far
Iteration 356975: max relative diff=0.000013, 2071.42 sec so far
Iteration 357849: max relative diff=0.000013, 2076.43 sec so far
Iteration 358728: max relative diff=0.000012, 2081.43 sec so far
Iteration 359566: max relative diff=0.000012, 2086.43 sec so far
Iteration 360446: max relative diff=0.000012, 2091.44 sec so far
Iteration 361319: max relative diff=0.000012, 2096.44 sec so far
Iteration 362185: max relative diff=0.000012, 2101.44 sec so far
Iteration 362945: max relative diff=0.000012, 2106.45 sec so far
Iteration 363763: max relative diff=0.000012, 2111.45 sec so far
Iteration 364631: max relative diff=0.000012, 2116.46 sec so far
Iteration 365518: max relative diff=0.000012, 2121.46 sec so far
Iteration 366406: max relative diff=0.000012, 2126.47 sec so far
Iteration 367293: max relative diff=0.000012, 2131.47 sec so far
Iteration 368167: max relative diff=0.000012, 2136.47 sec so far
Iteration 368948: max relative diff=0.000012, 2141.47 sec so far
Iteration 369752: max relative diff=0.000012, 2146.48 sec so far
Iteration 370618: max relative diff=0.000011, 2151.48 sec so far
Iteration 371503: max relative diff=0.000011, 2156.49 sec so far
Iteration 372392: max relative diff=0.000011, 2161.49 sec so far
Iteration 373281: max relative diff=0.000011, 2166.50 sec so far
Iteration 374169: max relative diff=0.000011, 2171.50 sec so far
Iteration 375044: max relative diff=0.000011, 2176.50 sec so far
Iteration 375910: max relative diff=0.000011, 2181.51 sec so far
Iteration 376788: max relative diff=0.000011, 2186.51 sec so far
Iteration 377653: max relative diff=0.000011, 2191.51 sec so far
Iteration 378524: max relative diff=0.000011, 2196.51 sec so far
Iteration 379400: max relative diff=0.000011, 2201.52 sec so far
Iteration 380288: max relative diff=0.000011, 2206.52 sec so far
Iteration 381168: max relative diff=0.000011, 2211.52 sec so far
Iteration 382039: max relative diff=0.000011, 2216.53 sec so far
Iteration 382904: max relative diff=0.000011, 2221.53 sec so far
Iteration 383786: max relative diff=0.000011, 2226.53 sec so far
Iteration 384652: max relative diff=0.000010, 2231.54 sec so far
Iteration 385525: max relative diff=0.000010, 2236.54 sec so far
Iteration 386302: max relative diff=0.000010, 2241.54 sec so far
Iteration 387101: max relative diff=0.000010, 2246.55 sec so far
Iteration 387966: max relative diff=0.000010, 2251.55 sec so far
Iteration 388854: max relative diff=0.000010, 2256.55 sec so far
Iteration 389747: max relative diff=0.000010, 2261.56 sec so far
Iteration 390577: max relative diff=0.000010, 2266.56 sec so far
Iteration 391339: max relative diff=0.000010, 2271.57 sec so far
Iteration 392168: max relative diff=0.000010, 2276.57 sec so far
Iteration 393049: max relative diff=0.000010, 2281.57 sec so far
Iteration 393939: max relative diff=0.000010, 2286.58 sec so far
Iteration 394828: max relative diff=0.000010, 2291.58 sec so far
Iteration 395718: max relative diff=0.000010, 2296.58 sec so far
Iteration 396607: max relative diff=0.000010, 2301.59 sec so far
Iteration 397494: max relative diff=0.000010, 2306.59 sec so far
Iteration 398376: max relative diff=0.000010, 2311.59 sec so far
Iteration 399248: max relative diff=0.000009, 2316.60 sec so far
Iteration 400136: max relative diff=0.000009, 2321.61 sec so far
Iteration 401021: max relative diff=0.000009, 2326.61 sec so far
Iteration 401887: max relative diff=0.000009, 2331.61 sec so far
Iteration 402761: max relative diff=0.000009, 2336.62 sec so far
Iteration 403640: max relative diff=0.000009, 2341.62 sec so far
Iteration 404503: max relative diff=0.000009, 2346.63 sec so far
Iteration 405393: max relative diff=0.000009, 2351.64 sec so far
Iteration 406280: max relative diff=0.000009, 2356.64 sec so far
Iteration 407170: max relative diff=0.000009, 2361.64 sec so far
Iteration 408058: max relative diff=0.000009, 2366.64 sec so far
Iteration 408925: max relative diff=0.000009, 2371.65 sec so far
Iteration 409813: max relative diff=0.000009, 2376.65 sec so far
Iteration 410703: max relative diff=0.000009, 2381.65 sec so far
Iteration 411592: max relative diff=0.000009, 2386.66 sec so far
Iteration 412470: max relative diff=0.000009, 2391.66 sec so far
Iteration 413344: max relative diff=0.000009, 2396.66 sec so far
Iteration 414212: max relative diff=0.000009, 2401.66 sec so far
Iteration 415095: max relative diff=0.000009, 2406.67 sec so far
Iteration 415919: max relative diff=0.000009, 2411.68 sec so far
Iteration 416691: max relative diff=0.000008, 2416.68 sec so far
Iteration 417534: max relative diff=0.000008, 2421.68 sec so far
Iteration 418420: max relative diff=0.000008, 2426.69 sec so far
Iteration 419310: max relative diff=0.000008, 2431.69 sec so far
Iteration 420183: max relative diff=0.000008, 2436.70 sec so far
Iteration 420957: max relative diff=0.000008, 2441.70 sec so far
Iteration 421753: max relative diff=0.000008, 2446.71 sec so far
Iteration 422621: max relative diff=0.000008, 2451.71 sec so far
Iteration 423497: max relative diff=0.000008, 2456.72 sec so far
Iteration 424379: max relative diff=0.000008, 2461.72 sec so far
Iteration 425244: max relative diff=0.000008, 2466.73 sec so far
Iteration 426125: max relative diff=0.000008, 2471.73 sec so far
Iteration 426998: max relative diff=0.000008, 2476.73 sec so far
Iteration 427864: max relative diff=0.000008, 2481.73 sec so far
Iteration 428622: max relative diff=0.000008, 2486.74 sec so far
Iteration 429445: max relative diff=0.000008, 2491.74 sec so far
Iteration 430319: max relative diff=0.000008, 2496.74 sec so far
Iteration 431185: max relative diff=0.000008, 2501.75 sec so far
Iteration 432070: max relative diff=0.000008, 2506.75 sec so far
Iteration 432891: max relative diff=0.000008, 2511.76 sec so far
Iteration 433665: max relative diff=0.000008, 2516.76 sec so far
Iteration 434507: max relative diff=0.000008, 2521.77 sec so far
Iteration 435393: max relative diff=0.000008, 2526.77 sec so far
Iteration 436283: max relative diff=0.000008, 2531.77 sec so far
Iteration 437172: max relative diff=0.000007, 2536.78 sec so far
Iteration 438063: max relative diff=0.000007, 2541.78 sec so far
Iteration 438927: max relative diff=0.000007, 2546.78 sec so far
Iteration 439807: max relative diff=0.000007, 2551.79 sec so far
Iteration 440686: max relative diff=0.000007, 2556.79 sec so far
Iteration 441552: max relative diff=0.000007, 2561.79 sec so far
Iteration 442434: max relative diff=0.000007, 2566.79 sec so far
Iteration 443255: max relative diff=0.000007, 2571.80 sec so far
Iteration 444031: max relative diff=0.000007, 2576.80 sec so far
Iteration 444874: max relative diff=0.000007, 2581.80 sec so far
Iteration 445757: max relative diff=0.000007, 2586.80 sec so far
Iteration 446626: max relative diff=0.000007, 2591.81 sec so far
Iteration 447499: max relative diff=0.000007, 2596.81 sec so far
Iteration 448380: max relative diff=0.000007, 2601.82 sec so far
Iteration 449243: max relative diff=0.000007, 2606.82 sec so far
Iteration 450133: max relative diff=0.000007, 2611.82 sec so far
Iteration 451022: max relative diff=0.000007, 2616.82 sec so far
Iteration 451877: max relative diff=0.000007, 2621.83 sec so far
Iteration 452607: max relative diff=0.000007, 2626.83 sec so far
Iteration 453430: max relative diff=0.000007, 2631.83 sec so far
Iteration 454303: max relative diff=0.000007, 2636.83 sec so far
Iteration 455194: max relative diff=0.000007, 2641.84 sec so far
Iteration 456082: max relative diff=0.000007, 2646.84 sec so far
Iteration 456972: max relative diff=0.000007, 2651.85 sec so far
Iteration 457859: max relative diff=0.000007, 2656.85 sec so far
Iteration 458748: max relative diff=0.000007, 2661.86 sec so far
Iteration 459636: max relative diff=0.000007, 2666.86 sec so far
Iteration 460526: max relative diff=0.000007, 2671.86 sec so far
Iteration 461399: max relative diff=0.000006, 2676.87 sec so far
Iteration 462172: max relative diff=0.000006, 2681.87 sec so far
Iteration 462981: max relative diff=0.000006, 2686.87 sec so far
Iteration 463848: max relative diff=0.000006, 2691.87 sec so far
Iteration 464721: max relative diff=0.000006, 2696.88 sec so far
Iteration 465604: max relative diff=0.000006, 2701.88 sec so far
Iteration 466468: max relative diff=0.000006, 2706.88 sec so far
Iteration 467345: max relative diff=0.000006, 2711.89 sec so far
Iteration 468220: max relative diff=0.000006, 2716.89 sec so far
Iteration 469087: max relative diff=0.000006, 2721.89 sec so far
Iteration 469971: max relative diff=0.000006, 2726.89 sec so far
Iteration 470838: max relative diff=0.000006, 2731.90 sec so far
Iteration 471710: max relative diff=0.000006, 2736.90 sec so far
Iteration 472590: max relative diff=0.000006, 2741.90 sec so far
Iteration 473456: max relative diff=0.000006, 2746.91 sec so far
Iteration 474336: max relative diff=0.000006, 2751.91 sec so far
Iteration 475208: max relative diff=0.000006, 2756.92 sec so far
Iteration 476072: max relative diff=0.000006, 2761.92 sec so far
Iteration 476953: max relative diff=0.000006, 2766.92 sec so far
Iteration 477818: max relative diff=0.000006, 2771.92 sec so far
Iteration 478703: max relative diff=0.000006, 2776.92 sec so far
Iteration 479590: max relative diff=0.000006, 2781.93 sec so far
Iteration 480478: max relative diff=0.000006, 2786.93 sec so far
Iteration 481355: max relative diff=0.000006, 2791.94 sec so far
Iteration 482229: max relative diff=0.000006, 2796.94 sec so far
Iteration 483069: max relative diff=0.000006, 2801.94 sec so far
Iteration 483938: max relative diff=0.000006, 2806.95 sec so far
Iteration 484805: max relative diff=0.000006, 2811.95 sec so far
Iteration 485677: max relative diff=0.000006, 2816.95 sec so far
Iteration 486559: max relative diff=0.000006, 2821.95 sec so far
Iteration 487422: max relative diff=0.000006, 2826.96 sec so far
Iteration 488299: max relative diff=0.000006, 2831.96 sec so far
Iteration 489171: max relative diff=0.000006, 2836.96 sec so far
Iteration 490034: max relative diff=0.000006, 2841.96 sec so far
Iteration 490918: max relative diff=0.000005, 2846.97 sec so far
Iteration 491790: max relative diff=0.000005, 2851.97 sec so far
Iteration 492662: max relative diff=0.000005, 2856.98 sec so far
Iteration 493545: max relative diff=0.000005, 2861.98 sec so far
Iteration 494408: max relative diff=0.000005, 2866.98 sec so far
Iteration 495296: max relative diff=0.000005, 2871.98 sec so far
Iteration 496186: max relative diff=0.000005, 2876.99 sec so far
Iteration 497075: max relative diff=0.000005, 2881.99 sec so far
Iteration 497960: max relative diff=0.000005, 2887.00 sec so far
Iteration 498775: max relative diff=0.000005, 2892.00 sec so far
Iteration 499554: max relative diff=0.000005, 2897.00 sec so far
Iteration 500399: max relative diff=0.000005, 2902.01 sec so far
Iteration 501278: max relative diff=0.000005, 2907.01 sec so far
Iteration 502147: max relative diff=0.000005, 2912.02 sec so far
Iteration 503018: max relative diff=0.000005, 2917.02 sec so far
Iteration 503786: max relative diff=0.000005, 2922.02 sec so far
Iteration 504599: max relative diff=0.000005, 2927.03 sec so far
Iteration 505470: max relative diff=0.000005, 2932.03 sec so far
Iteration 506342: max relative diff=0.000005, 2937.04 sec so far
Iteration 507221: max relative diff=0.000005, 2942.04 sec so far
Iteration 508084: max relative diff=0.000005, 2947.05 sec so far
Iteration 508971: max relative diff=0.000005, 2952.05 sec so far
Iteration 509860: max relative diff=0.000005, 2957.05 sec so far
Iteration 510748: max relative diff=0.000005, 2962.05 sec so far
Iteration 511631: max relative diff=0.000005, 2967.06 sec so far
Iteration 512500: max relative diff=0.000005, 2972.06 sec so far
Iteration 513368: max relative diff=0.000005, 2977.07 sec so far
Iteration 514128: max relative diff=0.000005, 2982.07 sec so far
Iteration 514939: max relative diff=0.000005, 2987.07 sec so far
Iteration 515807: max relative diff=0.000005, 2992.07 sec so far
Iteration 516694: max relative diff=0.000005, 2997.08 sec so far
Iteration 517583: max relative diff=0.000005, 3002.08 sec so far
Iteration 518420: max relative diff=0.000005, 3007.09 sec so far
Iteration 519187: max relative diff=0.000005, 3012.09 sec so far
Iteration 520021: max relative diff=0.000005, 3017.09 sec so far
Iteration 520900: max relative diff=0.000005, 3022.09 sec so far
Iteration 521786: max relative diff=0.000005, 3027.10 sec so far
Iteration 522674: max relative diff=0.000005, 3032.10 sec so far
Iteration 523562: max relative diff=0.000005, 3037.10 sec so far
Iteration 524449: max relative diff=0.000005, 3042.10 sec so far
Iteration 525330: max relative diff=0.000005, 3047.11 sec so far
Iteration 526198: max relative diff=0.000005, 3052.11 sec so far
Iteration 527070: max relative diff=0.000005, 3057.12 sec so far
Iteration 527835: max relative diff=0.000005, 3062.12 sec so far
Iteration 528649: max relative diff=0.000004, 3067.12 sec so far
Iteration 529517: max relative diff=0.000004, 3072.12 sec so far
Iteration 530388: max relative diff=0.000004, 3077.13 sec so far
Iteration 531270: max relative diff=0.000004, 3082.14 sec so far
Iteration 532161: max relative diff=0.000004, 3087.14 sec so far
Iteration 533035: max relative diff=0.000004, 3092.14 sec so far
Iteration 533910: max relative diff=0.000004, 3097.14 sec so far
Iteration 534774: max relative diff=0.000004, 3102.15 sec so far
Iteration 535528: max relative diff=0.000004, 3107.16 sec so far
Iteration 536354: max relative diff=0.000004, 3112.16 sec so far
Iteration 537229: max relative diff=0.000004, 3117.16 sec so far
Iteration 538091: max relative diff=0.000004, 3122.17 sec so far
Iteration 538974: max relative diff=0.000004, 3127.17 sec so far
Iteration 539843: max relative diff=0.000004, 3132.18 sec so far
Iteration 540714: max relative diff=0.000004, 3137.18 sec so far
Iteration 541596: max relative diff=0.000004, 3142.18 sec so far
Iteration 542458: max relative diff=0.000004, 3147.18 sec so far
Iteration 543334: max relative diff=0.000004, 3152.19 sec so far
Iteration 544212: max relative diff=0.000004, 3157.19 sec so far
Iteration 545060: max relative diff=0.000004, 3162.20 sec so far
Iteration 545815: max relative diff=0.000004, 3167.20 sec so far
Iteration 546643: max relative diff=0.000004, 3172.20 sec so far
Iteration 547520: max relative diff=0.000004, 3177.21 sec so far
Iteration 548411: max relative diff=0.000004, 3182.21 sec so far
Iteration 549293: max relative diff=0.000004, 3187.22 sec so far
Iteration 550162: max relative diff=0.000004, 3192.22 sec so far
Iteration 551029: max relative diff=0.000004, 3197.22 sec so far
Iteration 551793: max relative diff=0.000004, 3202.23 sec so far
Iteration 552609: max relative diff=0.000004, 3207.23 sec so far
Iteration 553476: max relative diff=0.000004, 3212.23 sec so far
Iteration 554365: max relative diff=0.000004, 3217.24 sec so far
Iteration 555252: max relative diff=0.000004, 3222.24 sec so far
Iteration 556142: max relative diff=0.000004, 3227.25 sec so far
Iteration 557018: max relative diff=0.000004, 3232.25 sec so far
Iteration 557893: max relative diff=0.000004, 3237.26 sec so far
Iteration 558757: max relative diff=0.000004, 3242.26 sec so far
Iteration 559636: max relative diff=0.000004, 3247.26 sec so far
Iteration 560504: max relative diff=0.000004, 3252.26 sec so far
Iteration 561392: max relative diff=0.000004, 3257.27 sec so far
Iteration 562279: max relative diff=0.000004, 3262.28 sec so far
Iteration 563141: max relative diff=0.000004, 3267.28 sec so far
Iteration 564014: max relative diff=0.000004, 3272.28 sec so far
Iteration 564891: max relative diff=0.000004, 3277.28 sec so far
Iteration 565756: max relative diff=0.000004, 3282.29 sec so far
Iteration 566639: max relative diff=0.000004, 3287.29 sec so far
Iteration 567447: max relative diff=0.000004, 3292.30 sec so far
Iteration 568228: max relative diff=0.000004, 3297.30 sec so far
Iteration 569077: max relative diff=0.000004, 3302.31 sec so far
Iteration 569963: max relative diff=0.000004, 3307.31 sec so far
Iteration 570851: max relative diff=0.000004, 3312.32 sec so far
Iteration 571740: max relative diff=0.000004, 3317.32 sec so far
Iteration 572628: max relative diff=0.000004, 3322.32 sec so far
Iteration 573491: max relative diff=0.000004, 3327.33 sec so far
Iteration 574363: max relative diff=0.000004, 3332.33 sec so far
Iteration 575241: max relative diff=0.000004, 3337.33 sec so far
Iteration 576083: max relative diff=0.000004, 3342.34 sec so far
Iteration 576964: max relative diff=0.000004, 3347.34 sec so far
Iteration 577834: max relative diff=0.000003, 3352.34 sec so far
Iteration 578702: max relative diff=0.000003, 3357.35 sec so far
Iteration 579583: max relative diff=0.000003, 3362.35 sec so far
Iteration 580446: max relative diff=0.000003, 3367.35 sec so far
Iteration 581322: max relative diff=0.000003, 3372.36 sec so far
Iteration 582198: max relative diff=0.000003, 3377.36 sec so far
Iteration 583059: max relative diff=0.000003, 3382.37 sec so far
Iteration 583940: max relative diff=0.000003, 3387.38 sec so far
Iteration 584810: max relative diff=0.000003, 3392.38 sec so far
Iteration 585677: max relative diff=0.000003, 3397.38 sec so far
Iteration 586558: max relative diff=0.000003, 3402.39 sec so far
Iteration 587420: max relative diff=0.000003, 3407.39 sec so far
Iteration 588293: max relative diff=0.000003, 3412.39 sec so far
Iteration 589167: max relative diff=0.000003, 3417.39 sec so far
Iteration 590057: max relative diff=0.000003, 3422.40 sec so far
Iteration 590947: max relative diff=0.000003, 3427.40 sec so far
Iteration 591835: max relative diff=0.000003, 3432.41 sec so far
Iteration 592703: max relative diff=0.000003, 3437.41 sec so far
Iteration 593585: max relative diff=0.000003, 3442.41 sec so far
Iteration 594412: max relative diff=0.000003, 3447.41 sec so far
Iteration 595182: max relative diff=0.000003, 3452.42 sec so far
Iteration 596019: max relative diff=0.000003, 3457.42 sec so far
Iteration 596904: max relative diff=0.000003, 3462.43 sec so far
Iteration 597792: max relative diff=0.000003, 3467.43 sec so far
Iteration 598666: max relative diff=0.000003, 3472.43 sec so far
Iteration 599447: max relative diff=0.000003, 3477.43 sec so far
Iteration 600244: max relative diff=0.000003, 3482.43 sec so far
Iteration 601108: max relative diff=0.000003, 3487.44 sec so far
Iteration 601981: max relative diff=0.000003, 3492.44 sec so far
Iteration 602859: max relative diff=0.000003, 3497.44 sec so far
Iteration 603720: max relative diff=0.000003, 3502.45 sec so far
Iteration 604597: max relative diff=0.000003, 3507.45 sec so far
Iteration 605468: max relative diff=0.000003, 3512.45 sec so far
Iteration 606336: max relative diff=0.000003, 3517.45 sec so far
Iteration 607196: max relative diff=0.000003, 3522.45 sec so far
Iteration 608058: max relative diff=0.000003, 3527.45 sec so far
Iteration 608932: max relative diff=0.000003, 3532.46 sec so far
Iteration 609812: max relative diff=0.000003, 3537.46 sec so far
Iteration 610666: max relative diff=0.000003, 3542.47 sec so far
Iteration 611424: max relative diff=0.000003, 3547.47 sec so far
Iteration 612253: max relative diff=0.000003, 3552.48 sec so far
Iteration 613131: max relative diff=0.000003, 3557.48 sec so far
Iteration 613993: max relative diff=0.000003, 3562.48 sec so far
Iteration 614879: max relative diff=0.000003, 3567.49 sec so far
Iteration 615765: max relative diff=0.000003, 3572.49 sec so far
Iteration 616630: max relative diff=0.000003, 3577.49 sec so far
Iteration 617513: max relative diff=0.000003, 3582.50 sec so far
Iteration 618378: max relative diff=0.000003, 3587.51 sec so far
Iteration 619252: max relative diff=0.000003, 3592.51 sec so far
Iteration 620131: max relative diff=0.000003, 3597.52 sec so far
Iteration 620994: max relative diff=0.000003, 3602.52 sec so far
Iteration 621875: max relative diff=0.000003, 3607.53 sec so far
Iteration 622748: max relative diff=0.000003, 3612.53 sec so far
Iteration 623615: max relative diff=0.000003, 3617.54 sec so far
Iteration 624376: max relative diff=0.000003, 3622.54 sec so far
Iteration 625198: max relative diff=0.000003, 3627.55 sec so far
Iteration 626069: max relative diff=0.000003, 3632.55 sec so far
Iteration 626955: max relative diff=0.000003, 3637.55 sec so far
Iteration 627846: max relative diff=0.000003, 3642.55 sec so far
Iteration 628734: max relative diff=0.000003, 3647.56 sec so far
Iteration 629606: max relative diff=0.000003, 3652.56 sec so far
Iteration 630384: max relative diff=0.000003, 3657.56 sec so far
Iteration 631187: max relative diff=0.000003, 3662.57 sec so far
Iteration 632052: max relative diff=0.000003, 3667.57 sec so far
Iteration 632940: max relative diff=0.000003, 3672.57 sec so far
Iteration 633826: max relative diff=0.000003, 3677.58 sec so far
Iteration 634714: max relative diff=0.000003, 3682.58 sec so far
Iteration 635601: max relative diff=0.000003, 3687.58 sec so far
Iteration 636489: max relative diff=0.000003, 3692.59 sec so far
Iteration 637379: max relative diff=0.000003, 3697.59 sec so far
Iteration 638252: max relative diff=0.000003, 3702.59 sec so far
Iteration 639131: max relative diff=0.000003, 3707.60 sec so far
Iteration 640002: max relative diff=0.000003, 3712.60 sec so far
Iteration 640867: max relative diff=0.000003, 3717.60 sec so far
Iteration 641749: max relative diff=0.000003, 3722.61 sec so far
Iteration 642613: max relative diff=0.000003, 3727.61 sec so far
Iteration 643486: max relative diff=0.000003, 3732.61 sec so far
Iteration 644261: max relative diff=0.000003, 3737.62 sec so far
Iteration 645064: max relative diff=0.000003, 3742.62 sec so far
Iteration 645929: max relative diff=0.000003, 3747.63 sec so far
Iteration 646818: max relative diff=0.000002, 3752.63 sec so far
Iteration 647706: max relative diff=0.000002, 3757.64 sec so far
Iteration 648568: max relative diff=0.000002, 3762.64 sec so far
Iteration 649446: max relative diff=0.000002, 3767.64 sec so far
Iteration 650317: max relative diff=0.000002, 3772.65 sec so far
Iteration 651183: max relative diff=0.000002, 3777.65 sec so far
Iteration 651942: max relative diff=0.000002, 3782.65 sec so far
Iteration 652760: max relative diff=0.000002, 3787.65 sec so far
Iteration 653634: max relative diff=0.000002, 3792.65 sec so far
Iteration 654500: max relative diff=0.000002, 3797.66 sec so far
Iteration 655380: max relative diff=0.000002, 3802.66 sec so far
Iteration 656201: max relative diff=0.000002, 3807.66 sec so far
Iteration 656975: max relative diff=0.000002, 3812.67 sec so far
Iteration 657815: max relative diff=0.000002, 3817.67 sec so far
Iteration 658699: max relative diff=0.000002, 3822.67 sec so far
Iteration 659589: max relative diff=0.000002, 3827.68 sec so far
Iteration 660462: max relative diff=0.000002, 3832.68 sec so far
Iteration 661339: max relative diff=0.000002, 3837.68 sec so far
Iteration 662201: max relative diff=0.000002, 3842.69 sec so far
Iteration 663079: max relative diff=0.000002, 3847.69 sec so far
Iteration 663876: max relative diff=0.000002, 3852.69 sec so far
Iteration 664661: max relative diff=0.000002, 3857.70 sec so far
Iteration 665513: max relative diff=0.000002, 3862.70 sec so far
Iteration 666401: max relative diff=0.000002, 3867.70 sec so far
Iteration 667289: max relative diff=0.000002, 3872.70 sec so far
Iteration 668179: max relative diff=0.000002, 3877.71 sec so far
Iteration 669049: max relative diff=0.000002, 3882.71 sec so far
Iteration 669871: max relative diff=0.000002, 3887.72 sec so far
Iteration 670646: max relative diff=0.000002, 3892.72 sec so far
Iteration 671487: max relative diff=0.000002, 3897.73 sec so far
Iteration 672369: max relative diff=0.000002, 3902.73 sec so far
Iteration 673259: max relative diff=0.000002, 3907.73 sec so far
Iteration 674146: max relative diff=0.000002, 3912.73 sec so far
Iteration 675035: max relative diff=0.000002, 3917.74 sec so far
Iteration 675897: max relative diff=0.000002, 3922.74 sec so far
Iteration 676776: max relative diff=0.000002, 3927.74 sec so far
Iteration 677650: max relative diff=0.000002, 3932.75 sec so far
Iteration 678516: max relative diff=0.000002, 3937.75 sec so far
Iteration 679399: max relative diff=0.000002, 3942.76 sec so far
Iteration 680266: max relative diff=0.000002, 3947.76 sec so far
Iteration 681137: max relative diff=0.000002, 3952.77 sec so far
Iteration 682015: max relative diff=0.000002, 3957.77 sec so far
Iteration 682877: max relative diff=0.000002, 3962.78 sec so far
Iteration 683763: max relative diff=0.000002, 3967.78 sec so far
Iteration 684651: max relative diff=0.000002, 3972.78 sec so far
Iteration 685514: max relative diff=0.000002, 3977.79 sec so far
Iteration 686394: max relative diff=0.000002, 3982.79 sec so far
Iteration 687258: max relative diff=0.000002, 3987.79 sec so far
Iteration 688148: max relative diff=0.000002, 3992.80 sec so far
Iteration 689038: max relative diff=0.000002, 3997.80 sec so far
Iteration 689900: max relative diff=0.000002, 4002.80 sec so far
Iteration 690778: max relative diff=0.000002, 4007.80 sec so far
Iteration 691576: max relative diff=0.000002, 4012.81 sec so far
Iteration 692363: max relative diff=0.000002, 4017.81 sec so far
Iteration 693217: max relative diff=0.000002, 4022.81 sec so far
Iteration 694105: max relative diff=0.000002, 4027.82 sec so far
Iteration 694994: max relative diff=0.000002, 4032.82 sec so far
Iteration 695880: max relative diff=0.000002, 4037.83 sec so far
Iteration 696768: max relative diff=0.000002, 4042.83 sec so far
Iteration 697656: max relative diff=0.000002, 4047.84 sec so far
Iteration 698545: max relative diff=0.000002, 4052.84 sec so far
Iteration 699409: max relative diff=0.000002, 4057.84 sec so far
Iteration 700270: max relative diff=0.000002, 4062.85 sec so far
Iteration 701139: max relative diff=0.000002, 4067.85 sec so far
Iteration 702013: max relative diff=0.000002, 4072.86 sec so far
Iteration 702787: max relative diff=0.000002, 4077.86 sec so far
Iteration 703595: max relative diff=0.000002, 4082.86 sec so far
Iteration 704463: max relative diff=0.000002, 4087.87 sec so far
Iteration 705336: max relative diff=0.000002, 4092.87 sec so far
Iteration 706216: max relative diff=0.000002, 4097.87 sec so far
Iteration 707078: max relative diff=0.000002, 4102.88 sec so far
Iteration 707954: max relative diff=0.000002, 4107.88 sec so far
Iteration 708829: max relative diff=0.000002, 4112.88 sec so far
Iteration 709693: max relative diff=0.000002, 4117.89 sec so far
Iteration 710578: max relative diff=0.000002, 4122.89 sec so far
Iteration 711446: max relative diff=0.000002, 4127.89 sec so far
Iteration 712316: max relative diff=0.000002, 4132.90 sec so far
Iteration 713197: max relative diff=0.000002, 4137.91 sec so far
Iteration 714059: max relative diff=0.000002, 4142.91 sec so far
Iteration 714946: max relative diff=0.000002, 4147.91 sec so far
Iteration 715834: max relative diff=0.000002, 4152.92 sec so far
Iteration 716700: max relative diff=0.000002, 4157.92 sec so far
Iteration 717454: max relative diff=0.000002, 4162.92 sec so far
Iteration 718276: max relative diff=0.000002, 4167.93 sec so far
Iteration 719150: max relative diff=0.000002, 4172.93 sec so far
Iteration 720014: max relative diff=0.000002, 4177.94 sec so far
Iteration 720896: max relative diff=0.000002, 4182.94 sec so far
Iteration 721713: max relative diff=0.000002, 4187.94 sec so far
Iteration 722489: max relative diff=0.000002, 4192.94 sec so far
Iteration 723331: max relative diff=0.000002, 4197.95 sec so far
Iteration 724212: max relative diff=0.000002, 4202.95 sec so far
Iteration 725078: max relative diff=0.000002, 4207.95 sec so far
Iteration 725947: max relative diff=0.000002, 4212.96 sec so far
Iteration 726828: max relative diff=0.000002, 4217.96 sec so far
Iteration 727693: max relative diff=0.000002, 4222.96 sec so far
Iteration 728571: max relative diff=0.000002, 4227.96 sec so far
Iteration 729444: max relative diff=0.000002, 4232.97 sec so far
Iteration 730311: max relative diff=0.000002, 4237.97 sec so far
Iteration 731060: max relative diff=0.000002, 4242.97 sec so far
Iteration 731883: max relative diff=0.000002, 4247.98 sec so far
Iteration 732758: max relative diff=0.000002, 4252.98 sec so far
Iteration 733623: max relative diff=0.000002, 4257.99 sec so far
Iteration 734507: max relative diff=0.000002, 4262.99 sec so far
Iteration 735376: max relative diff=0.000002, 4267.99 sec so far
Iteration 736247: max relative diff=0.000002, 4273.00 sec so far
Iteration 737130: max relative diff=0.000002, 4278.00 sec so far
Iteration 737993: max relative diff=0.000002, 4283.01 sec so far
Iteration 738873: max relative diff=0.000002, 4288.01 sec so far
Iteration 739750: max relative diff=0.000002, 4293.01 sec so far
Iteration 740615: max relative diff=0.000002, 4298.01 sec so far
Iteration 741499: max relative diff=0.000002, 4303.02 sec so far
Iteration 742368: max relative diff=0.000002, 4308.03 sec so far
Iteration 743240: max relative diff=0.000002, 4313.03 sec so far
Iteration 744124: max relative diff=0.000002, 4318.04 sec so far
Iteration 744989: max relative diff=0.000002, 4323.04 sec so far
Iteration 745870: max relative diff=0.000002, 4328.04 sec so far
Iteration 746664: max relative diff=0.000002, 4333.05 sec so far
Iteration 747456: max relative diff=0.000002, 4338.05 sec so far
Iteration 748316: max relative diff=0.000002, 4343.06 sec so far
Iteration 749194: max relative diff=0.000002, 4348.06 sec so far
Iteration 750070: max relative diff=0.000002, 4353.06 sec so far
Iteration 750938: max relative diff=0.000002, 4358.07 sec so far
Iteration 751694: max relative diff=0.000002, 4363.07 sec so far
Iteration 752518: max relative diff=0.000002, 4368.07 sec so far
Iteration 753394: max relative diff=0.000002, 4373.08 sec so far
Iteration 754285: max relative diff=0.000002, 4378.08 sec so far
Iteration 755173: max relative diff=0.000002, 4383.08 sec so far
Iteration 756065: max relative diff=0.000002, 4388.08 sec so far
Iteration 756939: max relative diff=0.000002, 4393.08 sec so far
Iteration 757708: max relative diff=0.000002, 4398.09 sec so far
Iteration 758519: max relative diff=0.000001, 4403.09 sec so far
Iteration 759387: max relative diff=0.000001, 4408.09 sec so far
Iteration 760277: max relative diff=0.000001, 4413.10 sec so far
Iteration 761168: max relative diff=0.000001, 4418.10 sec so far
Iteration 762039: max relative diff=0.000001, 4423.10 sec so far
Iteration 762915: max relative diff=0.000001, 4428.11 sec so far
Iteration 763704: max relative diff=0.000001, 4433.11 sec so far
Iteration 764494: max relative diff=0.000001, 4438.11 sec so far
Iteration 765354: max relative diff=0.000001, 4443.11 sec so far
Iteration 766231: max relative diff=0.000001, 4448.11 sec so far
Iteration 767105: max relative diff=0.000001, 4453.12 sec so far
Iteration 767967: max relative diff=0.000001, 4458.12 sec so far
Iteration 768847: max relative diff=0.000001, 4463.12 sec so far
Iteration 769718: max relative diff=0.000001, 4468.13 sec so far
Iteration 770586: max relative diff=0.000001, 4473.13 sec so far
Iteration 771464: max relative diff=0.000001, 4478.14 sec so far
Iteration 772326: max relative diff=0.000001, 4483.14 sec so far
Iteration 773201: max relative diff=0.000001, 4488.15 sec so far
Iteration 773990: max relative diff=0.000001, 4493.15 sec so far
Iteration 774783: max relative diff=0.000001, 4498.15 sec so far
Iteration 775645: max relative diff=0.000001, 4503.16 sec so far
Iteration 776534: max relative diff=0.000001, 4508.16 sec so far
Iteration 777425: max relative diff=0.000001, 4513.17 sec so far
Iteration 778290: max relative diff=0.000001, 4518.17 sec so far
Iteration 779045: max relative diff=0.000001, 4523.18 sec so far
Iteration 779868: max relative diff=0.000001, 4528.18 sec so far
Iteration 780744: max relative diff=0.000001, 4533.18 sec so far
Iteration 781632: max relative diff=0.000001, 4538.19 sec so far
Iteration 782520: max relative diff=0.000001, 4543.19 sec so far
Iteration 783408: max relative diff=0.000001, 4548.19 sec so far
Iteration 784278: max relative diff=0.000001, 4553.20 sec so far
Iteration 785042: max relative diff=0.000001, 4558.20 sec so far
Iteration 785854: max relative diff=0.000001, 4563.20 sec so far
Iteration 786723: max relative diff=0.000001, 4568.20 sec so far
Iteration 787594: max relative diff=0.000001, 4573.21 sec so far
Iteration 788475: max relative diff=0.000001, 4578.21 sec so far
Iteration 789336: max relative diff=0.000001, 4583.22 sec so far
Iteration 790213: max relative diff=0.000001, 4588.22 sec so far
Iteration 791089: max relative diff=0.000001, 4593.22 sec so far
Iteration 791952: max relative diff=0.000001, 4598.23 sec so far
Iteration 792821: max relative diff=0.000001, 4603.23 sec so far
Iteration 793632: max relative diff=0.000001, 4608.24 sec so far
Iteration 794412: max relative diff=0.000001, 4613.24 sec so far
Iteration 795260: max relative diff=0.000001, 4618.24 sec so far
Iteration 796141: max relative diff=0.000001, 4623.25 sec so far
Iteration 797013: max relative diff=0.000001, 4628.25 sec so far
Iteration 797883: max relative diff=0.000001, 4633.26 sec so far
Iteration 798765: max relative diff=0.000001, 4638.26 sec so far
Iteration 799631: max relative diff=0.000001, 4643.27 sec so far
Iteration 800521: max relative diff=0.000001, 4648.27 sec so far
Iteration 801411: max relative diff=0.000001, 4653.27 sec so far
Iteration 802275: max relative diff=0.000001, 4658.28 sec so far
Iteration 803032: max relative diff=0.000001, 4663.28 sec so far
Iteration 803860: max relative diff=0.000001, 4668.29 sec so far
Iteration 804740: max relative diff=0.000001, 4673.29 sec so far
Iteration 805605: max relative diff=0.000001, 4678.30 sec so far
Iteration 806489: max relative diff=0.000001, 4683.30 sec so far
Iteration 807360: max relative diff=0.000001, 4688.31 sec so far
Iteration 808232: max relative diff=0.000001, 4693.31 sec so far
Iteration 809116: max relative diff=0.000001, 4698.31 sec so far
Iteration 809979: max relative diff=0.000001, 4703.31 sec so far
Iteration 810855: max relative diff=0.000001, 4708.32 sec so far
Iteration 811734: max relative diff=0.000001, 4713.32 sec so far
Iteration 812600: max relative diff=0.000001, 4718.32 sec so far
Iteration 813481: max relative diff=0.000001, 4723.33 sec so far
Iteration 814354: max relative diff=0.000001, 4728.33 sec so far
Iteration 815222: max relative diff=0.000001, 4733.33 sec so far
Iteration 816104: max relative diff=0.000001, 4738.33 sec so far
Iteration 816966: max relative diff=0.000001, 4743.34 sec so far
Iteration 817840: max relative diff=0.000001, 4748.34 sec so far
Iteration 818719: max relative diff=0.000001, 4753.34 sec so far
Iteration 819585: max relative diff=0.000001, 4758.35 sec so far
Iteration 820465: max relative diff=0.000001, 4763.35 sec so far
Iteration 821333: max relative diff=0.000001, 4768.35 sec so far
Iteration 822200: max relative diff=0.000001, 4773.35 sec so far
Iteration 823081: max relative diff=0.000001, 4778.36 sec so far
Iteration 823945: max relative diff=0.000001, 4783.36 sec so far
Iteration 824819: max relative diff=0.000001, 4788.36 sec so far
Iteration 825602: max relative diff=0.000001, 4793.36 sec so far
Iteration 826398: max relative diff=0.000001, 4798.37 sec so far
Iteration 827262: max relative diff=0.000001, 4803.37 sec so far
Iteration 828138: max relative diff=0.000001, 4808.38 sec so far
Iteration 829013: max relative diff=0.000001, 4813.38 sec so far
Iteration 829877: max relative diff=0.000001, 4818.38 sec so far
Iteration 830757: max relative diff=0.000001, 4823.39 sec so far
Iteration 831628: max relative diff=0.000001, 4828.39 sec so far
Iteration 832495: max relative diff=0.000001, 4833.40 sec so far
Iteration 833255: max relative diff=0.000001, 4838.40 sec so far
Iteration 834071: max relative diff=0.000001, 4843.40 sec so far
Iteration 834943: max relative diff=0.000001, 4848.40 sec so far
Iteration 835829: max relative diff=0.000001, 4853.40 sec so far
Iteration 836717: max relative diff=0.000001, 4858.41 sec so far
Iteration 837605: max relative diff=0.000001, 4863.41 sec so far
Iteration 838479: max relative diff=0.000001, 4868.42 sec so far
Iteration 839261: max relative diff=0.000001, 4873.42 sec so far
Iteration 840060: max relative diff=0.000001, 4878.43 sec so far
Iteration 840924: max relative diff=0.000001, 4883.43 sec so far
Iteration 841799: max relative diff=0.000001, 4888.43 sec so far
Iteration 842677: max relative diff=0.000001, 4893.44 sec so far
Iteration 843539: max relative diff=0.000001, 4898.44 sec so far
Iteration 844418: max relative diff=0.000001, 4903.45 sec so far
Iteration 845290: max relative diff=0.000001, 4908.45 sec so far
Iteration 846158: max relative diff=0.000001, 4913.45 sec so far
Iteration 847039: max relative diff=0.000001, 4918.45 sec so far
Iteration 847905: max relative diff=0.000001, 4923.46 sec so far
Iteration 848794: max relative diff=0.000001, 4928.46 sec so far
Iteration 849681: max relative diff=0.000001, 4933.46 sec so far

Iterative method: 850310 iterations in 4937.47 seconds (average 0.005806, setup 0.47)

Value in the initial state: 0.005377337108145391

Time for model checking: 4944.22 seconds.

Result: 0.005377337108145391 (value in the initial state)

