PRISM
=====

Version: 4.6
Date: Sun May 01 19:08:53 IRDT 2022
Hostname: sadegh-H81M-S2PH
Memory limits: cudd=1g, java(heap)=910.5m
Command line: prism ../prism-examples/mdps/mer/mer2_2_full.nm ../prism-examples/mdps/mer/mer.pctl -s -prop 1 -const 'n=1000,x=.1' -noprob1 -mod4

Parsing model file "../prism-examples/mdps/mer/mer2_2_full.nm"...

Type:        MDP
Modules:     arbiter user1 user2 property loops 
Variables:   s r k commUser driveUser gc dc gd dd s1 r1 rescind1 s2 r2 rescind2 e u 

Parsing properties file "../prism-examples/mdps/mer/mer.pctl"...

2 properties:
(1) Pmax=? [ F "err_G" ]
(2) Pmax=? [ F<=K "err_G" ]

---------------------------------------------------------------------

Model checking: Pmax=? [ F "err_G" ]
Model constants: n=1000,x=0.1

Building model...
Model constants: n=1000,x=0.1

Computing reachable states...

Reachability (BFS): 10029 iterations in 45.00 seconds (average 0.004487, setup 0.00)

Time for model construction: 46.036 seconds.

Type:        MDP
States:      5908564 (1 initial)
Transitions: 23273354
Choices:     22688339

Transition matrix: 31472 nodes (6 terminal), 23273354 minterms, vars: 38r/38c/22nd

Prob0A: 14 iterations in 0.15 seconds (average 0.010714, setup 0.00)

yes = 3741422, no = 1096096, maybe = 1071046

Computing remaining probabilities...
Engine: Sparse

Building sparse matrix... [n=5908564, nc=2626148, nnz=2825145, k=5] [40.5 MB]
Creating vector for yes... [45.1 MB]
Allocating iteration vectors... [2 x 45.1 MB]
TOTAL: [175.7 MB]

Starting iterations...
Number of approximated usefull states: 12998 
Iterative method: 32 iterations in 2.62 seconds (average 0.012063, setup 2.24)

Value in the initial state: 0.21739124736

Time for model checking: 2.833 seconds.

Result: 0.21739124736 (value in the initial state)

