PRISM
=====

Version: 4.6
Date: Sat May 14 16:17:36 IRDT 2022
Hostname: sadegh-H81M-S2PH
Memory limits: cudd=1g, java(heap)=910.5m
Command line: prism ../prism-examples/mdps/mer/mer2_2_full.nm ../prism-examples/mdps/mer/mer.pctl -s -prop 1 -const 'n=3500,x=.1' -noprob1 -mod4

Parsing model file "../prism-examples/mdps/mer/mer2_2_full.nm"...

Type:        MDP
Modules:     arbiter user1 user2 property loops 
Variables:   s r k commUser driveUser gc dc gd dd s1 r1 rescind1 s2 r2 rescind2 e u 

Parsing properties file "../prism-examples/mdps/mer/mer.pctl"...

2 properties:
(1) Pmax=? [ F "err_G" ]
(2) Pmax=? [ F<=K "err_G" ]

---------------------------------------------------------------------

Model checking: Pmax=? [ F "err_G" ]
Model constants: n=3500,x=0.1

Building model...
Model constants: n=3500,x=0.1

Computing reachable states...

Reachability (BFS): 35029 iterations in 155.46 seconds (average 0.004438, setup 0.00)

Time for model construction: 166.673 seconds.

Type:        MDP
States:      20676064 (1 initial)
Transitions: 81440854
Choices:     79393339

Transition matrix: 33242 nodes (6 terminal), 81440854 minterms, vars: 40r/40c/22nd

Prob0A: 14 iterations in 0.16 seconds (average 0.011143, setup 0.00)

yes = 13096422, no = 3831096, maybe = 3748546

Computing remaining probabilities...
Engine: Sparse

Building sparse matrix... [n=20676064, nc=9191148, nnz=9887645, k=5] [141.6 MB]
Creating vector for yes... [157.7 MB]
Allocating iteration vectors... [2 x 157.7 MB]
TOTAL: [614.9 MB]

Starting iterations...
Number of approximated usefull states: 45498 
Iterative method: 32 iterations in 8.94 seconds (average 0.041438, setup 7.61)

Value in the initial state: 0.21739124736

Time for model checking: 9.308 seconds.

Result: 0.21739124736 (value in the initial state)

