PRISM
=====

Version: 4.6
Date: Thu Apr 28 18:32:50 IRDT 2022
Hostname: sadegh-H81M-S2PH
Memory limits: cudd=1g, java(heap)=910.5m
Command line: prism ../prism-examples/mdps/firewire/abst/deadline.nm ../prism-examples/mdps/firewire/abst/deadline.pctl -s -const 'delay=4,deadline=3000,fast=.1' -noprob1 -mod4

Parsing model file "../prism-examples/mdps/firewire/abst/deadline.nm"...

Type:        MDP
Modules:     abstract_firewire 
Variables:   y x s 

Parsing properties file "../prism-examples/mdps/firewire/abst/deadline.pctl"...

1 property:
(1) Pmin=? [ true U (s=10) ]

---------------------------------------------------------------------

Model checking: Pmin=? [ true U (s=10) ]
Model constants: deadline=3000,delay=4,fast=0.1

Building model...
Model constants: deadline=3000,delay=4,fast=0.1

Computing reachable states...

Reachability (BFS): 3058 iterations in 3.17 seconds (average 0.001038, setup 0.00)

Time for model construction: 47.041 seconds.

Type:        MDP
States:      1660548 (1 initial)
Transitions: 1990897
Choices:     1908547

Transition matrix: 11803 nodes (4 terminal), 1990897 minterms, vars: 24r/24c/2nd

Prob0E: 344 iterations in 2.85 seconds (average 0.008270, setup 0.00)

yes = 1, no = 94015, maybe = 1566532

Computing remaining probabilities...
Engine: Sparse

Building sparse matrix... [n=1660548, nc=1802273, nnz=1879523, k=3] [24.8 MB]
Creating vector for yes... [12.7 MB]
Allocating iteration vectors... [2 x 12.7 MB]
TOTAL: [62.8 MB]

Starting iterations...
Number of approximated usefull states: 164838 Iteration 1266: max relative diff=0.235348, 5.00 sec so far
Iteration 2557: max relative diff=0.036220, 10.00 sec so far

Iterative method: 2833 iterations in 11.48 seconds (average 0.003908, setup 0.41)

Value in the initial state: 0.9668980251431748

Time for model checking: 14.413 seconds.

Result: 0.9668980251431748 (value in the initial state)

