PRISM
=====

Version: 4.6
Date: Sat May 14 16:20:32 IRDT 2022
Hostname: sadegh-H81M-S2PH
Memory limits: cudd=1g, java(heap)=910.5m
Command line: prism ../prism-examples/mdps/mer/mer2_2_full.nm ../prism-examples/mdps/mer/mer.pctl -s -prop 1 -const 'n=3500,x=.1' -noprob1

Parsing model file "../prism-examples/mdps/mer/mer2_2_full.nm"...

Type:        MDP
Modules:     arbiter user1 user2 property loops 
Variables:   s r k commUser driveUser gc dc gd dd s1 r1 rescind1 s2 r2 rescind2 e u 

Parsing properties file "../prism-examples/mdps/mer/mer.pctl"...

2 properties:
(1) Pmax=? [ F "err_G" ]
(2) Pmax=? [ F<=K "err_G" ]

---------------------------------------------------------------------

Model checking: Pmax=? [ F "err_G" ]
Model constants: n=3500,x=0.1

Building model...
Model constants: n=3500,x=0.1

Computing reachable states...

Reachability (BFS): 35029 iterations in 155.92 seconds (average 0.004451, setup 0.00)

Time for model construction: 167.151 seconds.

Type:        MDP
States:      20676064 (1 initial)
Transitions: 81440854
Choices:     79393339

Transition matrix: 33242 nodes (6 terminal), 81440854 minterms, vars: 40r/40c/22nd

Prob0A: 14 iterations in 0.15 seconds (average 0.011000, setup 0.00)

yes = 13096422, no = 3831096, maybe = 3748546

Computing remaining probabilities...
Engine: Sparse
1
Building sparse matrix... [n=20676064, nc=9191148, nnz=9887645, k=5] [141.6 MB]
Creating vector for yes... [157.7 MB]
Allocating iteration vectors... [2 x 157.7 MB]
TOTAL: [614.9 MB]

Starting iterations...
Iteration 28: max relative diff=0.005891, 5.00 sec so far
Iteration 57: max relative diff=0.000004, 10.16 sec so far

Iterative method: 65 iterations in 19.21 seconds (average 0.178108, setup 7.63)

Value in the initial state: 0.21739124736

Time for model checking: 19.532 seconds.

Result: 0.21739124736 (value in the initial state)

