PRISM
=====

Version: 4.6
Date: Sat May 14 16:32:41 IRDT 2022
Hostname: sadegh-H81M-S2PH
Memory limits: cudd=1g, java(heap)=910.5m
Command line: prism ../prism-examples/mdps/mer/mer2_2_full.nm ../prism-examples/mdps/mer/mer.pctl -s -prop 1 -const 'n=5000,x=.1' -noprob1

Parsing model file "../prism-examples/mdps/mer/mer2_2_full.nm"...

Type:        MDP
Modules:     arbiter user1 user2 property loops 
Variables:   s r k commUser driveUser gc dc gd dd s1 r1 rescind1 s2 r2 rescind2 e u 

Parsing properties file "../prism-examples/mdps/mer/mer.pctl"...

2 properties:
(1) Pmax=? [ F "err_G" ]
(2) Pmax=? [ F<=K "err_G" ]

---------------------------------------------------------------------

Model checking: Pmax=? [ F "err_G" ]
Model constants: n=5000,x=0.1

Building model...
Model constants: n=5000,x=0.1

Computing reachable states...

Reachability (BFS): 50029 iterations in 231.27 seconds (average 0.004623, setup 0.00)

Time for model construction: 253.979 seconds.

Type:        MDP
States:      29536564 (1 initial)
Transitions: 116341354
Choices:     113416339

Transition matrix: 34000 nodes (6 terminal), 116341354 minterms, vars: 41r/41c/22nd

Prob0A: 14 iterations in 0.14 seconds (average 0.010357, setup 0.00)

yes = 18709422, no = 5472096, maybe = 5355046

Computing remaining probabilities...
Engine: Sparse
1
Building sparse matrix... [n=29536564, nc=13130148, nnz=14125145, k=5] [202.3 MB]
Creating vector for yes... [225.3 MB]
Allocating iteration vectors... [2 x 225.3 MB]
TOTAL: [878.4 MB]

Starting iterations...
Iteration 20: max relative diff=0.074074, 5.09 sec so far
Iteration 40: max relative diff=0.000471, 10.20 sec so far
Iteration 60: max relative diff=0.000003, 15.26 sec so far

Iterative method: 65 iterations in 27.44 seconds (average 0.254215, setup 10.92)

Value in the initial state: 0.21739124736

Time for model checking: 27.822 seconds.

Result: 0.21739124736 (value in the initial state)

