PRISM
=====

Version: 4.6
Date: Sun May 01 15:25:54 IRDT 2022
Hostname: sadegh-H81M-S2PH
Memory limits: cudd=1g, java(heap)=910.5m
Command line: prism ../prism-examples/mdps/zeroconf/zeroconf.nm ../prism-examples/mdps/zeroconf/zeroconf.pctl -prop 2 -const 'N=1500,K=10,reset=false,err=.1' -s -noprob1 -mod4

Parsing model file "../prism-examples/mdps/zeroconf/zeroconf.nm"...

Type:        MDP
Modules:     environment host0 
Variables:   b_ip7 b_ip6 b_ip5 b_ip4 b_ip3 b_ip2 b_ip1 b_ip0 n n0 n1 b z ip_mess x y coll probes mess defend ip l 

Parsing properties file "../prism-examples/mdps/zeroconf/zeroconf.pctl"...

4 properties:
(1) Pmin=? [ true U (l=4&ip=1) ]
(2) Pmax=? [ true U (l=4&ip=1) ]
(3) Rmin=? [ F l=4 ]
(4) Rmax=? [ F l=4 ]

---------------------------------------------------------------------

Model checking: Pmax=? [ true U (l=4&ip=1) ]
Model constants: reset=false,N=1500,K=10,err=0.1

Building model...
Model constants: reset=false,N=1500,K=10,err=0.1

Computing reachable states...

Reachability (BFS): 664 iterations in 100.77 seconds (average 0.151765, setup 0.00)

Time for model construction: 101.546 seconds.

Type:        MDP
States:      3001911 (1 initial)
Transitions: 6787615
Choices:     5520579

Transition matrix: 163445 nodes (6 terminal), 6787615 minterms, vars: 58r/58c/7nd

Prob0A: 140 iterations in 4.73 seconds (average 0.033786, setup 0.00)

yes = 18432, no = 957807, maybe = 2025672

Computing remaining probabilities...
Engine: Sparse

Building sparse matrix... [n=3001911, nc=3773043, nnz=4653587, k=4] [59.7 MB]
Creating vector for yes... [22.9 MB]
Allocating iteration vectors... [2 x 22.9 MB]
TOTAL: [128.4 MB]

Starting iterations...
Number of approximated usefull states: 49917 
Iterative method: 301 iterations in 4.10 seconds (average 0.003189, setup 3.14)

Value in the initial state: 2.62040254723896E-9

Time for model checking: 8.937 seconds.

Result: 2.62040254723896E-9 (value in the initial state)

