PRISM
=====

Version: 4.6
Date: Sun May 01 20:30:09 IRDT 2022
Hostname: sadegh-H81M-S2PH
Memory limits: cudd=1g, java(heap)=910.5m
Command line: prism ../prism-examples/mdps/consensus/coin4.nm ../prism-examples/mdps/consensus/coin.pctl -noprob1 -maxiters 9000500 -s -prop 3 -const K=10

Parsing model file "../prism-examples/mdps/consensus/coin4.nm"...

Type:        MDP
Modules:     process1 process2 process3 process4 
Variables:   counter pc1 coin1 pc2 coin2 pc3 coin3 pc4 coin4 

Parsing properties file "../prism-examples/mdps/consensus/coin.pctl"...

8 properties:
(1) P>=1 [ F "finished" ]
(2) Pmin=? [ F "finished"&"all_coins_equal_0" ]
(3) Pmin=? [ F "finished"&"all_coins_equal_1" ]
(4) Pmax=? [ F "finished"&!"agree" ]
(5) Pmin=? [ F<=k "finished" ]
(6) Pmax=? [ F<=k "finished" ]
(7) R{"steps"}min=? [ F "finished" ]
(8) R{"steps"}max=? [ F "finished" ]

---------------------------------------------------------------------

Model checking: Pmin=? [ F "finished"&"all_coins_equal_1" ]
Model constants: K=10

Building model...
Model constants: K=10

Computing reachable states...

Reachability (BFS): 483 iterations in 0.05 seconds (average 0.000112, setup 0.00)

Time for model construction: 0.092 seconds.

Type:        MDP
States:      104576 (1 initial)
Transitions: 351712
Choices:     281728

Transition matrix: 2384 nodes (3 terminal), 351712 minterms, vars: 19r/19c/4nd

Prob0E: 255 iterations in 0.10 seconds (average 0.000396, setup 0.00)

yes = 4, no = 54780, maybe = 49792

Computing remaining probabilities...
Engine: Sparse
1
Building sparse matrix... [n=104576, nc=159200, nnz=199000, k=4] [2.5 MB]
Creating vector for yes... [817.0 KB]
Allocating iteration vectors... [2 x 817.0 KB]
TOTAL: [4.9 MB]

Starting iterations...
Iteration 4800: max relative diff=0.001887, 5.00 sec so far
Iteration 9606: max relative diff=0.000315, 10.00 sec so far
Iteration 14204: max relative diff=0.000085, 15.00 sec so far
Iteration 18969: max relative diff=0.000024, 20.00 sec so far
Iteration 23784: max relative diff=0.000007, 25.00 sec so far
Iteration 28604: max relative diff=0.000002, 30.01 sec so far

Iterative method: 31269 iterations in 32.80 seconds (average 0.001048, setup 0.03)

Value in the initial state: 0.4622961053497508

Time for model checking: 33.101 seconds.

Result: 0.4622961053497508 (value in the initial state)

