PRISM
=====

Version: 4.6
Date: Sun May 01 20:56:41 IRDT 2022
Hostname: sadegh-H81M-S2PH
Memory limits: cudd=1g, java(heap)=910.5m
Command line: prism ../prism-examples/mdps/consensus/coin4.nm ../prism-examples/mdps/consensus/coin.pctl -noprob1 -maxiters 9000500 -s -prop 3 -const K=50

Parsing model file "../prism-examples/mdps/consensus/coin4.nm"...

Type:        MDP
Modules:     process1 process2 process3 process4 
Variables:   counter pc1 coin1 pc2 coin2 pc3 coin3 pc4 coin4 

Parsing properties file "../prism-examples/mdps/consensus/coin.pctl"...

8 properties:
(1) P>=1 [ F "finished" ]
(2) Pmin=? [ F "finished"&"all_coins_equal_0" ]
(3) Pmin=? [ F "finished"&"all_coins_equal_1" ]
(4) Pmax=? [ F "finished"&!"agree" ]
(5) Pmin=? [ F<=k "finished" ]
(6) Pmax=? [ F<=k "finished" ]
(7) R{"steps"}min=? [ F "finished" ]
(8) R{"steps"}max=? [ F "finished" ]

---------------------------------------------------------------------

Model checking: Pmin=? [ F "finished"&"all_coins_equal_1" ]
Model constants: K=50

Building model...
Model constants: K=50

Computing reachable states...

Reachability (BFS): 2403 iterations in 0.25 seconds (average 0.000102, setup 0.00)

Time for model construction: 0.559 seconds.

Type:        MDP
States:      514176 (1 initial)
Transitions: 1734112
Choices:     1387648

Transition matrix: 2484 nodes (3 terminal), 1734112 minterms, vars: 21r/21c/4nd

Prob0E: 1215 iterations in 0.38 seconds (average 0.000309, setup 0.00)

yes = 4, no = 264700, maybe = 249472

Computing remaining probabilities...
Engine: Sparse
1
Building sparse matrix... [n=514176, nc=799200, nnz=999000, k=4] [12.7 MB]
Creating vector for yes... [3.9 MB]
Allocating iteration vectors... [2 x 3.9 MB]
TOTAL: [24.5 MB]

Starting iterations...
Iteration 858: max relative diff=1.000000, 5.00 sec so far
Iteration 1712: max relative diff=0.498558, 10.01 sec so far
Iteration 2565: max relative diff=0.219882, 15.01 sec so far
Iteration 3416: max relative diff=0.123648, 20.01 sec so far
Iteration 4253: max relative diff=0.079465, 25.01 sec so far
Iteration 5074: max relative diff=0.055649, 30.02 sec so far
Iteration 5888: max relative diff=0.041245, 35.02 sec so far
Iteration 6727: max relative diff=0.031512, 40.02 sec so far
Iteration 7537: max relative diff=0.025048, 45.02 sec so far
Iteration 8361: max relative diff=0.020304, 50.03 sec so far
Iteration 9192: max relative diff=0.016766, 55.03 sec so far
Iteration 10044: max relative diff=0.014013, 60.03 sec so far
Iteration 10894: max relative diff=0.011889, 65.03 sec so far
Iteration 11746: max relative diff=0.010206, 70.03 sec so far
Iteration 12599: max relative diff=0.008855, 75.04 sec so far
Iteration 13447: max relative diff=0.007757, 80.04 sec so far
Iteration 14257: max relative diff=0.006888, 85.05 sec so far
Iteration 15080: max relative diff=0.006146, 90.06 sec so far
Iteration 15912: max relative diff=0.005508, 95.06 sec so far
Iteration 16709: max relative diff=0.004987, 100.06 sec so far
Iteration 17545: max relative diff=0.004515, 105.06 sec so far
Iteration 18365: max relative diff=0.004113, 110.06 sec so far
Iteration 19175: max relative diff=0.003766, 115.07 sec so far
Iteration 20012: max relative diff=0.003451, 120.07 sec so far
Iteration 20819: max relative diff=0.003183, 125.08 sec so far
Iteration 21641: max relative diff=0.002940, 130.08 sec so far
Iteration 22472: max relative diff=0.002722, 135.09 sec so far
Iteration 23274: max relative diff=0.002533, 140.09 sec so far
Iteration 24108: max relative diff=0.002356, 145.10 sec so far
Iteration 24925: max relative diff=0.002200, 150.10 sec so far
Iteration 25736: max relative diff=0.002060, 155.10 sec so far
Iteration 26574: max relative diff=0.001928, 160.10 sec so far
Iteration 27381: max relative diff=0.001813, 165.11 sec so far
Iteration 28230: max relative diff=0.001702, 170.11 sec so far
Iteration 29081: max relative diff=0.001601, 175.11 sec so far
Iteration 29930: max relative diff=0.001509, 180.12 sec so far
Iteration 30779: max relative diff=0.001424, 185.12 sec so far
Iteration 31629: max relative diff=0.001346, 190.13 sec so far
Iteration 32439: max relative diff=0.001277, 195.13 sec so far
Iteration 33284: max relative diff=0.001211, 200.14 sec so far
Iteration 34135: max relative diff=0.001149, 205.14 sec so far
Iteration 34956: max relative diff=0.001094, 210.14 sec so far
Iteration 35787: max relative diff=0.001041, 215.15 sec so far
Iteration 36590: max relative diff=0.000994, 220.15 sec so far
Iteration 37424: max relative diff=0.000949, 225.16 sec so far
Iteration 38245: max relative diff=0.000907, 230.16 sec so far
Iteration 39058: max relative diff=0.000868, 235.17 sec so far
Iteration 39716: max relative diff=0.000838, 240.17 sec so far
Iteration 40455: max relative diff=0.000806, 245.18 sec so far
Iteration 41277: max relative diff=0.000773, 250.18 sec so far
Iteration 42128: max relative diff=0.000741, 255.18 sec so far
Iteration 42982: max relative diff=0.000710, 260.19 sec so far
Iteration 43831: max relative diff=0.000682, 265.19 sec so far
Iteration 44681: max relative diff=0.000655, 270.19 sec so far
Iteration 45531: max relative diff=0.000629, 275.20 sec so far
Iteration 46325: max relative diff=0.000607, 280.20 sec so far
Iteration 47159: max relative diff=0.000584, 285.20 sec so far
Iteration 47980: max relative diff=0.000563, 290.21 sec so far
Iteration 48831: max relative diff=0.000543, 295.21 sec so far
Iteration 49677: max relative diff=0.000523, 300.21 sec so far
Iteration 50423: max relative diff=0.000507, 305.22 sec so far
Iteration 51095: max relative diff=0.000493, 310.22 sec so far
Iteration 51865: max relative diff=0.000478, 315.22 sec so far
Iteration 52710: max relative diff=0.000462, 320.23 sec so far
Iteration 53561: max relative diff=0.000446, 325.23 sec so far
Iteration 54414: max relative diff=0.000431, 330.24 sec so far
Iteration 55267: max relative diff=0.000417, 335.24 sec so far
Iteration 56073: max relative diff=0.000405, 340.24 sec so far
Iteration 56908: max relative diff=0.000392, 345.24 sec so far
Iteration 57622: max relative diff=0.000382, 350.25 sec so far
Iteration 58314: max relative diff=0.000372, 355.25 sec so far
Iteration 59106: max relative diff=0.000362, 360.26 sec so far
Iteration 59957: max relative diff=0.000351, 365.26 sec so far
Iteration 60808: max relative diff=0.000340, 370.27 sec so far
Iteration 61619: max relative diff=0.000331, 375.27 sec so far
Iteration 62459: max relative diff=0.000321, 380.27 sec so far
Iteration 63270: max relative diff=0.000312, 385.28 sec so far
Iteration 64121: max relative diff=0.000304, 390.28 sec so far
Iteration 64972: max relative diff=0.000295, 395.29 sec so far
Iteration 65824: max relative diff=0.000287, 400.29 sec so far
Iteration 66658: max relative diff=0.000279, 405.30 sec so far
Iteration 67481: max relative diff=0.000272, 410.30 sec so far
Iteration 68292: max relative diff=0.000265, 415.31 sec so far
Iteration 68947: max relative diff=0.000260, 420.31 sec so far
Iteration 69687: max relative diff=0.000254, 425.31 sec so far
Iteration 70510: max relative diff=0.000247, 430.31 sec so far
Iteration 71363: max relative diff=0.000241, 435.32 sec so far
Iteration 72213: max relative diff=0.000235, 440.32 sec so far
Iteration 73063: max relative diff=0.000229, 445.33 sec so far
Iteration 73913: max relative diff=0.000223, 450.33 sec so far
Iteration 74764: max relative diff=0.000218, 455.34 sec so far
Iteration 75590: max relative diff=0.000212, 460.34 sec so far
Iteration 76400: max relative diff=0.000208, 465.34 sec so far
Iteration 77251: max relative diff=0.000203, 470.35 sec so far
Iteration 78101: max relative diff=0.000198, 475.35 sec so far
Iteration 78952: max relative diff=0.000193, 480.35 sec so far
Iteration 79801: max relative diff=0.000189, 485.36 sec so far
Iteration 80652: max relative diff=0.000184, 490.36 sec so far
Iteration 81462: max relative diff=0.000180, 495.37 sec so far
Iteration 82302: max relative diff=0.000176, 500.37 sec so far
Iteration 83113: max relative diff=0.000172, 505.37 sec so far
Iteration 83963: max relative diff=0.000169, 510.37 sec so far
Iteration 84815: max relative diff=0.000165, 515.38 sec so far
Iteration 85667: max relative diff=0.000161, 520.38 sec so far
Iteration 86519: max relative diff=0.000158, 525.38 sec so far
Iteration 87341: max relative diff=0.000154, 530.39 sec so far
Iteration 88179: max relative diff=0.000151, 535.39 sec so far
Iteration 88984: max relative diff=0.000148, 540.40 sec so far
Iteration 89817: max relative diff=0.000145, 545.40 sec so far
Iteration 90641: max relative diff=0.000142, 550.41 sec so far
Iteration 91450: max relative diff=0.000139, 555.42 sec so far
Iteration 92289: max relative diff=0.000137, 560.42 sec so far
Iteration 93030: max relative diff=0.000134, 565.42 sec so far
Iteration 93707: max relative diff=0.000132, 570.43 sec so far
Iteration 94480: max relative diff=0.000130, 575.43 sec so far
Iteration 95328: max relative diff=0.000127, 580.43 sec so far
Iteration 96182: max relative diff=0.000125, 585.44 sec so far
Iteration 97002: max relative diff=0.000122, 590.44 sec so far
Iteration 97839: max relative diff=0.000120, 595.44 sec so far
Iteration 98692: max relative diff=0.000117, 600.45 sec so far
Iteration 99544: max relative diff=0.000115, 605.45 sec so far
Iteration 100395: max relative diff=0.000113, 610.45 sec so far
Iteration 101245: max relative diff=0.000111, 615.45 sec so far
Iteration 102096: max relative diff=0.000109, 620.46 sec so far
Iteration 102946: max relative diff=0.000107, 625.46 sec so far
Iteration 103798: max relative diff=0.000105, 630.46 sec so far
Iteration 104650: max relative diff=0.000103, 635.46 sec so far
Iteration 105487: max relative diff=0.000101, 640.47 sec so far
Iteration 106299: max relative diff=0.000099, 645.47 sec so far
Iteration 107119: max relative diff=0.000098, 650.47 sec so far
Iteration 107955: max relative diff=0.000096, 655.47 sec so far
Iteration 108759: max relative diff=0.000094, 660.47 sec so far
Iteration 109609: max relative diff=0.000093, 665.48 sec so far
Iteration 110460: max relative diff=0.000091, 670.48 sec so far
Iteration 111311: max relative diff=0.000089, 675.49 sec so far
Iteration 112153: max relative diff=0.000088, 680.49 sec so far
Iteration 112966: max relative diff=0.000086, 685.49 sec so far
Iteration 113786: max relative diff=0.000085, 690.50 sec so far
Iteration 114621: max relative diff=0.000083, 695.50 sec so far
Iteration 115427: max relative diff=0.000082, 700.51 sec so far
Iteration 116257: max relative diff=0.000081, 705.51 sec so far
Iteration 117081: max relative diff=0.000079, 710.52 sec so far
Iteration 117932: max relative diff=0.000078, 715.52 sec so far
Iteration 118785: max relative diff=0.000077, 720.53 sec so far
Iteration 119634: max relative diff=0.000076, 725.53 sec so far
Iteration 120453: max relative diff=0.000074, 730.53 sec so far
Iteration 121288: max relative diff=0.000073, 735.54 sec so far
Iteration 122092: max relative diff=0.000072, 740.54 sec so far
Iteration 122941: max relative diff=0.000071, 745.55 sec so far
Iteration 123792: max relative diff=0.000070, 750.55 sec so far
Iteration 124644: max relative diff=0.000069, 755.55 sec so far
Iteration 125486: max relative diff=0.000068, 760.56 sec so far
Iteration 126297: max relative diff=0.000067, 765.56 sec so far
Iteration 127116: max relative diff=0.000066, 770.57 sec so far
Iteration 127952: max relative diff=0.000065, 775.57 sec so far
Iteration 128755: max relative diff=0.000064, 780.58 sec so far
Iteration 129583: max relative diff=0.000063, 785.58 sec so far
Iteration 130406: max relative diff=0.000062, 790.58 sec so far
Iteration 131211: max relative diff=0.000061, 795.58 sec so far
Iteration 132049: max relative diff=0.000060, 800.59 sec so far
Iteration 132861: max relative diff=0.000059, 805.59 sec so far
Iteration 133680: max relative diff=0.000058, 810.59 sec so far
Iteration 134516: max relative diff=0.000057, 815.60 sec so far
Iteration 135310: max relative diff=0.000056, 820.60 sec so far
Iteration 136138: max relative diff=0.000056, 825.61 sec so far
Iteration 136962: max relative diff=0.000055, 830.61 sec so far
Iteration 137811: max relative diff=0.000054, 835.61 sec so far
Iteration 138660: max relative diff=0.000053, 840.62 sec so far
Iteration 139511: max relative diff=0.000052, 845.62 sec so far
Iteration 140363: max relative diff=0.000052, 850.62 sec so far
Iteration 141169: max relative diff=0.000051, 855.62 sec so far
Iteration 142007: max relative diff=0.000050, 860.63 sec so far
Iteration 142821: max relative diff=0.000050, 865.63 sec so far
Iteration 143673: max relative diff=0.000049, 870.63 sec so far
Iteration 144524: max relative diff=0.000048, 875.63 sec so far
Iteration 145374: max relative diff=0.000048, 880.64 sec so far
Iteration 146224: max relative diff=0.000047, 885.64 sec so far
Iteration 147075: max relative diff=0.000046, 890.64 sec so far
Iteration 147927: max relative diff=0.000046, 895.64 sec so far
Iteration 148780: max relative diff=0.000045, 900.65 sec so far
Iteration 149631: max relative diff=0.000044, 905.65 sec so far
Iteration 150449: max relative diff=0.000044, 910.65 sec so far
Iteration 151288: max relative diff=0.000043, 915.66 sec so far
Iteration 152056: max relative diff=0.000043, 920.66 sec so far
Iteration 152720: max relative diff=0.000042, 925.66 sec so far
Iteration 153479: max relative diff=0.000042, 930.66 sec so far
Iteration 154318: max relative diff=0.000041, 935.67 sec so far
Iteration 155123: max relative diff=0.000041, 940.67 sec so far
Iteration 155953: max relative diff=0.000040, 945.68 sec so far
Iteration 156782: max relative diff=0.000039, 950.68 sec so far
Iteration 157588: max relative diff=0.000039, 955.68 sec so far
Iteration 158427: max relative diff=0.000038, 960.69 sec so far
Iteration 159242: max relative diff=0.000038, 965.69 sec so far
Iteration 160060: max relative diff=0.000037, 970.70 sec so far
Iteration 160730: max relative diff=0.000037, 975.70 sec so far
Iteration 161458: max relative diff=0.000037, 980.71 sec so far
Iteration 162273: max relative diff=0.000036, 985.71 sec so far
Iteration 163123: max relative diff=0.000036, 990.71 sec so far
Iteration 163973: max relative diff=0.000035, 995.71 sec so far
Iteration 164818: max relative diff=0.000035, 1000.72 sec so far
Iteration 165669: max relative diff=0.000034, 1005.72 sec so far
Iteration 166486: max relative diff=0.000034, 1010.72 sec so far
Iteration 167154: max relative diff=0.000034, 1015.73 sec so far
Iteration 167882: max relative diff=0.000033, 1020.74 sec so far
Iteration 168700: max relative diff=0.000033, 1025.74 sec so far
Iteration 169552: max relative diff=0.000032, 1030.74 sec so far
Iteration 170404: max relative diff=0.000032, 1035.74 sec so far
Iteration 171209: max relative diff=0.000032, 1040.75 sec so far
Iteration 172062: max relative diff=0.000031, 1045.75 sec so far
Iteration 172913: max relative diff=0.000031, 1050.75 sec so far
Iteration 173720: max relative diff=0.000030, 1055.76 sec so far
Iteration 174559: max relative diff=0.000030, 1060.76 sec so far
Iteration 175290: max relative diff=0.000030, 1065.76 sec so far
Iteration 175972: max relative diff=0.000029, 1070.77 sec so far
Iteration 176749: max relative diff=0.000029, 1075.77 sec so far
Iteration 177598: max relative diff=0.000029, 1080.78 sec so far
Iteration 178451: max relative diff=0.000028, 1085.78 sec so far
Iteration 179303: max relative diff=0.000028, 1090.78 sec so far
Iteration 180155: max relative diff=0.000028, 1095.78 sec so far
Iteration 180994: max relative diff=0.000027, 1100.79 sec so far
Iteration 181810: max relative diff=0.000027, 1105.79 sec so far
Iteration 182626: max relative diff=0.000027, 1110.80 sec so far
Iteration 183465: max relative diff=0.000026, 1115.80 sec so far
Iteration 184227: max relative diff=0.000026, 1120.81 sec so far
Iteration 184894: max relative diff=0.000026, 1125.82 sec so far
Iteration 185654: max relative diff=0.000026, 1130.82 sec so far
Iteration 186493: max relative diff=0.000025, 1135.82 sec so far
Iteration 187345: max relative diff=0.000025, 1140.83 sec so far
Iteration 188197: max relative diff=0.000025, 1145.83 sec so far
Iteration 189049: max relative diff=0.000024, 1150.83 sec so far
Iteration 189901: max relative diff=0.000024, 1155.84 sec so far
Iteration 190753: max relative diff=0.000024, 1160.84 sec so far
Iteration 191605: max relative diff=0.000024, 1165.84 sec so far
Iteration 192457: max relative diff=0.000023, 1170.85 sec so far
Iteration 193310: max relative diff=0.000023, 1175.85 sec so far
Iteration 194155: max relative diff=0.000023, 1180.85 sec so far
Iteration 194982: max relative diff=0.000023, 1185.86 sec so far
Iteration 195811: max relative diff=0.000022, 1190.86 sec so far
Iteration 196618: max relative diff=0.000022, 1195.87 sec so far
Iteration 197457: max relative diff=0.000022, 1200.87 sec so far
Iteration 198275: max relative diff=0.000022, 1205.88 sec so far
Iteration 199090: max relative diff=0.000021, 1210.88 sec so far
Iteration 199929: max relative diff=0.000021, 1215.88 sec so far
Iteration 200780: max relative diff=0.000021, 1220.88 sec so far
Iteration 201632: max relative diff=0.000021, 1225.89 sec so far
Iteration 202482: max relative diff=0.000020, 1230.89 sec so far
Iteration 203335: max relative diff=0.000020, 1235.89 sec so far
Iteration 204187: max relative diff=0.000020, 1240.90 sec so far
Iteration 205015: max relative diff=0.000020, 1245.90 sec so far
Iteration 205710: max relative diff=0.000019, 1250.90 sec so far
Iteration 206411: max relative diff=0.000019, 1255.91 sec so far
Iteration 207216: max relative diff=0.000019, 1260.91 sec so far
Iteration 208069: max relative diff=0.000019, 1265.91 sec so far
Iteration 208920: max relative diff=0.000019, 1270.92 sec so far
Iteration 209770: max relative diff=0.000018, 1275.92 sec so far
Iteration 210620: max relative diff=0.000018, 1280.92 sec so far
Iteration 211470: max relative diff=0.000018, 1285.93 sec so far
Iteration 212322: max relative diff=0.000018, 1290.93 sec so far
Iteration 213126: max relative diff=0.000018, 1295.93 sec so far
Iteration 213966: max relative diff=0.000017, 1300.94 sec so far
Iteration 214784: max relative diff=0.000017, 1305.94 sec so far
Iteration 215600: max relative diff=0.000017, 1310.94 sec so far
Iteration 216263: max relative diff=0.000017, 1315.94 sec so far
Iteration 216996: max relative diff=0.000017, 1320.95 sec so far
Iteration 217813: max relative diff=0.000017, 1325.95 sec so far
Iteration 218665: max relative diff=0.000016, 1330.96 sec so far
Iteration 219514: max relative diff=0.000016, 1335.96 sec so far
Iteration 220364: max relative diff=0.000016, 1340.96 sec so far
Iteration 221217: max relative diff=0.000016, 1345.97 sec so far
Iteration 222068: max relative diff=0.000016, 1350.97 sec so far
Iteration 222919: max relative diff=0.000016, 1355.98 sec so far
Iteration 223758: max relative diff=0.000015, 1360.98 sec so far
Iteration 224585: max relative diff=0.000015, 1365.98 sec so far
Iteration 225415: max relative diff=0.000015, 1370.99 sec so far
Iteration 226219: max relative diff=0.000015, 1375.99 sec so far
Iteration 227072: max relative diff=0.000015, 1380.99 sec so far
Iteration 227923: max relative diff=0.000015, 1385.99 sec so far
Iteration 228737: max relative diff=0.000014, 1390.99 sec so far
Iteration 229578: max relative diff=0.000014, 1396.00 sec so far
Iteration 230384: max relative diff=0.000014, 1401.01 sec so far
Iteration 231210: max relative diff=0.000014, 1406.01 sec so far
Iteration 232041: max relative diff=0.000014, 1411.01 sec so far
Iteration 232846: max relative diff=0.000014, 1416.01 sec so far
Iteration 233685: max relative diff=0.000014, 1421.02 sec so far
Iteration 234504: max relative diff=0.000013, 1426.02 sec so far
Iteration 235318: max relative diff=0.000013, 1431.02 sec so far
Iteration 236158: max relative diff=0.000013, 1436.03 sec so far
Iteration 237010: max relative diff=0.000013, 1441.03 sec so far
Iteration 237836: max relative diff=0.000013, 1446.04 sec so far
Iteration 238667: max relative diff=0.000013, 1451.04 sec so far
Iteration 239470: max relative diff=0.000013, 1456.04 sec so far
Iteration 240307: max relative diff=0.000013, 1461.04 sec so far
Iteration 241126: max relative diff=0.000012, 1466.05 sec so far
Iteration 241940: max relative diff=0.000012, 1471.05 sec so far
Iteration 242779: max relative diff=0.000012, 1476.05 sec so far
Iteration 243588: max relative diff=0.000012, 1481.06 sec so far
Iteration 244415: max relative diff=0.000012, 1486.06 sec so far
Iteration 245246: max relative diff=0.000012, 1491.06 sec so far
Iteration 246052: max relative diff=0.000012, 1496.07 sec so far
Iteration 246890: max relative diff=0.000012, 1501.07 sec so far
Iteration 247707: max relative diff=0.000011, 1506.07 sec so far
Iteration 248521: max relative diff=0.000011, 1511.08 sec so far
Iteration 249362: max relative diff=0.000011, 1516.08 sec so far
Iteration 250213: max relative diff=0.000011, 1521.09 sec so far
Iteration 251063: max relative diff=0.000011, 1526.09 sec so far
Iteration 251915: max relative diff=0.000011, 1531.09 sec so far
Iteration 252718: max relative diff=0.000011, 1536.10 sec so far
Iteration 253550: max relative diff=0.000011, 1541.10 sec so far
Iteration 254272: max relative diff=0.000011, 1546.10 sec so far
Iteration 254959: max relative diff=0.000010, 1551.11 sec so far
Iteration 255744: max relative diff=0.000010, 1556.11 sec so far
Iteration 256594: max relative diff=0.000010, 1561.12 sec so far
Iteration 257447: max relative diff=0.000010, 1566.12 sec so far
Iteration 258299: max relative diff=0.000010, 1571.13 sec so far
Iteration 259152: max relative diff=0.000010, 1576.13 sec so far
Iteration 259989: max relative diff=0.000010, 1581.14 sec so far
Iteration 260808: max relative diff=0.000010, 1586.14 sec so far
Iteration 261620: max relative diff=0.000010, 1591.15 sec so far
Iteration 262282: max relative diff=0.000010, 1596.15 sec so far
Iteration 263016: max relative diff=0.000010, 1601.16 sec so far
Iteration 263836: max relative diff=0.000009, 1606.16 sec so far
Iteration 264687: max relative diff=0.000009, 1611.16 sec so far
Iteration 265538: max relative diff=0.000009, 1616.17 sec so far
Iteration 266390: max relative diff=0.000009, 1621.17 sec so far
Iteration 267242: max relative diff=0.000009, 1626.18 sec so far
Iteration 268094: max relative diff=0.000009, 1631.18 sec so far
Iteration 268942: max relative diff=0.000009, 1636.18 sec so far
Iteration 269750: max relative diff=0.000009, 1641.18 sec so far
Iteration 270577: max relative diff=0.000009, 1646.19 sec so far
Iteration 271408: max relative diff=0.000009, 1651.19 sec so far
Iteration 272258: max relative diff=0.000009, 1656.20 sec so far
Iteration 273095: max relative diff=0.000008, 1661.20 sec so far
Iteration 273916: max relative diff=0.000008, 1666.20 sec so far
Iteration 274727: max relative diff=0.000008, 1671.21 sec so far
Iteration 275567: max relative diff=0.000008, 1676.21 sec so far
Iteration 276377: max relative diff=0.000008, 1681.21 sec so far
Iteration 277202: max relative diff=0.000008, 1686.22 sec so far
Iteration 278035: max relative diff=0.000008, 1691.22 sec so far
Iteration 278886: max relative diff=0.000008, 1696.22 sec so far
Iteration 279721: max relative diff=0.000008, 1701.22 sec so far
Iteration 280541: max relative diff=0.000008, 1706.23 sec so far
Iteration 281355: max relative diff=0.000008, 1711.23 sec so far
Iteration 282172: max relative diff=0.000008, 1716.23 sec so far
Iteration 282980: max relative diff=0.000008, 1721.23 sec so far
Iteration 283804: max relative diff=0.000007, 1726.24 sec so far
Iteration 284637: max relative diff=0.000007, 1731.24 sec so far
Iteration 285443: max relative diff=0.000007, 1736.24 sec so far
Iteration 286280: max relative diff=0.000007, 1741.25 sec so far
Iteration 287100: max relative diff=0.000007, 1746.25 sec so far
Iteration 287911: max relative diff=0.000007, 1751.25 sec so far
Iteration 288751: max relative diff=0.000007, 1756.26 sec so far
Iteration 289560: max relative diff=0.000007, 1761.26 sec so far
Iteration 290385: max relative diff=0.000007, 1766.27 sec so far
Iteration 291220: max relative diff=0.000007, 1771.27 sec so far
Iteration 292023: max relative diff=0.000007, 1776.27 sec so far
Iteration 292856: max relative diff=0.000007, 1781.28 sec so far
Iteration 293676: max relative diff=0.000007, 1786.28 sec so far
Iteration 294487: max relative diff=0.000007, 1791.28 sec so far
Iteration 295326: max relative diff=0.000007, 1796.29 sec so far
Iteration 296135: max relative diff=0.000006, 1801.29 sec so far
Iteration 296958: max relative diff=0.000006, 1806.29 sec so far
Iteration 297639: max relative diff=0.000006, 1811.30 sec so far
Iteration 298351: max relative diff=0.000006, 1816.31 sec so far
Iteration 299159: max relative diff=0.000006, 1821.31 sec so far
Iteration 299981: max relative diff=0.000006, 1826.32 sec so far
Iteration 300813: max relative diff=0.000006, 1831.32 sec so far
Iteration 301663: max relative diff=0.000006, 1836.33 sec so far
Iteration 302494: max relative diff=0.000006, 1841.33 sec so far
Iteration 303315: max relative diff=0.000006, 1846.33 sec so far
Iteration 304123: max relative diff=0.000006, 1851.34 sec so far
Iteration 304966: max relative diff=0.000006, 1856.34 sec so far
Iteration 305815: max relative diff=0.000006, 1861.34 sec so far
Iteration 306635: max relative diff=0.000006, 1866.34 sec so far
Iteration 307467: max relative diff=0.000006, 1871.35 sec so far
Iteration 308270: max relative diff=0.000006, 1876.35 sec so far
Iteration 309103: max relative diff=0.000006, 1881.35 sec so far
Iteration 309926: max relative diff=0.000006, 1886.36 sec so far
Iteration 310734: max relative diff=0.000006, 1891.36 sec so far
Iteration 311547: max relative diff=0.000005, 1896.36 sec so far
Iteration 312354: max relative diff=0.000005, 1901.36 sec so far
Iteration 313174: max relative diff=0.000005, 1906.37 sec so far
Iteration 314004: max relative diff=0.000005, 1911.37 sec so far
Iteration 314806: max relative diff=0.000005, 1916.37 sec so far
Iteration 315640: max relative diff=0.000005, 1921.37 sec so far
Iteration 316461: max relative diff=0.000005, 1926.38 sec so far
Iteration 317309: max relative diff=0.000005, 1931.38 sec so far
Iteration 318158: max relative diff=0.000005, 1936.38 sec so far
Iteration 319009: max relative diff=0.000005, 1941.39 sec so far
Iteration 319828: max relative diff=0.000005, 1946.39 sec so far
Iteration 320663: max relative diff=0.000005, 1951.39 sec so far
Iteration 321470: max relative diff=0.000005, 1956.40 sec so far
Iteration 322302: max relative diff=0.000005, 1961.40 sec so far
Iteration 323124: max relative diff=0.000005, 1966.41 sec so far
Iteration 323933: max relative diff=0.000005, 1971.41 sec so far
Iteration 324772: max relative diff=0.000005, 1976.42 sec so far
Iteration 325582: max relative diff=0.000005, 1981.42 sec so far
Iteration 326403: max relative diff=0.000005, 1986.42 sec so far
Iteration 327236: max relative diff=0.000005, 1991.42 sec so far
Iteration 328015: max relative diff=0.000005, 1996.43 sec so far
Iteration 328671: max relative diff=0.000005, 2001.43 sec so far
Iteration 329423: max relative diff=0.000004, 2006.43 sec so far
Iteration 330255: max relative diff=0.000004, 2011.44 sec so far
Iteration 331107: max relative diff=0.000004, 2016.44 sec so far
Iteration 331955: max relative diff=0.000004, 2021.44 sec so far
Iteration 332805: max relative diff=0.000004, 2026.44 sec so far
Iteration 333612: max relative diff=0.000004, 2031.44 sec so far
Iteration 334450: max relative diff=0.000004, 2036.45 sec so far
Iteration 335263: max relative diff=0.000004, 2041.45 sec so far
Iteration 336083: max relative diff=0.000004, 2046.46 sec so far
Iteration 336916: max relative diff=0.000004, 2051.46 sec so far
Iteration 337720: max relative diff=0.000004, 2056.47 sec so far
Iteration 338552: max relative diff=0.000004, 2061.47 sec so far
Iteration 339373: max relative diff=0.000004, 2066.47 sec so far
Iteration 340182: max relative diff=0.000004, 2071.48 sec so far
Iteration 341010: max relative diff=0.000004, 2076.48 sec so far
Iteration 341820: max relative diff=0.000004, 2081.49 sec so far
Iteration 342640: max relative diff=0.000004, 2086.49 sec so far
Iteration 343474: max relative diff=0.000004, 2091.49 sec so far
Iteration 344276: max relative diff=0.000004, 2096.49 sec so far
Iteration 345107: max relative diff=0.000004, 2101.50 sec so far
Iteration 345931: max relative diff=0.000004, 2106.50 sec so far
Iteration 346738: max relative diff=0.000004, 2111.51 sec so far
Iteration 347575: max relative diff=0.000004, 2116.51 sec so far
Iteration 348385: max relative diff=0.000004, 2121.52 sec so far
Iteration 349204: max relative diff=0.000004, 2126.52 sec so far
Iteration 350039: max relative diff=0.000004, 2131.53 sec so far
Iteration 350842: max relative diff=0.000004, 2136.53 sec so far
Iteration 351672: max relative diff=0.000004, 2141.53 sec so far
Iteration 352495: max relative diff=0.000003, 2146.54 sec so far
Iteration 353301: max relative diff=0.000003, 2151.54 sec so far
Iteration 354141: max relative diff=0.000003, 2156.55 sec so far
Iteration 354952: max relative diff=0.000003, 2161.55 sec so far
Iteration 355771: max relative diff=0.000003, 2166.56 sec so far
Iteration 356607: max relative diff=0.000003, 2171.56 sec so far
Iteration 357379: max relative diff=0.000003, 2176.57 sec so far
Iteration 358035: max relative diff=0.000003, 2181.57 sec so far
Iteration 358789: max relative diff=0.000003, 2186.57 sec so far
Iteration 359625: max relative diff=0.000003, 2191.58 sec so far
Iteration 360479: max relative diff=0.000003, 2196.58 sec so far
Iteration 361332: max relative diff=0.000003, 2201.59 sec so far
Iteration 362183: max relative diff=0.000003, 2206.59 sec so far
Iteration 363036: max relative diff=0.000003, 2211.60 sec so far
Iteration 363840: max relative diff=0.000003, 2216.60 sec so far
Iteration 364670: max relative diff=0.000003, 2221.61 sec so far
Iteration 365493: max relative diff=0.000003, 2226.61 sec so far
Iteration 366345: max relative diff=0.000003, 2231.61 sec so far
Iteration 367190: max relative diff=0.000003, 2236.62 sec so far
Iteration 368003: max relative diff=0.000003, 2241.62 sec so far
Iteration 368823: max relative diff=0.000003, 2246.62 sec so far
Iteration 369498: max relative diff=0.000003, 2251.63 sec so far
Iteration 370213: max relative diff=0.000003, 2256.63 sec so far
Iteration 371025: max relative diff=0.000003, 2261.63 sec so far
Iteration 371876: max relative diff=0.000003, 2266.64 sec so far
Iteration 372729: max relative diff=0.000003, 2271.64 sec so far
Iteration 373580: max relative diff=0.000003, 2276.64 sec so far
Iteration 374411: max relative diff=0.000003, 2281.64 sec so far
Iteration 375237: max relative diff=0.000003, 2286.65 sec so far
Iteration 376045: max relative diff=0.000003, 2291.65 sec so far
Iteration 376895: max relative diff=0.000003, 2296.65 sec so far
Iteration 377746: max relative diff=0.000003, 2301.66 sec so far
Iteration 378597: max relative diff=0.000003, 2306.66 sec so far
Iteration 379448: max relative diff=0.000003, 2311.66 sec so far
Iteration 380256: max relative diff=0.000003, 2316.67 sec so far
Iteration 381087: max relative diff=0.000003, 2321.67 sec so far
Iteration 381913: max relative diff=0.000003, 2326.68 sec so far
Iteration 382718: max relative diff=0.000003, 2331.68 sec so far
Iteration 383557: max relative diff=0.000002, 2336.69 sec so far
Iteration 384372: max relative diff=0.000002, 2341.69 sec so far
Iteration 385223: max relative diff=0.000002, 2346.70 sec so far
Iteration 386074: max relative diff=0.000002, 2351.70 sec so far
Iteration 386924: max relative diff=0.000002, 2356.70 sec so far
Iteration 387775: max relative diff=0.000002, 2361.70 sec so far
Iteration 388627: max relative diff=0.000002, 2366.70 sec so far
Iteration 389476: max relative diff=0.000002, 2371.70 sec so far
Iteration 390329: max relative diff=0.000002, 2376.71 sec so far
Iteration 391180: max relative diff=0.000002, 2381.72 sec so far
Iteration 392033: max relative diff=0.000002, 2386.72 sec so far
Iteration 392884: max relative diff=0.000002, 2391.72 sec so far
Iteration 393735: max relative diff=0.000002, 2396.73 sec so far
Iteration 394586: max relative diff=0.000002, 2401.73 sec so far
Iteration 395403: max relative diff=0.000002, 2406.73 sec so far
Iteration 396243: max relative diff=0.000002, 2411.74 sec so far
Iteration 397047: max relative diff=0.000002, 2416.74 sec so far
Iteration 397880: max relative diff=0.000002, 2421.75 sec so far
Iteration 398580: max relative diff=0.000002, 2426.75 sec so far
Iteration 399276: max relative diff=0.000002, 2431.76 sec so far
Iteration 400074: max relative diff=0.000002, 2436.76 sec so far
Iteration 400924: max relative diff=0.000002, 2441.76 sec so far
Iteration 401776: max relative diff=0.000002, 2446.77 sec so far
Iteration 402627: max relative diff=0.000002, 2451.77 sec so far
Iteration 403479: max relative diff=0.000002, 2456.77 sec so far
Iteration 404309: max relative diff=0.000002, 2461.77 sec so far
Iteration 405136: max relative diff=0.000002, 2466.77 sec so far
Iteration 405942: max relative diff=0.000002, 2471.78 sec so far
Iteration 406780: max relative diff=0.000002, 2476.78 sec so far
Iteration 407595: max relative diff=0.000002, 2481.78 sec so far
Iteration 408412: max relative diff=0.000002, 2486.78 sec so far
Iteration 409249: max relative diff=0.000002, 2491.79 sec so far
Iteration 410054: max relative diff=0.000002, 2496.79 sec so far
Iteration 410886: max relative diff=0.000002, 2501.79 sec so far
Iteration 411712: max relative diff=0.000002, 2506.79 sec so far
Iteration 412521: max relative diff=0.000002, 2511.80 sec so far
Iteration 413361: max relative diff=0.000002, 2516.80 sec so far
Iteration 414177: max relative diff=0.000002, 2521.80 sec so far
Iteration 414996: max relative diff=0.000002, 2526.81 sec so far
Iteration 415835: max relative diff=0.000002, 2531.81 sec so far
Iteration 416686: max relative diff=0.000002, 2536.81 sec so far
Iteration 417515: max relative diff=0.000002, 2541.81 sec so far
Iteration 418345: max relative diff=0.000002, 2546.82 sec so far
Iteration 419151: max relative diff=0.000002, 2551.83 sec so far
Iteration 419989: max relative diff=0.000002, 2556.83 sec so far
Iteration 420803: max relative diff=0.000002, 2561.83 sec so far
Iteration 421655: max relative diff=0.000002, 2566.84 sec so far
Iteration 422506: max relative diff=0.000002, 2571.84 sec so far
Iteration 423360: max relative diff=0.000002, 2576.84 sec so far
Iteration 424210: max relative diff=0.000002, 2581.84 sec so far
Iteration 425064: max relative diff=0.000002, 2586.85 sec so far
Iteration 425915: max relative diff=0.000002, 2591.85 sec so far
Iteration 426755: max relative diff=0.000002, 2596.85 sec so far
Iteration 427573: max relative diff=0.000002, 2601.86 sec so far
Iteration 428390: max relative diff=0.000002, 2606.86 sec so far
Iteration 429228: max relative diff=0.000002, 2611.86 sec so far
Iteration 430029: max relative diff=0.000002, 2616.87 sec so far
Iteration 430857: max relative diff=0.000002, 2621.87 sec so far
Iteration 431685: max relative diff=0.000001, 2626.87 sec so far
Iteration 432490: max relative diff=0.000001, 2631.88 sec so far
Iteration 433330: max relative diff=0.000001, 2636.88 sec so far
Iteration 434147: max relative diff=0.000001, 2641.88 sec so far
Iteration 434997: max relative diff=0.000001, 2646.89 sec so far
Iteration 435846: max relative diff=0.000001, 2651.89 sec so far
Iteration 436697: max relative diff=0.000001, 2656.89 sec so far
Iteration 437525: max relative diff=0.000001, 2661.89 sec so far
Iteration 438355: max relative diff=0.000001, 2666.90 sec so far
Iteration 439160: max relative diff=0.000001, 2671.90 sec so far
Iteration 440012: max relative diff=0.000001, 2676.91 sec so far
Iteration 440864: max relative diff=0.000001, 2681.91 sec so far
Iteration 441680: max relative diff=0.000001, 2686.91 sec so far
Iteration 442520: max relative diff=0.000001, 2691.92 sec so far
Iteration 443325: max relative diff=0.000001, 2696.92 sec so far
Iteration 444152: max relative diff=0.000001, 2701.92 sec so far
Iteration 444980: max relative diff=0.000001, 2706.93 sec so far
Iteration 445787: max relative diff=0.000001, 2711.93 sec so far
Iteration 446627: max relative diff=0.000001, 2716.93 sec so far
Iteration 447445: max relative diff=0.000001, 2721.93 sec so far
Iteration 448261: max relative diff=0.000001, 2726.94 sec so far
Iteration 449102: max relative diff=0.000001, 2731.95 sec so far
Iteration 449954: max relative diff=0.000001, 2736.95 sec so far
Iteration 450806: max relative diff=0.000001, 2741.95 sec so far
Iteration 451659: max relative diff=0.000001, 2746.95 sec so far
Iteration 452464: max relative diff=0.000001, 2751.95 sec so far
Iteration 453315: max relative diff=0.000001, 2756.96 sec so far
Iteration 454166: max relative diff=0.000001, 2761.96 sec so far
Iteration 455018: max relative diff=0.000001, 2766.97 sec so far
Iteration 455867: max relative diff=0.000001, 2771.97 sec so far
Iteration 456721: max relative diff=0.000001, 2776.98 sec so far
Iteration 457571: max relative diff=0.000001, 2781.98 sec so far
Iteration 458420: max relative diff=0.000001, 2786.98 sec so far
Iteration 459270: max relative diff=0.000001, 2791.98 sec so far
Iteration 460103: max relative diff=0.000001, 2796.99 sec so far
Iteration 460920: max relative diff=0.000001, 2801.99 sec so far
Iteration 461735: max relative diff=0.000001, 2807.00 sec so far
Iteration 462578: max relative diff=0.000001, 2812.00 sec so far
Iteration 463385: max relative diff=0.000001, 2817.01 sec so far
Iteration 464212: max relative diff=0.000001, 2822.01 sec so far
Iteration 465043: max relative diff=0.000001, 2827.01 sec so far
Iteration 465847: max relative diff=0.000001, 2832.02 sec so far
Iteration 466698: max relative diff=0.000001, 2837.02 sec so far
Iteration 467550: max relative diff=0.000001, 2842.03 sec so far
Iteration 468402: max relative diff=0.000001, 2847.03 sec so far
Iteration 469254: max relative diff=0.000001, 2852.03 sec so far

Iterative method: 469941 iterations in 2856.49 seconds (average 0.006078, setup 0.16)

Value in the initial state: 0.4874244369326184

Time for model checking: 2859.553 seconds.

Result: 0.4874244369326184 (value in the initial state)

