PRISM
=====

Version: 4.6
Date: Sun May 01 21:58:49 IRDT 2022
Hostname: sadegh-H81M-S2PH
Memory limits: cudd=1g, java(heap)=910.5m
Command line: prism ../prism-examples/mdps/consensus/coin4.nm ../prism-examples/mdps/consensus/coin.pctl -noprob1 -maxiters 9000500 -s -prop 4 -const K=50

Parsing model file "../prism-examples/mdps/consensus/coin4.nm"...

Type:        MDP
Modules:     process1 process2 process3 process4 
Variables:   counter pc1 coin1 pc2 coin2 pc3 coin3 pc4 coin4 

Parsing properties file "../prism-examples/mdps/consensus/coin.pctl"...

8 properties:
(1) P>=1 [ F "finished" ]
(2) Pmin=? [ F "finished"&"all_coins_equal_0" ]
(3) Pmin=? [ F "finished"&"all_coins_equal_1" ]
(4) Pmax=? [ F "finished"&!"agree" ]
(5) Pmin=? [ F<=k "finished" ]
(6) Pmax=? [ F<=k "finished" ]
(7) R{"steps"}min=? [ F "finished" ]
(8) R{"steps"}max=? [ F "finished" ]

---------------------------------------------------------------------

Model checking: Pmax=? [ F "finished"&!"agree" ]
Model constants: K=50

Building model...
Model constants: K=50

Computing reachable states...

Reachability (BFS): 2403 iterations in 0.26 seconds (average 0.000108, setup 0.00)

Time for model construction: 0.578 seconds.

Type:        MDP
States:      514176 (1 initial)
Transitions: 1734112
Choices:     1387648

Transition matrix: 2484 nodes (3 terminal), 1734112 minterms, vars: 21r/21c/4nd

Prob0A: 1805 iterations in 0.93 seconds (average 0.000514, setup 0.00)

yes = 56, no = 910, maybe = 513210

Computing remaining probabilities...
Engine: Sparse
1
Building sparse matrix... [n=514176, nc=1385224, nnz=1731464, k=4] [21.6 MB]
Creating vector for yes... [3.9 MB]
Allocating iteration vectors... [2 x 3.9 MB]
TOTAL: [33.4 MB]

Starting iterations...
Iteration 554: max relative diff=1.000000, 5.00 sec so far
Iteration 1095: max relative diff=1.000000, 10.01 sec so far
Iteration 1696: max relative diff=1.000000, 15.01 sec so far
Iteration 2352: max relative diff=0.577515, 20.02 sec so far
Iteration 2996: max relative diff=0.356307, 25.02 sec so far
Iteration 3637: max relative diff=0.241579, 30.02 sec so far
Iteration 4161: max relative diff=0.184197, 35.03 sec so far
Iteration 4752: max relative diff=0.141429, 40.03 sec so far
Iteration 5413: max relative diff=0.109029, 45.04 sec so far
Iteration 6063: max relative diff=0.086775, 50.05 sec so far
Iteration 6738: max relative diff=0.070316, 55.05 sec so far
Iteration 7391: max relative diff=0.058410, 60.06 sec so far
Iteration 8051: max relative diff=0.049213, 65.06 sec so far
Iteration 8721: max relative diff=0.041909, 70.06 sec so far
Iteration 9367: max relative diff=0.036348, 75.07 sec so far
Iteration 10041: max relative diff=0.031594, 80.08 sec so far
Iteration 10703: max relative diff=0.027806, 85.08 sec so far
Iteration 11353: max relative diff=0.024712, 90.08 sec so far
Iteration 12026: max relative diff=0.022017, 95.09 sec so far
Iteration 12675: max relative diff=0.019795, 100.09 sec so far
Iteration 13336: max relative diff=0.017876, 105.10 sec so far
Iteration 13877: max relative diff=0.016505, 110.10 sec so far
Iteration 14445: max relative diff=0.015222, 115.11 sec so far
Iteration 15098: max relative diff=0.013936, 120.12 sec so far
Iteration 15789: max relative diff=0.012728, 125.12 sec so far
Iteration 16478: max relative diff=0.011686, 130.13 sec so far
Iteration 17163: max relative diff=0.010760, 135.13 sec so far
Iteration 17832: max relative diff=0.009965, 140.13 sec so far
Iteration 18490: max relative diff=0.009262, 145.14 sec so far
Iteration 19137: max relative diff=0.008641, 150.14 sec so far
Iteration 19815: max relative diff=0.008055, 155.14 sec so far
Iteration 20471: max relative diff=0.007544, 160.15 sec so far
Iteration 21134: max relative diff=0.007076, 165.15 sec so far
Iteration 21802: max relative diff=0.006643, 170.16 sec so far
Iteration 22450: max relative diff=0.006261, 175.16 sec so far
Iteration 23123: max relative diff=0.005899, 180.17 sec so far
Iteration 23787: max relative diff=0.005570, 185.17 sec so far
Iteration 24440: max relative diff=0.005276, 190.18 sec so far
Iteration 24962: max relative diff=0.005055, 195.18 sec so far
Iteration 25554: max relative diff=0.004820, 200.18 sec so far
Iteration 26215: max relative diff=0.004578, 205.18 sec so far
Iteration 26864: max relative diff=0.004357, 210.19 sec so far
Iteration 27538: max relative diff=0.004143, 215.19 sec so far
Iteration 28186: max relative diff=0.003952, 220.19 sec so far
Iteration 28848: max relative diff=0.003771, 225.20 sec so far
Iteration 29521: max relative diff=0.003599, 230.20 sec so far
Iteration 30168: max relative diff=0.003444, 235.21 sec so far
Iteration 30842: max relative diff=0.003294, 240.21 sec so far
Iteration 31506: max relative diff=0.003154, 245.22 sec so far
Iteration 32159: max relative diff=0.003025, 250.22 sec so far
Iteration 32836: max relative diff=0.002900, 255.23 sec so far
Iteration 33487: max relative diff=0.002787, 260.24 sec so far
Iteration 34146: max relative diff=0.002679, 265.24 sec so far
Iteration 34815: max relative diff=0.002575, 270.25 sec so far
Iteration 35460: max relative diff=0.002481, 275.25 sec so far
Iteration 36127: max relative diff=0.002389, 280.25 sec so far
Iteration 36785: max relative diff=0.002302, 285.26 sec so far
Iteration 37433: max relative diff=0.002222, 290.26 sec so far
Iteration 38110: max relative diff=0.002142, 295.26 sec so far
Iteration 38762: max relative diff=0.002070, 300.27 sec so far
Iteration 39423: max relative diff=0.001999, 305.27 sec so far
Iteration 40092: max relative diff=0.001932, 310.28 sec so far
Iteration 40735: max relative diff=0.001871, 315.28 sec so far
Iteration 41422: max relative diff=0.001808, 320.28 sec so far
Iteration 42111: max relative diff=0.001748, 325.29 sec so far
Iteration 42760: max relative diff=0.001694, 330.29 sec so far
Iteration 43439: max relative diff=0.001641, 335.30 sec so far
Iteration 44037: max relative diff=0.001595, 340.31 sec so far
Iteration 44574: max relative diff=0.001557, 345.31 sec so far
Iteration 45194: max relative diff=0.001513, 350.31 sec so far
Iteration 45873: max relative diff=0.001468, 355.32 sec so far
Iteration 46526: max relative diff=0.001426, 360.32 sec so far
Iteration 47185: max relative diff=0.001386, 365.32 sec so far
Iteration 47721: max relative diff=0.001354, 370.33 sec so far
Iteration 48292: max relative diff=0.001321, 375.34 sec so far
Iteration 48947: max relative diff=0.001285, 380.35 sec so far
Iteration 49610: max relative diff=0.001251, 385.35 sec so far
Iteration 50285: max relative diff=0.001216, 390.35 sec so far
Iteration 50930: max relative diff=0.001185, 395.36 sec so far
Iteration 51598: max relative diff=0.001154, 400.36 sec so far
Iteration 52162: max relative diff=0.001128, 405.37 sec so far
Iteration 52712: max relative diff=0.001105, 410.38 sec so far
Iteration 53350: max relative diff=0.001077, 415.38 sec so far
Iteration 54034: max relative diff=0.001050, 420.39 sec so far
Iteration 54723: max relative diff=0.001023, 425.39 sec so far
Iteration 55413: max relative diff=0.000997, 430.40 sec so far
Iteration 56095: max relative diff=0.000972, 435.40 sec so far
Iteration 56687: max relative diff=0.000951, 440.41 sec so far
Iteration 57222: max relative diff=0.000933, 445.41 sec so far
Iteration 57838: max relative diff=0.000913, 450.42 sec so far
Iteration 58523: max relative diff=0.000891, 455.42 sec so far
Iteration 59212: max relative diff=0.000870, 460.42 sec so far
Iteration 59901: max relative diff=0.000849, 465.43 sec so far
Iteration 60589: max relative diff=0.000830, 470.43 sec so far
Iteration 61213: max relative diff=0.000812, 475.44 sec so far
Iteration 61739: max relative diff=0.000798, 480.44 sec so far
Iteration 62346: max relative diff=0.000782, 485.45 sec so far
Iteration 63016: max relative diff=0.000765, 490.45 sec so far
Iteration 63662: max relative diff=0.000749, 495.46 sec so far
Iteration 64329: max relative diff=0.000733, 500.46 sec so far
Iteration 64991: max relative diff=0.000718, 505.47 sec so far
Iteration 65634: max relative diff=0.000703, 510.47 sec so far
Iteration 66310: max relative diff=0.000689, 515.48 sec so far
Iteration 66960: max relative diff=0.000675, 520.48 sec so far
Iteration 67617: max relative diff=0.000661, 525.48 sec so far
Iteration 68287: max relative diff=0.000648, 530.48 sec so far
Iteration 68932: max relative diff=0.000636, 535.49 sec so far
Iteration 69598: max relative diff=0.000623, 540.49 sec so far
Iteration 70264: max relative diff=0.000611, 545.50 sec so far
Iteration 70917: max relative diff=0.000599, 550.50 sec so far
Iteration 71593: max relative diff=0.000588, 555.51 sec so far
Iteration 72244: max relative diff=0.000577, 560.52 sec so far
Iteration 72902: max relative diff=0.000566, 565.52 sec so far
Iteration 73439: max relative diff=0.000558, 570.53 sec so far
Iteration 74015: max relative diff=0.000549, 575.53 sec so far
Iteration 74671: max relative diff=0.000539, 580.54 sec so far
Iteration 75332: max relative diff=0.000529, 585.54 sec so far
Iteration 76007: max relative diff=0.000519, 590.54 sec so far
Iteration 76652: max relative diff=0.000510, 595.55 sec so far
Iteration 77318: max relative diff=0.000501, 600.55 sec so far
Iteration 77879: max relative diff=0.000494, 605.56 sec so far
Iteration 78428: max relative diff=0.000487, 610.56 sec so far
Iteration 79066: max relative diff=0.000478, 615.57 sec so far
Iteration 79733: max relative diff=0.000470, 620.57 sec so far
Iteration 80393: max relative diff=0.000462, 625.58 sec so far
Iteration 81081: max relative diff=0.000454, 630.58 sec so far
Iteration 81764: max relative diff=0.000446, 635.59 sec so far
Iteration 82418: max relative diff=0.000439, 640.59 sec so far
Iteration 83075: max relative diff=0.000432, 645.60 sec so far
Iteration 83746: max relative diff=0.000424, 650.61 sec so far
Iteration 84389: max relative diff=0.000418, 655.61 sec so far
Iteration 85055: max relative diff=0.000411, 660.61 sec so far
Iteration 85721: max relative diff=0.000404, 665.61 sec so far
Iteration 86372: max relative diff=0.000398, 670.61 sec so far
Iteration 86888: max relative diff=0.000393, 675.62 sec so far
Iteration 87478: max relative diff=0.000387, 680.62 sec so far
Iteration 88142: max relative diff=0.000381, 685.62 sec so far
Iteration 88827: max relative diff=0.000375, 690.62 sec so far
Iteration 89509: max relative diff=0.000369, 695.63 sec so far
Iteration 90166: max relative diff=0.000364, 700.64 sec so far
Iteration 90825: max relative diff=0.000358, 705.64 sec so far
Iteration 91498: max relative diff=0.000353, 710.64 sec so far
Iteration 92145: max relative diff=0.000348, 715.64 sec so far
Iteration 92818: max relative diff=0.000342, 720.65 sec so far
Iteration 93484: max relative diff=0.000337, 725.66 sec so far
Iteration 94133: max relative diff=0.000332, 730.66 sec so far
Iteration 94811: max relative diff=0.000327, 735.66 sec so far
Iteration 95467: max relative diff=0.000323, 740.67 sec so far
Iteration 96125: max relative diff=0.000318, 745.68 sec so far
Iteration 96796: max relative diff=0.000313, 750.68 sec so far
Iteration 97411: max relative diff=0.000309, 755.68 sec so far
Iteration 97933: max relative diff=0.000306, 760.69 sec so far
Iteration 98538: max relative diff=0.000302, 765.69 sec so far
Iteration 99208: max relative diff=0.000298, 770.70 sec so far
Iteration 99851: max relative diff=0.000294, 775.70 sec so far
Iteration 100518: max relative diff=0.000290, 780.70 sec so far
Iteration 101181: max relative diff=0.000286, 785.71 sec so far
Iteration 101865: max relative diff=0.000282, 790.72 sec so far
Iteration 102541: max relative diff=0.000278, 795.72 sec so far
Iteration 103192: max relative diff=0.000274, 800.73 sec so far
Iteration 103878: max relative diff=0.000270, 805.73 sec so far
Iteration 104566: max relative diff=0.000266, 810.73 sec so far
Iteration 105215: max relative diff=0.000263, 815.73 sec so far
Iteration 105887: max relative diff=0.000260, 820.74 sec so far
Iteration 106448: max relative diff=0.000257, 825.74 sec so far
Iteration 107001: max relative diff=0.000254, 830.75 sec so far
Iteration 107641: max relative diff=0.000251, 835.75 sec so far
Iteration 108324: max relative diff=0.000247, 840.76 sec so far
Iteration 109010: max relative diff=0.000244, 845.76 sec so far
Iteration 109656: max relative diff=0.000241, 850.77 sec so far
Iteration 110329: max relative diff=0.000238, 855.78 sec so far
Iteration 110982: max relative diff=0.000235, 860.78 sec so far
Iteration 111638: max relative diff=0.000232, 865.79 sec so far
Iteration 112284: max relative diff=0.000229, 870.79 sec so far
Iteration 112927: max relative diff=0.000226, 875.80 sec so far
Iteration 113591: max relative diff=0.000224, 880.80 sec so far
Iteration 114253: max relative diff=0.000221, 885.81 sec so far
Iteration 114898: max relative diff=0.000218, 890.81 sec so far
Iteration 115411: max relative diff=0.000216, 895.82 sec so far
Iteration 116004: max relative diff=0.000214, 900.83 sec so far
Iteration 116667: max relative diff=0.000211, 905.84 sec so far
Iteration 117350: max relative diff=0.000209, 910.84 sec so far
Iteration 118025: max relative diff=0.000206, 915.84 sec so far
Iteration 118679: max relative diff=0.000204, 920.85 sec so far
Iteration 119336: max relative diff=0.000201, 925.86 sec so far
Iteration 120014: max relative diff=0.000199, 930.86 sec so far
Iteration 120663: max relative diff=0.000197, 935.87 sec so far
Iteration 121334: max relative diff=0.000194, 940.87 sec so far
Iteration 122003: max relative diff=0.000192, 945.87 sec so far
Iteration 122654: max relative diff=0.000190, 950.87 sec so far
Iteration 123167: max relative diff=0.000188, 955.88 sec so far
Iteration 123759: max relative diff=0.000186, 960.88 sec so far
Iteration 124421: max relative diff=0.000184, 965.89 sec so far
Iteration 125066: max relative diff=0.000182, 970.89 sec so far
Iteration 125739: max relative diff=0.000180, 975.89 sec so far
Iteration 126322: max relative diff=0.000178, 980.90 sec so far
Iteration 126859: max relative diff=0.000177, 985.90 sec so far
Iteration 127480: max relative diff=0.000175, 990.91 sec so far
Iteration 128154: max relative diff=0.000173, 995.91 sec so far
Iteration 128806: max relative diff=0.000171, 1000.92 sec so far
Iteration 129462: max relative diff=0.000169, 1005.92 sec so far
Iteration 130133: max relative diff=0.000167, 1010.92 sec so far
Iteration 130776: max relative diff=0.000166, 1015.93 sec so far
Iteration 131440: max relative diff=0.000164, 1020.93 sec so far
Iteration 132110: max relative diff=0.000162, 1025.94 sec so far
Iteration 132760: max relative diff=0.000160, 1030.94 sec so far
Iteration 133275: max relative diff=0.000159, 1035.95 sec so far
Iteration 133872: max relative diff=0.000157, 1040.95 sec so far
Iteration 134539: max relative diff=0.000156, 1045.96 sec so far
Iteration 135207: max relative diff=0.000154, 1050.96 sec so far
Iteration 135880: max relative diff=0.000152, 1055.96 sec so far
Iteration 136531: max relative diff=0.000151, 1060.96 sec so far
Iteration 137188: max relative diff=0.000149, 1065.97 sec so far
Iteration 137860: max relative diff=0.000148, 1070.97 sec so far
Iteration 138505: max relative diff=0.000146, 1075.98 sec so far
Iteration 139169: max relative diff=0.000145, 1080.98 sec so far
Iteration 139723: max relative diff=0.000144, 1085.99 sec so far
Iteration 140275: max relative diff=0.000142, 1090.99 sec so far
Iteration 140916: max relative diff=0.000141, 1095.99 sec so far
Iteration 141604: max relative diff=0.000139, 1101.00 sec so far
Iteration 142289: max relative diff=0.000138, 1106.00 sec so far
Iteration 142934: max relative diff=0.000137, 1111.01 sec so far
Iteration 143609: max relative diff=0.000135, 1116.02 sec so far
Iteration 144261: max relative diff=0.000134, 1121.02 sec so far
Iteration 144916: max relative diff=0.000133, 1126.02 sec so far
Iteration 145589: max relative diff=0.000131, 1131.02 sec so far
Iteration 146197: max relative diff=0.000130, 1136.03 sec so far
Iteration 146722: max relative diff=0.000129, 1141.03 sec so far
Iteration 147329: max relative diff=0.000128, 1146.04 sec so far
Iteration 148002: max relative diff=0.000127, 1151.04 sec so far
Iteration 148645: max relative diff=0.000126, 1156.05 sec so far
Iteration 149308: max relative diff=0.000124, 1161.05 sec so far
Iteration 149975: max relative diff=0.000123, 1166.05 sec so far
Iteration 150623: max relative diff=0.000122, 1171.05 sec so far
Iteration 151302: max relative diff=0.000121, 1176.06 sec so far
Iteration 151886: max relative diff=0.000120, 1181.06 sec so far
Iteration 152427: max relative diff=0.000119, 1186.07 sec so far
Iteration 153048: max relative diff=0.000118, 1191.07 sec so far
Iteration 153721: max relative diff=0.000117, 1196.08 sec so far
Iteration 154374: max relative diff=0.000116, 1201.09 sec so far
Iteration 155029: max relative diff=0.000114, 1206.09 sec so far
Iteration 155556: max relative diff=0.000114, 1211.10 sec so far
Iteration 156135: max relative diff=0.000113, 1216.10 sec so far
Iteration 156789: max relative diff=0.000112, 1221.11 sec so far
Iteration 157442: max relative diff=0.000111, 1226.11 sec so far
Iteration 158091: max relative diff=0.000110, 1231.11 sec so far
Iteration 158735: max relative diff=0.000109, 1236.11 sec so far
Iteration 159401: max relative diff=0.000108, 1241.12 sec so far
Iteration 159953: max relative diff=0.000107, 1246.12 sec so far
Iteration 160506: max relative diff=0.000106, 1251.12 sec so far
Iteration 161154: max relative diff=0.000105, 1256.12 sec so far
Iteration 161845: max relative diff=0.000104, 1261.13 sec so far
Iteration 162534: max relative diff=0.000103, 1266.13 sec so far
Iteration 163184: max relative diff=0.000102, 1271.14 sec so far
Iteration 163863: max relative diff=0.000101, 1276.14 sec so far
Iteration 164446: max relative diff=0.000100, 1281.15 sec so far
Iteration 164986: max relative diff=0.000100, 1286.16 sec so far
Iteration 165610: max relative diff=0.000099, 1291.16 sec so far
Iteration 166298: max relative diff=0.000098, 1296.17 sec so far
Iteration 166984: max relative diff=0.000097, 1301.17 sec so far
Iteration 167671: max relative diff=0.000096, 1306.17 sec so far
Iteration 168360: max relative diff=0.000095, 1311.17 sec so far
Iteration 169046: max relative diff=0.000095, 1316.17 sec so far
Iteration 169710: max relative diff=0.000094, 1321.18 sec so far
Iteration 170378: max relative diff=0.000093, 1326.18 sec so far
Iteration 171023: max relative diff=0.000092, 1331.18 sec so far
Iteration 171697: max relative diff=0.000091, 1336.19 sec so far
Iteration 172352: max relative diff=0.000091, 1341.19 sec so far
Iteration 173007: max relative diff=0.000090, 1346.19 sec so far
Iteration 173680: max relative diff=0.000089, 1351.20 sec so far
Iteration 174323: max relative diff=0.000088, 1356.20 sec so far
Iteration 174987: max relative diff=0.000087, 1361.21 sec so far
Iteration 175652: max relative diff=0.000087, 1366.21 sec so far
Iteration 176295: max relative diff=0.000086, 1371.22 sec so far
Iteration 176808: max relative diff=0.000085, 1376.23 sec so far
Iteration 177404: max relative diff=0.000085, 1381.23 sec so far
Iteration 178074: max relative diff=0.000084, 1386.24 sec so far
Iteration 178724: max relative diff=0.000083, 1391.24 sec so far
Iteration 179404: max relative diff=0.000083, 1396.24 sec so far
Iteration 179988: max relative diff=0.000082, 1401.25 sec so far
Iteration 180532: max relative diff=0.000082, 1406.26 sec so far
Iteration 181153: max relative diff=0.000081, 1411.27 sec so far
Iteration 181828: max relative diff=0.000080, 1416.27 sec so far
Iteration 182483: max relative diff=0.000080, 1421.28 sec so far
Iteration 183136: max relative diff=0.000079, 1426.28 sec so far
Iteration 183810: max relative diff=0.000078, 1431.29 sec so far
Iteration 184416: max relative diff=0.000078, 1436.30 sec so far
Iteration 184942: max relative diff=0.000077, 1441.30 sec so far
Iteration 185551: max relative diff=0.000077, 1446.31 sec so far
Iteration 186228: max relative diff=0.000076, 1451.32 sec so far
Iteration 186878: max relative diff=0.000075, 1456.32 sec so far
Iteration 187569: max relative diff=0.000075, 1461.33 sec so far
Iteration 188258: max relative diff=0.000074, 1466.33 sec so far
Iteration 188907: max relative diff=0.000074, 1471.34 sec so far
Iteration 189585: max relative diff=0.000073, 1476.34 sec so far
Iteration 190168: max relative diff=0.000072, 1481.35 sec so far
Iteration 190713: max relative diff=0.000072, 1486.35 sec so far
Iteration 191341: max relative diff=0.000071, 1491.36 sec so far
Iteration 192031: max relative diff=0.000071, 1496.36 sec so far
Iteration 192721: max relative diff=0.000070, 1501.36 sec so far
Iteration 193410: max relative diff=0.000070, 1506.37 sec so far
Iteration 194098: max relative diff=0.000069, 1511.37 sec so far
Iteration 194746: max relative diff=0.000069, 1516.37 sec so far
Iteration 195410: max relative diff=0.000068, 1521.38 sec so far
Iteration 195963: max relative diff=0.000068, 1526.39 sec so far
Iteration 196524: max relative diff=0.000067, 1531.39 sec so far
Iteration 197173: max relative diff=0.000067, 1536.39 sec so far
Iteration 197838: max relative diff=0.000066, 1541.39 sec so far
Iteration 198510: max relative diff=0.000066, 1546.39 sec so far
Iteration 199198: max relative diff=0.000065, 1551.39 sec so far
Iteration 199875: max relative diff=0.000065, 1556.40 sec so far
Iteration 200535: max relative diff=0.000064, 1561.40 sec so far
Iteration 201193: max relative diff=0.000064, 1566.41 sec so far
Iteration 201870: max relative diff=0.000063, 1571.41 sec so far
Iteration 202517: max relative diff=0.000063, 1576.41 sec so far
Iteration 203179: max relative diff=0.000062, 1581.41 sec so far
Iteration 203728: max relative diff=0.000062, 1586.42 sec so far
Iteration 204279: max relative diff=0.000061, 1591.43 sec so far
Iteration 204924: max relative diff=0.000061, 1596.43 sec so far
Iteration 205586: max relative diff=0.000060, 1601.44 sec so far
Iteration 206255: max relative diff=0.000060, 1606.44 sec so far
Iteration 206903: max relative diff=0.000060, 1611.44 sec so far
Iteration 207582: max relative diff=0.000059, 1616.45 sec so far
Iteration 208243: max relative diff=0.000059, 1621.45 sec so far
Iteration 208900: max relative diff=0.000058, 1626.45 sec so far
Iteration 209577: max relative diff=0.000058, 1631.46 sec so far
Iteration 210224: max relative diff=0.000057, 1636.47 sec so far
Iteration 210886: max relative diff=0.000057, 1641.47 sec so far
Iteration 211550: max relative diff=0.000057, 1646.48 sec so far
Iteration 212193: max relative diff=0.000056, 1651.48 sec so far
Iteration 212864: max relative diff=0.000056, 1656.48 sec so far
Iteration 213525: max relative diff=0.000055, 1661.49 sec so far
Iteration 214185: max relative diff=0.000055, 1666.49 sec so far
Iteration 214864: max relative diff=0.000054, 1671.49 sec so far
Iteration 215510: max relative diff=0.000054, 1676.50 sec so far
Iteration 216172: max relative diff=0.000054, 1681.51 sec so far
Iteration 216838: max relative diff=0.000053, 1686.51 sec so far
Iteration 217482: max relative diff=0.000053, 1691.51 sec so far
Iteration 218154: max relative diff=0.000053, 1696.52 sec so far
Iteration 218811: max relative diff=0.000052, 1701.52 sec so far
Iteration 219465: max relative diff=0.000052, 1706.53 sec so far
Iteration 220140: max relative diff=0.000051, 1711.53 sec so far
Iteration 220787: max relative diff=0.000051, 1716.54 sec so far
Iteration 221449: max relative diff=0.000051, 1721.54 sec so far
Iteration 222115: max relative diff=0.000050, 1726.55 sec so far
Iteration 222761: max relative diff=0.000050, 1731.55 sec so far
Iteration 223435: max relative diff=0.000050, 1736.55 sec so far
Iteration 224097: max relative diff=0.000049, 1741.56 sec so far
Iteration 224753: max relative diff=0.000049, 1746.57 sec so far
Iteration 225430: max relative diff=0.000049, 1751.57 sec so far
Iteration 226076: max relative diff=0.000048, 1756.58 sec so far
Iteration 226739: max relative diff=0.000048, 1761.58 sec so far
Iteration 227407: max relative diff=0.000048, 1766.59 sec so far
Iteration 228044: max relative diff=0.000047, 1771.59 sec so far
Iteration 228715: max relative diff=0.000047, 1776.59 sec so far
Iteration 229376: max relative diff=0.000047, 1781.59 sec so far
Iteration 230031: max relative diff=0.000046, 1786.59 sec so far
Iteration 230710: max relative diff=0.000046, 1791.60 sec so far
Iteration 231356: max relative diff=0.000046, 1796.60 sec so far
Iteration 232016: max relative diff=0.000045, 1801.61 sec so far
Iteration 232680: max relative diff=0.000045, 1806.62 sec so far
Iteration 233323: max relative diff=0.000045, 1811.62 sec so far
Iteration 234004: max relative diff=0.000044, 1816.63 sec so far
Iteration 234687: max relative diff=0.000044, 1821.63 sec so far
Iteration 235339: max relative diff=0.000044, 1826.63 sec so far
Iteration 236012: max relative diff=0.000043, 1831.64 sec so far
Iteration 236611: max relative diff=0.000043, 1836.64 sec so far
Iteration 237143: max relative diff=0.000043, 1841.64 sec so far
Iteration 237756: max relative diff=0.000043, 1846.64 sec so far
Iteration 238431: max relative diff=0.000042, 1851.64 sec so far
Iteration 239115: max relative diff=0.000042, 1856.65 sec so far
Iteration 239780: max relative diff=0.000042, 1861.66 sec so far
Iteration 240451: max relative diff=0.000041, 1866.67 sec so far
Iteration 241138: max relative diff=0.000041, 1871.67 sec so far
Iteration 241813: max relative diff=0.000041, 1876.67 sec so far
Iteration 242472: max relative diff=0.000041, 1881.68 sec so far
Iteration 243129: max relative diff=0.000040, 1886.68 sec so far
Iteration 243808: max relative diff=0.000040, 1891.68 sec so far
Iteration 244460: max relative diff=0.000040, 1896.69 sec so far
Iteration 245127: max relative diff=0.000040, 1901.70 sec so far
Iteration 245797: max relative diff=0.000039, 1906.70 sec so far
Iteration 246446: max relative diff=0.000039, 1911.70 sec so far
Iteration 247119: max relative diff=0.000039, 1916.71 sec so far
Iteration 247775: max relative diff=0.000038, 1921.71 sec so far
Iteration 248426: max relative diff=0.000038, 1926.71 sec so far
Iteration 249100: max relative diff=0.000038, 1931.72 sec so far
Iteration 249700: max relative diff=0.000038, 1936.73 sec so far
Iteration 250231: max relative diff=0.000038, 1941.73 sec so far
Iteration 250843: max relative diff=0.000037, 1946.73 sec so far
Iteration 251513: max relative diff=0.000037, 1951.73 sec so far
Iteration 252161: max relative diff=0.000037, 1956.74 sec so far
Iteration 252822: max relative diff=0.000037, 1961.74 sec so far
Iteration 253491: max relative diff=0.000036, 1966.74 sec so far
Iteration 254137: max relative diff=0.000036, 1971.74 sec so far
Iteration 254812: max relative diff=0.000036, 1976.75 sec so far
Iteration 255382: max relative diff=0.000036, 1981.76 sec so far
Iteration 255926: max relative diff=0.000035, 1986.76 sec so far
Iteration 256555: max relative diff=0.000035, 1991.76 sec so far
Iteration 257230: max relative diff=0.000035, 1996.77 sec so far
Iteration 257892: max relative diff=0.000035, 2001.78 sec so far
Iteration 258581: max relative diff=0.000035, 2006.78 sec so far
Iteration 259267: max relative diff=0.000034, 2011.78 sec so far
Iteration 259920: max relative diff=0.000034, 2016.79 sec so far
Iteration 260585: max relative diff=0.000034, 2021.80 sec so far
Iteration 261257: max relative diff=0.000034, 2026.80 sec so far
Iteration 261902: max relative diff=0.000033, 2031.80 sec so far
Iteration 262572: max relative diff=0.000033, 2036.81 sec so far
Iteration 263229: max relative diff=0.000033, 2041.81 sec so far
Iteration 263882: max relative diff=0.000033, 2046.81 sec so far
Iteration 264562: max relative diff=0.000033, 2051.82 sec so far
Iteration 265216: max relative diff=0.000032, 2056.82 sec so far
Iteration 265881: max relative diff=0.000032, 2061.83 sec so far
Iteration 266555: max relative diff=0.000032, 2066.84 sec so far
Iteration 267205: max relative diff=0.000032, 2071.84 sec so far
Iteration 267878: max relative diff=0.000032, 2076.84 sec so far
Iteration 268540: max relative diff=0.000031, 2081.85 sec so far
Iteration 269195: max relative diff=0.000031, 2086.85 sec so far
Iteration 269869: max relative diff=0.000031, 2091.85 sec so far
Iteration 270517: max relative diff=0.000031, 2096.86 sec so far
Iteration 271175: max relative diff=0.000031, 2101.86 sec so far
Iteration 271844: max relative diff=0.000030, 2106.86 sec so far
Iteration 272526: max relative diff=0.000030, 2111.87 sec so far
Iteration 273209: max relative diff=0.000030, 2116.87 sec so far
Iteration 273896: max relative diff=0.000030, 2121.88 sec so far
Iteration 274550: max relative diff=0.000030, 2126.88 sec so far
Iteration 275216: max relative diff=0.000029, 2131.88 sec so far
Iteration 275867: max relative diff=0.000029, 2136.89 sec so far
Iteration 276529: max relative diff=0.000029, 2141.89 sec so far
Iteration 277203: max relative diff=0.000029, 2146.90 sec so far
Iteration 277849: max relative diff=0.000029, 2151.90 sec so far
Iteration 278522: max relative diff=0.000028, 2156.91 sec so far
Iteration 279181: max relative diff=0.000028, 2161.91 sec so far
Iteration 279830: max relative diff=0.000028, 2166.92 sec so far
Iteration 280503: max relative diff=0.000028, 2171.92 sec so far
Iteration 281151: max relative diff=0.000028, 2176.92 sec so far
Iteration 281814: max relative diff=0.000028, 2181.93 sec so far
Iteration 282483: max relative diff=0.000027, 2186.93 sec so far
Iteration 283111: max relative diff=0.000027, 2191.94 sec so far
Iteration 283629: max relative diff=0.000027, 2196.95 sec so far
Iteration 284229: max relative diff=0.000027, 2201.95 sec so far
Iteration 284897: max relative diff=0.000027, 2206.95 sec so far
Iteration 285581: max relative diff=0.000027, 2211.96 sec so far
Iteration 286253: max relative diff=0.000026, 2216.96 sec so far
Iteration 286914: max relative diff=0.000026, 2221.97 sec so far
Iteration 287566: max relative diff=0.000026, 2226.97 sec so far
Iteration 288242: max relative diff=0.000026, 2231.98 sec so far
Iteration 288929: max relative diff=0.000026, 2236.98 sec so far
Iteration 289589: max relative diff=0.000026, 2241.98 sec so far
Iteration 290264: max relative diff=0.000025, 2246.99 sec so far
Iteration 290893: max relative diff=0.000025, 2251.99 sec so far
Iteration 291412: max relative diff=0.000025, 2257.00 sec so far
Iteration 292013: max relative diff=0.000025, 2262.00 sec so far
Iteration 292682: max relative diff=0.000025, 2267.00 sec so far
Iteration 293367: max relative diff=0.000025, 2272.01 sec so far
Iteration 294036: max relative diff=0.000025, 2277.01 sec so far
Iteration 294695: max relative diff=0.000024, 2282.02 sec so far
Iteration 295344: max relative diff=0.000024, 2287.02 sec so far
Iteration 296017: max relative diff=0.000024, 2292.03 sec so far
Iteration 296671: max relative diff=0.000024, 2297.03 sec so far
Iteration 297333: max relative diff=0.000024, 2302.03 sec so far
Iteration 298006: max relative diff=0.000024, 2307.04 sec so far
Iteration 298636: max relative diff=0.000024, 2312.04 sec so far
Iteration 299305: max relative diff=0.000023, 2317.05 sec so far
Iteration 299970: max relative diff=0.000023, 2322.05 sec so far
Iteration 300624: max relative diff=0.000023, 2327.06 sec so far
Iteration 301304: max relative diff=0.000023, 2332.06 sec so far
Iteration 301958: max relative diff=0.000023, 2337.07 sec so far
Iteration 302621: max relative diff=0.000023, 2342.07 sec so far
Iteration 303161: max relative diff=0.000023, 2347.07 sec so far
Iteration 303729: max relative diff=0.000022, 2352.08 sec so far
Iteration 304379: max relative diff=0.000022, 2357.08 sec so far
Iteration 305062: max relative diff=0.000022, 2362.08 sec so far
Iteration 305744: max relative diff=0.000022, 2367.09 sec so far
Iteration 306392: max relative diff=0.000022, 2372.09 sec so far
Iteration 307064: max relative diff=0.000022, 2377.09 sec so far
Iteration 307724: max relative diff=0.000022, 2382.10 sec so far
Iteration 308374: max relative diff=0.000021, 2387.11 sec so far
Iteration 308892: max relative diff=0.000021, 2392.11 sec so far
Iteration 309481: max relative diff=0.000021, 2397.11 sec so far
Iteration 310141: max relative diff=0.000021, 2402.11 sec so far
Iteration 310788: max relative diff=0.000021, 2407.12 sec so far
Iteration 311460: max relative diff=0.000021, 2412.12 sec so far
Iteration 312110: max relative diff=0.000021, 2417.13 sec so far
Iteration 312766: max relative diff=0.000021, 2422.13 sec so far
Iteration 313436: max relative diff=0.000021, 2427.14 sec so far
Iteration 314085: max relative diff=0.000020, 2432.14 sec so far
Iteration 314758: max relative diff=0.000020, 2437.15 sec so far
Iteration 315420: max relative diff=0.000020, 2442.15 sec so far
Iteration 316068: max relative diff=0.000020, 2447.16 sec so far
Iteration 316740: max relative diff=0.000020, 2452.16 sec so far
Iteration 317393: max relative diff=0.000020, 2457.17 sec so far
Iteration 318056: max relative diff=0.000020, 2462.17 sec so far
Iteration 318729: max relative diff=0.000020, 2467.18 sec so far
Iteration 319373: max relative diff=0.000019, 2472.18 sec so far
Iteration 320040: max relative diff=0.000019, 2477.18 sec so far
Iteration 320705: max relative diff=0.000019, 2482.18 sec so far
Iteration 321355: max relative diff=0.000019, 2487.19 sec so far
Iteration 321871: max relative diff=0.000019, 2492.19 sec so far
Iteration 322463: max relative diff=0.000019, 2497.20 sec so far
Iteration 323125: max relative diff=0.000019, 2502.20 sec so far
Iteration 323777: max relative diff=0.000019, 2507.21 sec so far
Iteration 324454: max relative diff=0.000019, 2512.21 sec so far
Iteration 325107: max relative diff=0.000018, 2517.21 sec so far
Iteration 325768: max relative diff=0.000018, 2522.22 sec so far
Iteration 326443: max relative diff=0.000018, 2527.22 sec so far
Iteration 327093: max relative diff=0.000018, 2532.23 sec so far
Iteration 327765: max relative diff=0.000018, 2537.23 sec so far
Iteration 328427: max relative diff=0.000018, 2542.23 sec so far
Iteration 329076: max relative diff=0.000018, 2547.24 sec so far
Iteration 329750: max relative diff=0.000018, 2552.25 sec so far
Iteration 330402: max relative diff=0.000018, 2557.25 sec so far
Iteration 331060: max relative diff=0.000017, 2562.26 sec so far
Iteration 331594: max relative diff=0.000017, 2567.26 sec so far
Iteration 332166: max relative diff=0.000017, 2572.27 sec so far
Iteration 332816: max relative diff=0.000017, 2577.27 sec so far
Iteration 333474: max relative diff=0.000017, 2582.28 sec so far
Iteration 334145: max relative diff=0.000017, 2587.28 sec so far
Iteration 334789: max relative diff=0.000017, 2592.29 sec so far
Iteration 335458: max relative diff=0.000017, 2597.29 sec so far
Iteration 336124: max relative diff=0.000017, 2602.30 sec so far
Iteration 336775: max relative diff=0.000017, 2607.30 sec so far
Iteration 337453: max relative diff=0.000017, 2612.31 sec so far
Iteration 338109: max relative diff=0.000016, 2617.32 sec so far
Iteration 338771: max relative diff=0.000016, 2622.32 sec so far
Iteration 339446: max relative diff=0.000016, 2627.33 sec so far
Iteration 340066: max relative diff=0.000016, 2632.33 sec so far
Iteration 340590: max relative diff=0.000016, 2637.34 sec so far
Iteration 341192: max relative diff=0.000016, 2642.34 sec so far
Iteration 341863: max relative diff=0.000016, 2647.34 sec so far
Iteration 342546: max relative diff=0.000016, 2652.34 sec so far
Iteration 343213: max relative diff=0.000016, 2657.35 sec so far
Iteration 343875: max relative diff=0.000016, 2662.36 sec so far
Iteration 344510: max relative diff=0.000016, 2667.36 sec so far
Iteration 345183: max relative diff=0.000015, 2672.36 sec so far
Iteration 345834: max relative diff=0.000015, 2677.36 sec so far
Iteration 346490: max relative diff=0.000015, 2682.37 sec so far
Iteration 347161: max relative diff=0.000015, 2687.37 sec so far
Iteration 347806: max relative diff=0.000015, 2692.38 sec so far
Iteration 348471: max relative diff=0.000015, 2697.38 sec so far
Iteration 349131: max relative diff=0.000015, 2702.38 sec so far
Iteration 349778: max relative diff=0.000015, 2707.39 sec so far
Iteration 350455: max relative diff=0.000015, 2712.40 sec so far
Iteration 351111: max relative diff=0.000015, 2717.40 sec so far
Iteration 351772: max relative diff=0.000015, 2722.41 sec so far
Iteration 352447: max relative diff=0.000014, 2727.42 sec so far
Iteration 353093: max relative diff=0.000014, 2732.42 sec so far
Iteration 353762: max relative diff=0.000014, 2737.43 sec so far
Iteration 354426: max relative diff=0.000014, 2742.43 sec so far
Iteration 355071: max relative diff=0.000014, 2747.44 sec so far
Iteration 355745: max relative diff=0.000014, 2752.44 sec so far
Iteration 356398: max relative diff=0.000014, 2757.45 sec so far
Iteration 357055: max relative diff=0.000014, 2762.45 sec so far
Iteration 357727: max relative diff=0.000014, 2767.45 sec so far
Iteration 358371: max relative diff=0.000014, 2772.46 sec so far
Iteration 359036: max relative diff=0.000014, 2777.46 sec so far
Iteration 359699: max relative diff=0.000014, 2782.46 sec so far
Iteration 360344: max relative diff=0.000013, 2787.47 sec so far
Iteration 361019: max relative diff=0.000013, 2792.47 sec so far
Iteration 361672: max relative diff=0.000013, 2797.48 sec so far
Iteration 362329: max relative diff=0.000013, 2802.48 sec so far
Iteration 362859: max relative diff=0.000013, 2807.49 sec so far
Iteration 363436: max relative diff=0.000013, 2812.49 sec so far
Iteration 364092: max relative diff=0.000013, 2817.50 sec so far
Iteration 364778: max relative diff=0.000013, 2822.50 sec so far
Iteration 365466: max relative diff=0.000013, 2827.51 sec so far
Iteration 366111: max relative diff=0.000013, 2832.51 sec so far
Iteration 366776: max relative diff=0.000013, 2837.52 sec so far
Iteration 367331: max relative diff=0.000013, 2842.53 sec so far
Iteration 367873: max relative diff=0.000013, 2847.53 sec so far
Iteration 368514: max relative diff=0.000013, 2852.54 sec so far
Iteration 369180: max relative diff=0.000012, 2857.55 sec so far
Iteration 369842: max relative diff=0.000012, 2862.55 sec so far
Iteration 370485: max relative diff=0.000012, 2867.55 sec so far
Iteration 371157: max relative diff=0.000012, 2872.56 sec so far
Iteration 371810: max relative diff=0.000012, 2877.56 sec so far
Iteration 372464: max relative diff=0.000012, 2882.57 sec so far
Iteration 373136: max relative diff=0.000012, 2887.57 sec so far
Iteration 373780: max relative diff=0.000012, 2892.57 sec so far
Iteration 374444: max relative diff=0.000012, 2897.58 sec so far
Iteration 375108: max relative diff=0.000012, 2902.58 sec so far
Iteration 375755: max relative diff=0.000012, 2907.59 sec so far
Iteration 376427: max relative diff=0.000012, 2912.59 sec so far
Iteration 377081: max relative diff=0.000012, 2917.59 sec so far
Iteration 377736: max relative diff=0.000012, 2922.60 sec so far
Iteration 378408: max relative diff=0.000012, 2927.60 sec so far
Iteration 379052: max relative diff=0.000011, 2932.60 sec so far
Iteration 379717: max relative diff=0.000011, 2937.61 sec so far
Iteration 380381: max relative diff=0.000011, 2942.61 sec so far
Iteration 381026: max relative diff=0.000011, 2947.62 sec so far
Iteration 381539: max relative diff=0.000011, 2952.62 sec so far
Iteration 382135: max relative diff=0.000011, 2957.62 sec so far
Iteration 382803: max relative diff=0.000011, 2962.63 sec so far
Iteration 383454: max relative diff=0.000011, 2967.63 sec so far
Iteration 384133: max relative diff=0.000011, 2972.64 sec so far
Iteration 384718: max relative diff=0.000011, 2977.64 sec so far
Iteration 385259: max relative diff=0.000011, 2982.65 sec so far
Iteration 385884: max relative diff=0.000011, 2987.65 sec so far
Iteration 386564: max relative diff=0.000011, 2992.66 sec so far
Iteration 387150: max relative diff=0.000011, 2997.67 sec so far
Iteration 387691: max relative diff=0.000011, 3002.67 sec so far
Iteration 388312: max relative diff=0.000011, 3007.67 sec so far
Iteration 388997: max relative diff=0.000011, 3012.68 sec so far
Iteration 389680: max relative diff=0.000010, 3017.68 sec so far
Iteration 390334: max relative diff=0.000010, 3022.68 sec so far
Iteration 390845: max relative diff=0.000010, 3027.69 sec so far
Iteration 391426: max relative diff=0.000010, 3032.69 sec so far
Iteration 392080: max relative diff=0.000010, 3037.69 sec so far
Iteration 392736: max relative diff=0.000010, 3042.70 sec so far
Iteration 393410: max relative diff=0.000010, 3047.71 sec so far
Iteration 394054: max relative diff=0.000010, 3052.71 sec so far
Iteration 394717: max relative diff=0.000010, 3057.71 sec so far
Iteration 395381: max relative diff=0.000010, 3062.72 sec so far
Iteration 396028: max relative diff=0.000010, 3067.72 sec so far
Iteration 396700: max relative diff=0.000010, 3072.72 sec so far
Iteration 397354: max relative diff=0.000010, 3077.73 sec so far
Iteration 398007: max relative diff=0.000010, 3082.73 sec so far
Iteration 398680: max relative diff=0.000010, 3087.74 sec so far
Iteration 399326: max relative diff=0.000010, 3092.74 sec so far
Iteration 399989: max relative diff=0.000010, 3097.75 sec so far
Iteration 400651: max relative diff=0.000010, 3102.75 sec so far
Iteration 401297: max relative diff=0.000009, 3107.76 sec so far
Iteration 401970: max relative diff=0.000009, 3112.76 sec so far
Iteration 402549: max relative diff=0.000009, 3117.77 sec so far
Iteration 403089: max relative diff=0.000009, 3122.77 sec so far
Iteration 403714: max relative diff=0.000009, 3127.77 sec so far
Iteration 404396: max relative diff=0.000009, 3132.78 sec so far
Iteration 405079: max relative diff=0.000009, 3137.78 sec so far
Iteration 405733: max relative diff=0.000009, 3142.79 sec so far
Iteration 406412: max relative diff=0.000009, 3147.80 sec so far
Iteration 407022: max relative diff=0.000009, 3152.80 sec so far
Iteration 407549: max relative diff=0.000009, 3157.80 sec so far
Iteration 408159: max relative diff=0.000009, 3162.81 sec so far
Iteration 408832: max relative diff=0.000009, 3167.82 sec so far
Iteration 409479: max relative diff=0.000009, 3172.82 sec so far
Iteration 410142: max relative diff=0.000009, 3177.83 sec so far
Iteration 410806: max relative diff=0.000009, 3182.83 sec so far
Iteration 411449: max relative diff=0.000009, 3187.83 sec so far
Iteration 412126: max relative diff=0.000009, 3192.84 sec so far
Iteration 412788: max relative diff=0.000009, 3197.84 sec so far
Iteration 413446: max relative diff=0.000009, 3202.84 sec so far
Iteration 413970: max relative diff=0.000008, 3207.85 sec so far
Iteration 414552: max relative diff=0.000008, 3212.86 sec so far
Iteration 415206: max relative diff=0.000008, 3217.86 sec so far
Iteration 415858: max relative diff=0.000008, 3222.86 sec so far
Iteration 416530: max relative diff=0.000008, 3227.87 sec so far
Iteration 417176: max relative diff=0.000008, 3232.88 sec so far
Iteration 417844: max relative diff=0.000008, 3237.88 sec so far
Iteration 418514: max relative diff=0.000008, 3242.89 sec so far
Iteration 419158: max relative diff=0.000008, 3247.90 sec so far
Iteration 419675: max relative diff=0.000008, 3252.90 sec so far
Iteration 420275: max relative diff=0.000008, 3257.91 sec so far
Iteration 420944: max relative diff=0.000008, 3262.91 sec so far
Iteration 421631: max relative diff=0.000008, 3267.91 sec so far
Iteration 422318: max relative diff=0.000008, 3272.92 sec so far
Iteration 423001: max relative diff=0.000008, 3277.92 sec so far
Iteration 423685: max relative diff=0.000008, 3282.93 sec so far
Iteration 424368: max relative diff=0.000008, 3287.94 sec so far
Iteration 424972: max relative diff=0.000008, 3292.94 sec so far
Iteration 425500: max relative diff=0.000008, 3297.94 sec so far
Iteration 426114: max relative diff=0.000008, 3302.95 sec so far
Iteration 426793: max relative diff=0.000008, 3307.95 sec so far
Iteration 427441: max relative diff=0.000008, 3312.95 sec so far
Iteration 428104: max relative diff=0.000008, 3317.95 sec so far
Iteration 428771: max relative diff=0.000007, 3322.96 sec so far
Iteration 429414: max relative diff=0.000007, 3327.96 sec so far
Iteration 430086: max relative diff=0.000007, 3332.97 sec so far
Iteration 430741: max relative diff=0.000007, 3337.97 sec so far
Iteration 431392: max relative diff=0.000007, 3342.97 sec so far
Iteration 432066: max relative diff=0.000007, 3347.98 sec so far
Iteration 432711: max relative diff=0.000007, 3352.99 sec so far
Iteration 433372: max relative diff=0.000007, 3357.99 sec so far
Iteration 434037: max relative diff=0.000007, 3362.99 sec so far
Iteration 434685: max relative diff=0.000007, 3368.00 sec so far
Iteration 435358: max relative diff=0.000007, 3373.00 sec so far
Iteration 436014: max relative diff=0.000007, 3378.00 sec so far
Iteration 436666: max relative diff=0.000007, 3383.00 sec so far
Iteration 437337: max relative diff=0.000007, 3388.01 sec so far
Iteration 437983: max relative diff=0.000007, 3393.01 sec so far
Iteration 438644: max relative diff=0.000007, 3398.01 sec so far
Iteration 439308: max relative diff=0.000007, 3403.02 sec so far
Iteration 439953: max relative diff=0.000007, 3408.02 sec so far
Iteration 440628: max relative diff=0.000007, 3413.03 sec so far
Iteration 441289: max relative diff=0.000007, 3418.03 sec so far
Iteration 441945: max relative diff=0.000007, 3423.03 sec so far
Iteration 442625: max relative diff=0.000007, 3428.04 sec so far
Iteration 443278: max relative diff=0.000007, 3433.05 sec so far
Iteration 443944: max relative diff=0.000007, 3438.05 sec so far
Iteration 444494: max relative diff=0.000007, 3443.06 sec so far
Iteration 445057: max relative diff=0.000006, 3448.07 sec so far
Iteration 445706: max relative diff=0.000006, 3453.07 sec so far
Iteration 446369: max relative diff=0.000006, 3458.08 sec so far
Iteration 447040: max relative diff=0.000006, 3463.09 sec so far
Iteration 447689: max relative diff=0.000006, 3468.09 sec so far
Iteration 448362: max relative diff=0.000006, 3473.09 sec so far
Iteration 449023: max relative diff=0.000006, 3478.09 sec so far
Iteration 449674: max relative diff=0.000006, 3483.10 sec so far
Iteration 450350: max relative diff=0.000006, 3488.10 sec so far
Iteration 451035: max relative diff=0.000006, 3493.11 sec so far
Iteration 451700: max relative diff=0.000006, 3498.11 sec so far
Iteration 452372: max relative diff=0.000006, 3503.11 sec so far
Iteration 453006: max relative diff=0.000006, 3508.12 sec so far
Iteration 453521: max relative diff=0.000006, 3513.12 sec so far
Iteration 454118: max relative diff=0.000006, 3518.12 sec so far
Iteration 454786: max relative diff=0.000006, 3523.13 sec so far
Iteration 455432: max relative diff=0.000006, 3528.13 sec so far
Iteration 456105: max relative diff=0.000006, 3533.14 sec so far
Iteration 456765: max relative diff=0.000006, 3538.14 sec so far
Iteration 457418: max relative diff=0.000006, 3543.14 sec so far
Iteration 457942: max relative diff=0.000006, 3548.15 sec so far
Iteration 458531: max relative diff=0.000006, 3553.15 sec so far
Iteration 459189: max relative diff=0.000006, 3558.16 sec so far
Iteration 459841: max relative diff=0.000006, 3563.16 sec so far
Iteration 460507: max relative diff=0.000006, 3568.16 sec so far
Iteration 461156: max relative diff=0.000006, 3573.17 sec so far
Iteration 461816: max relative diff=0.000006, 3578.18 sec so far
Iteration 462482: max relative diff=0.000006, 3583.18 sec so far
Iteration 463114: max relative diff=0.000006, 3588.19 sec so far
Iteration 463631: max relative diff=0.000006, 3593.20 sec so far
Iteration 464232: max relative diff=0.000006, 3598.20 sec so far
Iteration 464905: max relative diff=0.000005, 3603.20 sec so far
Iteration 465556: max relative diff=0.000005, 3608.21 sec so far
Iteration 466227: max relative diff=0.000005, 3613.21 sec so far
Iteration 466799: max relative diff=0.000005, 3618.22 sec so far
Iteration 467344: max relative diff=0.000005, 3623.22 sec so far
Iteration 467975: max relative diff=0.000005, 3628.22 sec so far
Iteration 468661: max relative diff=0.000005, 3633.23 sec so far
Iteration 469345: max relative diff=0.000005, 3638.23 sec so far
Iteration 469996: max relative diff=0.000005, 3643.24 sec so far
Iteration 470670: max relative diff=0.000005, 3648.24 sec so far
Iteration 471318: max relative diff=0.000005, 3653.25 sec so far
Iteration 471977: max relative diff=0.000005, 3658.25 sec so far
Iteration 472646: max relative diff=0.000005, 3663.25 sec so far
Iteration 473281: max relative diff=0.000005, 3668.25 sec so far
Iteration 473803: max relative diff=0.000005, 3673.25 sec so far
Iteration 474406: max relative diff=0.000005, 3678.25 sec so far
Iteration 475078: max relative diff=0.000005, 3683.26 sec so far
Iteration 475768: max relative diff=0.000005, 3688.26 sec so far
Iteration 476444: max relative diff=0.000005, 3693.26 sec so far
Iteration 477017: max relative diff=0.000005, 3698.27 sec so far
Iteration 477567: max relative diff=0.000005, 3703.27 sec so far
Iteration 478202: max relative diff=0.000005, 3708.28 sec so far
Iteration 478876: max relative diff=0.000005, 3713.28 sec so far
Iteration 479539: max relative diff=0.000005, 3718.29 sec so far
Iteration 480193: max relative diff=0.000005, 3723.29 sec so far
Iteration 480872: max relative diff=0.000005, 3728.30 sec so far
Iteration 481523: max relative diff=0.000005, 3733.30 sec so far
Iteration 482184: max relative diff=0.000005, 3738.31 sec so far
Iteration 482850: max relative diff=0.000005, 3743.31 sec so far
Iteration 483477: max relative diff=0.000005, 3748.31 sec so far
Iteration 484146: max relative diff=0.000005, 3753.31 sec so far
Iteration 484804: max relative diff=0.000005, 3758.32 sec so far
Iteration 485453: max relative diff=0.000005, 3763.32 sec so far
Iteration 485973: max relative diff=0.000005, 3768.32 sec so far
Iteration 486565: max relative diff=0.000005, 3773.32 sec so far
Iteration 487229: max relative diff=0.000005, 3778.33 sec so far
Iteration 487885: max relative diff=0.000005, 3783.33 sec so far
Iteration 488564: max relative diff=0.000004, 3788.34 sec so far
Iteration 489216: max relative diff=0.000004, 3793.34 sec so far
Iteration 489875: max relative diff=0.000004, 3798.35 sec so far
Iteration 490544: max relative diff=0.000004, 3803.35 sec so far
Iteration 491174: max relative diff=0.000004, 3808.36 sec so far
Iteration 491694: max relative diff=0.000004, 3813.36 sec so far
Iteration 492295: max relative diff=0.000004, 3818.36 sec so far
Iteration 492964: max relative diff=0.000004, 3823.37 sec so far
Iteration 493609: max relative diff=0.000004, 3828.37 sec so far
Iteration 494276: max relative diff=0.000004, 3833.37 sec so far
Iteration 494934: max relative diff=0.000004, 3838.37 sec so far
Iteration 495582: max relative diff=0.000004, 3843.38 sec so far
Iteration 496100: max relative diff=0.000004, 3848.39 sec so far
Iteration 496687: max relative diff=0.000004, 3853.39 sec so far
Iteration 497346: max relative diff=0.000004, 3858.39 sec so far
Iteration 498033: max relative diff=0.000004, 3863.40 sec so far
Iteration 498721: max relative diff=0.000004, 3868.40 sec so far
Iteration 499411: max relative diff=0.000004, 3873.41 sec so far
Iteration 500075: max relative diff=0.000004, 3878.41 sec so far
Iteration 500750: max relative diff=0.000004, 3883.41 sec so far
Iteration 501380: max relative diff=0.000004, 3888.42 sec so far
Iteration 501903: max relative diff=0.000004, 3893.43 sec so far
Iteration 502508: max relative diff=0.000004, 3898.43 sec so far
Iteration 503182: max relative diff=0.000004, 3903.43 sec so far
Iteration 503869: max relative diff=0.000004, 3908.43 sec so far
Iteration 504542: max relative diff=0.000004, 3913.44 sec so far
Iteration 505206: max relative diff=0.000004, 3918.44 sec so far
Iteration 505858: max relative diff=0.000004, 3923.44 sec so far
Iteration 506528: max relative diff=0.000004, 3928.44 sec so far
Iteration 507183: max relative diff=0.000004, 3933.45 sec so far
Iteration 507846: max relative diff=0.000004, 3938.45 sec so far
Iteration 508522: max relative diff=0.000004, 3943.46 sec so far
Iteration 509150: max relative diff=0.000004, 3948.47 sec so far
Iteration 509673: max relative diff=0.000004, 3953.47 sec so far
Iteration 510278: max relative diff=0.000004, 3958.48 sec so far
Iteration 510952: max relative diff=0.000004, 3963.48 sec so far
Iteration 511597: max relative diff=0.000004, 3968.49 sec so far
Iteration 512265: max relative diff=0.000004, 3973.49 sec so far
Iteration 512924: max relative diff=0.000004, 3978.50 sec so far
Iteration 513571: max relative diff=0.000004, 3983.50 sec so far
Iteration 514252: max relative diff=0.000004, 3988.51 sec so far
Iteration 514907: max relative diff=0.000004, 3993.52 sec so far
Iteration 515571: max relative diff=0.000004, 3998.52 sec so far
Iteration 516242: max relative diff=0.000004, 4003.53 sec so far
Iteration 516886: max relative diff=0.000004, 4008.53 sec so far
Iteration 517555: max relative diff=0.000003, 4013.54 sec so far
Iteration 518217: max relative diff=0.000003, 4018.54 sec so far
Iteration 518871: max relative diff=0.000003, 4023.55 sec so far
Iteration 519391: max relative diff=0.000003, 4028.55 sec so far
Iteration 519983: max relative diff=0.000003, 4033.55 sec so far
Iteration 520648: max relative diff=0.000003, 4038.56 sec so far
Iteration 521301: max relative diff=0.000003, 4043.56 sec so far
Iteration 521985: max relative diff=0.000003, 4048.57 sec so far
Iteration 522673: max relative diff=0.000003, 4053.58 sec so far
Iteration 523336: max relative diff=0.000003, 4058.58 sec so far
Iteration 524010: max relative diff=0.000003, 4063.59 sec so far
Iteration 524635: max relative diff=0.000003, 4068.59 sec so far
Iteration 525154: max relative diff=0.000003, 4073.59 sec so far
Iteration 525755: max relative diff=0.000003, 4078.60 sec so far
Iteration 526424: max relative diff=0.000003, 4083.61 sec so far
Iteration 527107: max relative diff=0.000003, 4088.61 sec so far
Iteration 527796: max relative diff=0.000003, 4093.62 sec so far
Iteration 528486: max relative diff=0.000003, 4098.62 sec so far
Iteration 529139: max relative diff=0.000003, 4103.62 sec so far
Iteration 529648: max relative diff=0.000003, 4108.62 sec so far
Iteration 530237: max relative diff=0.000003, 4113.62 sec so far
Iteration 530896: max relative diff=0.000003, 4118.63 sec so far
Iteration 531582: max relative diff=0.000003, 4123.64 sec so far
Iteration 532259: max relative diff=0.000003, 4128.65 sec so far
Iteration 532909: max relative diff=0.000003, 4133.65 sec so far
Iteration 533566: max relative diff=0.000003, 4138.65 sec so far
Iteration 534235: max relative diff=0.000003, 4143.66 sec so far
Iteration 534879: max relative diff=0.000003, 4148.67 sec so far
Iteration 535550: max relative diff=0.000003, 4153.67 sec so far
Iteration 536215: max relative diff=0.000003, 4158.68 sec so far
Iteration 536899: max relative diff=0.000003, 4163.69 sec so far
Iteration 537575: max relative diff=0.000003, 4168.69 sec so far
Iteration 538226: max relative diff=0.000003, 4173.69 sec so far
Iteration 538885: max relative diff=0.000003, 4178.69 sec so far
Iteration 539421: max relative diff=0.000003, 4183.70 sec so far
Iteration 539992: max relative diff=0.000003, 4188.71 sec so far
Iteration 540643: max relative diff=0.000003, 4193.71 sec so far
Iteration 541332: max relative diff=0.000003, 4198.72 sec so far
Iteration 542021: max relative diff=0.000003, 4203.73 sec so far
Iteration 542705: max relative diff=0.000003, 4208.73 sec so far
Iteration 543371: max relative diff=0.000003, 4213.74 sec so far
Iteration 544031: max relative diff=0.000003, 4218.74 sec so far
Iteration 544678: max relative diff=0.000003, 4223.74 sec so far
Iteration 545194: max relative diff=0.000003, 4228.75 sec so far
Iteration 545783: max relative diff=0.000003, 4233.76 sec so far
Iteration 546444: max relative diff=0.000003, 4238.76 sec so far
Iteration 547097: max relative diff=0.000003, 4243.77 sec so far
Iteration 547775: max relative diff=0.000003, 4248.77 sec so far
Iteration 548430: max relative diff=0.000003, 4253.77 sec so far
Iteration 549091: max relative diff=0.000003, 4258.78 sec so far
Iteration 549766: max relative diff=0.000003, 4263.78 sec so far
Iteration 550414: max relative diff=0.000003, 4268.78 sec so far
Iteration 551080: max relative diff=0.000003, 4273.79 sec so far
Iteration 551642: max relative diff=0.000003, 4278.80 sec so far
Iteration 552192: max relative diff=0.000003, 4283.80 sec so far
Iteration 552827: max relative diff=0.000003, 4288.81 sec so far
Iteration 553498: max relative diff=0.000003, 4293.81 sec so far
Iteration 554161: max relative diff=0.000003, 4298.82 sec so far
Iteration 554812: max relative diff=0.000003, 4303.82 sec so far
Iteration 555491: max relative diff=0.000003, 4308.83 sec so far
Iteration 556147: max relative diff=0.000003, 4313.84 sec so far
Iteration 556804: max relative diff=0.000003, 4318.85 sec so far
Iteration 557480: max relative diff=0.000002, 4323.85 sec so far
Iteration 558128: max relative diff=0.000002, 4328.85 sec so far
Iteration 558797: max relative diff=0.000002, 4333.86 sec so far
Iteration 559459: max relative diff=0.000002, 4338.86 sec so far
Iteration 560105: max relative diff=0.000002, 4343.87 sec so far
Iteration 560777: max relative diff=0.000002, 4348.88 sec so far
Iteration 561427: max relative diff=0.000002, 4353.88 sec so far
Iteration 562088: max relative diff=0.000002, 4358.89 sec so far
Iteration 562624: max relative diff=0.000002, 4363.90 sec so far
Iteration 563204: max relative diff=0.000002, 4368.90 sec so far
Iteration 563862: max relative diff=0.000002, 4373.91 sec so far
Iteration 564524: max relative diff=0.000002, 4378.91 sec so far
Iteration 565060: max relative diff=0.000002, 4383.92 sec so far
Iteration 565639: max relative diff=0.000002, 4388.93 sec so far
Iteration 566293: max relative diff=0.000002, 4393.93 sec so far
Iteration 566975: max relative diff=0.000002, 4398.93 sec so far
Iteration 567656: max relative diff=0.000002, 4403.94 sec so far
Iteration 568342: max relative diff=0.000002, 4408.94 sec so far
Iteration 569008: max relative diff=0.000002, 4413.94 sec so far
Iteration 569670: max relative diff=0.000002, 4418.94 sec so far
Iteration 570315: max relative diff=0.000002, 4423.95 sec so far
Iteration 570987: max relative diff=0.000002, 4428.95 sec so far
Iteration 571638: max relative diff=0.000002, 4433.96 sec so far
Iteration 572294: max relative diff=0.000002, 4438.97 sec so far
Iteration 572969: max relative diff=0.000002, 4443.97 sec so far
Iteration 573614: max relative diff=0.000002, 4448.98 sec so far
Iteration 574280: max relative diff=0.000002, 4453.98 sec so far
Iteration 574837: max relative diff=0.000002, 4458.99 sec so far
Iteration 575389: max relative diff=0.000002, 4464.00 sec so far
Iteration 576024: max relative diff=0.000002, 4469.00 sec so far
Iteration 576689: max relative diff=0.000002, 4474.01 sec so far
Iteration 577349: max relative diff=0.000002, 4479.01 sec so far
Iteration 577996: max relative diff=0.000002, 4484.01 sec so far
Iteration 578672: max relative diff=0.000002, 4489.02 sec so far
Iteration 579255: max relative diff=0.000002, 4494.02 sec so far
Iteration 579793: max relative diff=0.000002, 4499.02 sec so far
Iteration 580414: max relative diff=0.000002, 4504.03 sec so far
Iteration 581087: max relative diff=0.000002, 4509.03 sec so far
Iteration 581740: max relative diff=0.000002, 4514.03 sec so far
Iteration 582397: max relative diff=0.000002, 4519.04 sec so far
Iteration 583069: max relative diff=0.000002, 4524.04 sec so far
Iteration 583679: max relative diff=0.000002, 4529.05 sec so far
Iteration 584203: max relative diff=0.000002, 4534.05 sec so far
Iteration 584812: max relative diff=0.000002, 4539.05 sec so far
Iteration 585485: max relative diff=0.000002, 4544.06 sec so far
Iteration 586128: max relative diff=0.000002, 4549.06 sec so far
Iteration 586791: max relative diff=0.000002, 4554.06 sec so far
Iteration 587454: max relative diff=0.000002, 4559.06 sec so far
Iteration 588100: max relative diff=0.000002, 4564.07 sec so far
Iteration 588613: max relative diff=0.000002, 4569.07 sec so far
Iteration 589206: max relative diff=0.000002, 4574.07 sec so far
Iteration 589869: max relative diff=0.000002, 4579.08 sec so far
Iteration 590554: max relative diff=0.000002, 4584.09 sec so far
Iteration 591230: max relative diff=0.000002, 4589.10 sec so far
Iteration 591815: max relative diff=0.000002, 4594.10 sec so far
Iteration 592356: max relative diff=0.000002, 4599.11 sec so far
Iteration 592978: max relative diff=0.000002, 4604.11 sec so far
Iteration 593665: max relative diff=0.000002, 4609.12 sec so far
Iteration 594354: max relative diff=0.000002, 4614.12 sec so far
Iteration 595012: max relative diff=0.000002, 4619.13 sec so far
Iteration 595542: max relative diff=0.000002, 4624.13 sec so far
Iteration 596126: max relative diff=0.000002, 4629.13 sec so far
Iteration 596786: max relative diff=0.000002, 4634.14 sec so far
Iteration 597446: max relative diff=0.000002, 4639.15 sec so far
Iteration 598125: max relative diff=0.000002, 4644.15 sec so far
Iteration 598764: max relative diff=0.000002, 4649.15 sec so far
Iteration 599433: max relative diff=0.000002, 4654.16 sec so far
Iteration 600102: max relative diff=0.000002, 4659.16 sec so far
Iteration 600751: max relative diff=0.000002, 4664.16 sec so far
Iteration 601430: max relative diff=0.000002, 4669.17 sec so far
Iteration 602014: max relative diff=0.000002, 4674.17 sec so far
Iteration 602558: max relative diff=0.000002, 4679.18 sec so far
Iteration 603179: max relative diff=0.000002, 4684.19 sec so far
Iteration 603852: max relative diff=0.000002, 4689.19 sec so far
Iteration 604511: max relative diff=0.000002, 4694.20 sec so far
Iteration 605168: max relative diff=0.000002, 4699.20 sec so far
Iteration 605842: max relative diff=0.000002, 4704.21 sec so far
Iteration 606489: max relative diff=0.000002, 4709.21 sec so far
Iteration 607158: max relative diff=0.000002, 4714.22 sec so far
Iteration 607829: max relative diff=0.000002, 4719.22 sec so far
Iteration 608478: max relative diff=0.000002, 4724.23 sec so far
Iteration 609152: max relative diff=0.000002, 4729.23 sec so far
Iteration 609806: max relative diff=0.000002, 4734.23 sec so far
Iteration 610460: max relative diff=0.000002, 4739.23 sec so far
Iteration 611133: max relative diff=0.000002, 4744.23 sec so far
Iteration 611778: max relative diff=0.000002, 4749.24 sec so far
Iteration 612441: max relative diff=0.000002, 4754.24 sec so far
Iteration 612994: max relative diff=0.000002, 4759.25 sec so far
Iteration 613549: max relative diff=0.000002, 4764.26 sec so far
Iteration 614193: max relative diff=0.000002, 4769.26 sec so far
Iteration 614877: max relative diff=0.000002, 4774.27 sec so far
Iteration 615561: max relative diff=0.000002, 4779.28 sec so far
Iteration 616205: max relative diff=0.000002, 4784.29 sec so far
Iteration 616879: max relative diff=0.000001, 4789.29 sec so far
Iteration 617536: max relative diff=0.000001, 4794.30 sec so far
Iteration 618190: max relative diff=0.000001, 4799.30 sec so far
Iteration 618716: max relative diff=0.000001, 4804.30 sec so far
Iteration 619300: max relative diff=0.000001, 4809.31 sec so far
Iteration 619959: max relative diff=0.000001, 4814.31 sec so far
Iteration 620644: max relative diff=0.000001, 4819.31 sec so far
Iteration 621328: max relative diff=0.000001, 4824.32 sec so far
Iteration 621955: max relative diff=0.000001, 4829.33 sec so far
Iteration 622619: max relative diff=0.000001, 4834.33 sec so far
Iteration 623285: max relative diff=0.000001, 4839.34 sec so far
Iteration 623929: max relative diff=0.000001, 4844.35 sec so far
Iteration 624603: max relative diff=0.000001, 4849.35 sec so far
Iteration 625257: max relative diff=0.000001, 4854.36 sec so far
Iteration 625910: max relative diff=0.000001, 4859.36 sec so far
Iteration 626582: max relative diff=0.000001, 4864.37 sec so far
Iteration 627227: max relative diff=0.000001, 4869.37 sec so far
Iteration 627895: max relative diff=0.000001, 4874.38 sec so far
Iteration 628562: max relative diff=0.000001, 4879.38 sec so far
Iteration 629205: max relative diff=0.000001, 4884.38 sec so far
Iteration 629878: max relative diff=0.000001, 4889.39 sec so far
Iteration 630453: max relative diff=0.000001, 4894.39 sec so far
Iteration 630996: max relative diff=0.000001, 4899.39 sec so far
Iteration 631627: max relative diff=0.000001, 4904.40 sec so far
Iteration 632304: max relative diff=0.000001, 4909.40 sec so far
Iteration 632966: max relative diff=0.000001, 4914.40 sec so far
Iteration 633624: max relative diff=0.000001, 4919.41 sec so far
Iteration 634148: max relative diff=0.000001, 4924.41 sec so far
Iteration 634734: max relative diff=0.000001, 4929.42 sec so far
Iteration 635396: max relative diff=0.000001, 4934.42 sec so far
Iteration 636054: max relative diff=0.000001, 4939.43 sec so far
Iteration 636733: max relative diff=0.000001, 4944.43 sec so far
Iteration 637383: max relative diff=0.000001, 4949.43 sec so far
Iteration 638045: max relative diff=0.000001, 4954.43 sec so far
Iteration 638710: max relative diff=0.000001, 4959.44 sec so far
Iteration 639358: max relative diff=0.000001, 4964.44 sec so far
Iteration 640030: max relative diff=0.000001, 4969.44 sec so far
Iteration 640652: max relative diff=0.000001, 4974.45 sec so far
Iteration 641317: max relative diff=0.000001, 4979.46 sec so far
Iteration 641942: max relative diff=0.000001, 4984.46 sec so far
Iteration 642535: max relative diff=0.000001, 4989.47 sec so far
Iteration 643184: max relative diff=0.000001, 4994.48 sec so far
Iteration 643802: max relative diff=0.000001, 4999.48 sec so far
Iteration 644461: max relative diff=0.000001, 5004.48 sec so far
Iteration 645006: max relative diff=0.000001, 5009.49 sec so far
Iteration 645529: max relative diff=0.000001, 5014.49 sec so far
Iteration 646121: max relative diff=0.000001, 5019.50 sec so far
Iteration 646777: max relative diff=0.000001, 5024.51 sec so far
Iteration 647410: max relative diff=0.000001, 5029.51 sec so far
Iteration 648046: max relative diff=0.000001, 5034.52 sec so far
Iteration 648691: max relative diff=0.000001, 5039.52 sec so far
Iteration 649319: max relative diff=0.000001, 5044.52 sec so far
Iteration 649992: max relative diff=0.000001, 5049.53 sec so far
Iteration 650654: max relative diff=0.000001, 5054.53 sec so far
Iteration 651308: max relative diff=0.000001, 5059.54 sec so far
Iteration 651982: max relative diff=0.000001, 5064.55 sec so far
Iteration 652633: max relative diff=0.000001, 5069.55 sec so far
Iteration 653294: max relative diff=0.000001, 5074.55 sec so far
Iteration 653838: max relative diff=0.000001, 5079.56 sec so far
Iteration 654401: max relative diff=0.000001, 5084.56 sec so far
Iteration 655049: max relative diff=0.000001, 5089.57 sec so far
Iteration 655710: max relative diff=0.000001, 5094.57 sec so far
Iteration 656254: max relative diff=0.000001, 5099.58 sec so far
Iteration 656822: max relative diff=0.000001, 5104.58 sec so far
Iteration 657476: max relative diff=0.000001, 5109.58 sec so far
Iteration 658143: max relative diff=0.000001, 5114.59 sec so far
Iteration 658813: max relative diff=0.000001, 5119.59 sec so far
Iteration 659461: max relative diff=0.000001, 5124.60 sec so far
Iteration 660132: max relative diff=0.000001, 5129.61 sec so far
Iteration 660701: max relative diff=0.000001, 5134.61 sec so far
Iteration 661250: max relative diff=0.000001, 5139.61 sec so far
Iteration 661886: max relative diff=0.000001, 5144.61 sec so far
Iteration 662562: max relative diff=0.000001, 5149.62 sec so far

Iterative method: 662865 iterations in 5152.26 seconds (average 0.007772, setup 0.27)

Value in the initial state: 0.012268185809697855

Time for model checking: 5156.654 seconds.

Result: 0.012268185809697855 (value in the initial state)

