PRISM
=====

Version: 4.6
Date: Sat May 07 18:53:19 IRDT 2022
Hostname: sadegh-H81M-S2PH
Memory limits: cudd=1g, java(heap)=910.5m
Command line: prism ../prism-examples/mdps/wlan/wlan5.nm ../prism-examples/mdps/wlan/wlan.pctl -s -prop 2 -noprob1 -const 'k=5,TRANS_TIME_MAX=1000' -mod4

Parsing model file "../prism-examples/mdps/wlan/wlan5.nm"...

Type:        MDP
Modules:     medium station1 station2 
Variables:   c1 c2 x1 s1 slot1 backoff1 bc1 x2 s2 slot2 backoff2 bc2 

Parsing properties file "../prism-examples/mdps/wlan/wlan.pctl"...

9 properties:
(1) P>=1 [ true U s1=12&s2=12 ]
(2) Pmax=? [ true U bc1=k|bc2=k ]
(3) R{"collisions"}max=? [ F s1=12&s2=12 ]
(4) R{"time"}max=? [ F s1=12&s2=12 ]
(5) R{"time"}max=? [ F s1=12|s2=12 ]
(6) R{"time"}max=? [ F s1=12 ]
(7) R{"cost"}max=? [ F s1=12&s2=12 ]
(8) R{"cost"}max=? [ F s1=12|s2=12 ]
(9) R{"cost"}max=? [ F s1=12 ]

---------------------------------------------------------------------

Model checking: Pmax=? [ true U bc1=k|bc2=k ]
Model constants: TRANS_TIME_MAX=1000
Property constants: k=5

Building model...
Model constants: TRANS_TIME_MAX=1000

Computing reachable states...

Reachability (BFS): 1156 iterations in 21.80 seconds (average 0.018862, setup 0.00)

Time for model construction: 24.936 seconds.

Type:        MDP
States:      2849518 (1 initial)
Transitions: 6056380
Choices:     4772494

Transition matrix: 228451 nodes (7 terminal), 6056380 minterms, vars: 56r/56c/7nd

Prob0A: 399 iterations in 12.13 seconds (average 0.030414, setup 0.00)

yes = 2203592, no = 598967, maybe = 46959

Computing remaining probabilities...
Engine: Sparse

Building sparse matrix... [n=2849518, nc=100117, nnz=128331, k=3] [4.3 MB]
Creating vector for yes... [21.7 MB]
Allocating iteration vectors... [2 x 21.7 MB]
TOTAL: [69.5 MB]

Starting iterations...
Number of approximated usefull states: 7281 
Iterative method: 317 iterations in 0.90 seconds (average 0.000599, setup 0.71)

Value in the initial state: 1.8566655967333645E-5

Time for model checking: 13.175 seconds.

Result: 1.8566655967333645E-5 (value in the initial state)

