PRISM
=====

Version: 4.6
Date: Sat May 07 15:19:42 IRDT 2022
Hostname: sadegh-H81M-S2PH
Memory limits: cudd=1g, java(heap)=910.5m
Command line: prism ../prism-examples/mdps/wlan/wlan5.nm ../prism-examples/mdps/wlan/wlan.pctl -s -prop 2 -noprob1 -const 'k=5,TRANS_TIME_MAX=3500'

Parsing model file "../prism-examples/mdps/wlan/wlan5.nm"...

Type:        MDP
Modules:     medium station1 station2 
Variables:   c1 c2 x1 s1 slot1 backoff1 bc1 x2 s2 slot2 backoff2 bc2 

Parsing properties file "../prism-examples/mdps/wlan/wlan.pctl"...

9 properties:
(1) P>=1 [ true U s1=12&s2=12 ]
(2) Pmax=? [ true U bc1=k|bc2=k ]
(3) R{"collisions"}max=? [ F s1=12&s2=12 ]
(4) R{"time"}max=? [ F s1=12&s2=12 ]
(5) R{"time"}max=? [ F s1=12|s2=12 ]
(6) R{"time"}max=? [ F s1=12 ]
(7) R{"cost"}max=? [ F s1=12&s2=12 ]
(8) R{"cost"}max=? [ F s1=12|s2=12 ]
(9) R{"cost"}max=? [ F s1=12 ]

---------------------------------------------------------------------

Model checking: Pmax=? [ true U bc1=k|bc2=k ]
Model constants: TRANS_TIME_MAX=3500
Property constants: k=5

Building model...
Model constants: TRANS_TIME_MAX=3500

Computing reachable states...

Reachability (BFS): 3656 iterations in 203.21 seconds (average 0.055582, setup 0.00)

Time for model construction: 255.842 seconds.

Type:        MDP
States:      6774518 (1 initial)
Transitions: 13951380
Choices:     12667494

Transition matrix: 765247 nodes (7 terminal), 13951380 minterms, vars: 60r/60c/7nd

Prob0A: 399 iterations in 37.58 seconds (average 0.094183, setup 0.00)

yes = 4796092, no = 1843967, maybe = 134459

Computing remaining probabilities...
Engine: Sparse
1
Building sparse matrix... [n=6774518, nc=312617, nnz=340831, k=3] [10.7 MB]
Creating vector for yes... [51.7 MB]
Allocating iteration vectors... [2 x 51.7 MB]
TOTAL: [165.7 MB]

Starting iterations...
Iteration 152: max relative diff=1.000000, 5.02 sec so far
Iteration 303: max relative diff=1.000000, 10.05 sec so far
Iteration 454: max relative diff=0.008772, 15.07 sec so far
Iteration 606: max relative diff=0.005291, 20.08 sec so far
Iteration 758: max relative diff=0.000210, 25.10 sec so far

Iterative method: 816 iterations in 29.30 seconds (average 0.033093, setup 2.29)

Value in the initial state: 1.8566606684089493E-5

Time for model checking: 67.355 seconds.

Result: 1.8566606684089493E-5 (value in the initial state)

