PRISM
=====

Version: 4.6
Date: Sun May 01 20:06:05 IRDT 2022
Hostname: sadegh-H81M-S2PH
Memory limits: cudd=1g, java(heap)=910.5m
Command line: prism ../prism-examples/mdps/wlan/wlan5.nm ../prism-examples/mdps/wlan/wlan.pctl -s -prop 2 -noprob1 -const 'k=5,TRANS_TIME_MAX=1000'

Parsing model file "../prism-examples/mdps/wlan/wlan5.nm"...

Type:        MDP
Modules:     medium station1 station2 
Variables:   c1 c2 x1 s1 slot1 backoff1 bc1 x2 s2 slot2 backoff2 bc2 

Parsing properties file "../prism-examples/mdps/wlan/wlan.pctl"...

9 properties:
(1) P>=1 [ true U s1=12&s2=12 ]
(2) Pmax=? [ true U bc1=k|bc2=k ]
(3) R{"collisions"}max=? [ F s1=12&s2=12 ]
(4) R{"time"}max=? [ F s1=12&s2=12 ]
(5) R{"time"}max=? [ F s1=12|s2=12 ]
(6) R{"time"}max=? [ F s1=12 ]
(7) R{"cost"}max=? [ F s1=12&s2=12 ]
(8) R{"cost"}max=? [ F s1=12|s2=12 ]
(9) R{"cost"}max=? [ F s1=12 ]

---------------------------------------------------------------------

Model checking: Pmax=? [ true U bc1=k|bc2=k ]
Model constants: TRANS_TIME_MAX=1000
Property constants: k=5

Building model...
Model constants: TRANS_TIME_MAX=1000

Computing reachable states...

Reachability (BFS): 1156 iterations in 21.44 seconds (average 0.018548, setup 0.00)

Time for model construction: 24.503 seconds.

Type:        MDP
States:      2849518 (1 initial)
Transitions: 6056380
Choices:     4772494

Transition matrix: 228451 nodes (7 terminal), 6056380 minterms, vars: 56r/56c/7nd

Prob0A: 399 iterations in 12.16 seconds (average 0.030474, setup 0.00)

yes = 2203592, no = 598967, maybe = 46959

Computing remaining probabilities...
Engine: Sparse
1
Building sparse matrix... [n=2849518, nc=100117, nnz=128331, k=3] [4.3 MB]
Creating vector for yes... [21.7 MB]
Allocating iteration vectors... [2 x 21.7 MB]
TOTAL: [69.5 MB]

Starting iterations...
Iteration 352: max relative diff=1.000000, 5.01 sec so far
Iteration 707: max relative diff=0.000874, 10.03 sec so far

Iterative method: 816 iterations in 12.24 seconds (average 0.014129, setup 0.71)

Value in the initial state: 1.8566606684089493E-5

Time for model checking: 24.54 seconds.

Result: 1.8566606684089493E-5 (value in the initial state)

